-----------------------------------------------------------------------------

Input image     : ./stamps/JADES-3184_F115W_sci.2as.fits[1:98,1:98] 
Init. par. file : JADES-3184.F115W_single.run.galfit 
Restart file    : galfit.01 
Output image    : ./JADES-3184.F115W_single.fit.fits 

 sersic    : (   44.32,    47.77)   25.00     14.49    3.79    0.24   -63.68
             (    0.04,     0.02)    0.04      0.99    0.19    0.01     0.49
 Chi^2 = 4927.90401,  ndof = 9452
 Chi^2/nu = 0.521 

-----------------------------------------------------------------------------
-----------------------------------------------------------------------------

Input image     : ./stamps/JADES-3184_F115W_sci.2as.fits[1:98,1:98] 
Init. par. file : JADES-3184.F115W_single.run.galfit 
Restart file    : galfit.02 
Output image    : ./JADES-3184.F115W_single.fit.fits 

 sersic    : (   44.51,    47.50)   26.77     *0.02*   8.00   *0.08*  -20.37
             (    0.94,     1.07)   23.95     *1.64* 207.15   *2.41*   87.39
 sersic    : (   44.80,    48.16)   25.73      8.91    0.46    0.25   -64.24
             (    0.06,     0.03)    0.01      0.13    0.03    0.01     0.26
 sersic    : (   50.66,    57.73)   27.47     10.79  *19.86*   0.88   -52.07
             (    0.21,     0.24)    2.06     72.21  *45.28*   0.35   103.63
 sersic    : (   59.80,    57.93)   27.39      5.44    2.33    0.62    71.91
             (    0.17,     0.11)    0.31      2.31    0.90    0.07     8.50
 sersic    : (   60.68,    50.88)   27.13      6.92    1.19    0.86    -6.41
             (    0.19,     0.46)    0.20      0.97    0.21    0.09    33.26
 Chi^2 = 4292.69562,  ndof = 9424
 Chi^2/nu = 0.456 

-----------------------------------------------------------------------------
-----------------------------------------------------------------------------

Input image     : ./stamps/JADES-3184_F115W_sci.2as.fits[1:98,1:98] 
Init. par. file : JADES-3184.F115W_single.run.galfit 
Restart file    : galfit.03 
Output image    : ./JADES-3184.F115W_single.fit.fits 

 sersic    : (   44.14,    47.68)   25.69      5.78    3.75    0.32   -60.32
             (    0.03,     0.02)    0.04      0.35    0.19    0.01     1.10
 sersic    : (   54.18,    53.10)   27.63      7.09    3.59   *0.05*  -77.02
             (    0.65,     0.22)    0.20      2.72    1.34   *0.02*    1.75
 sersic    : (   50.64,    57.69)   28.27      1.21    2.16    0.75    89.69
             (    0.11,     0.13)    0.15      0.26    1.78    0.17    35.19
 sersic    : (   59.63,    57.82)   27.41      3.83    1.65    0.75   -71.57
             (    0.10,     0.10)    0.13      0.69    0.40    0.07    16.72
 sersic    : (   50.32,    48.37)   26.80     16.78   *0.04*   0.12   -76.95
             (    0.34,     0.09)    0.03      8.71   *0.05*   0.01     0.48
 Chi^2 = 3979.42340,  ndof = 9424
 Chi^2/nu = 0.422 

-----------------------------------------------------------------------------
