-----------------------------------------------------------------------------

Input image     : ./stamps/JADES-7762_F115W_sci.2as.fits[1:98,1:98] 
Init. par. file : JADES-7762.F115W_single.run.galfit 
Restart file    : galfit.01 
Output image    : ./JADES-7762.F115W_single.fit.fits 

 sersic    : (   52.32,    50.14)   25.70      5.75    0.67    0.48    89.51
             (    0.06,     0.03)    0.01      0.09    0.03    0.01     0.81
 Chi^2 = 4497.68429,  ndof = 9568
 Chi^2/nu = 0.470 

-----------------------------------------------------------------------------
-----------------------------------------------------------------------------

Input image     : ./stamps/JADES-7762_F115W_sci.2as.fits[1:98,1:98] 
Init. par. file : JADES-7762.F115W_single.run.galfit 
Restart file    : galfit.02 
Output image    : ./JADES-7762.F115W_single.fit.fits 

 sersic    : (   52.32,    50.14)   25.70      5.75    0.67    0.48    89.51
             (    0.06,     0.03)    0.01      0.09    0.03    0.01     0.81
 Chi^2 = 4497.67769,  ndof = 9568
 Chi^2/nu = 0.470 

-----------------------------------------------------------------------------
-----------------------------------------------------------------------------

Input image     : ./stamps/JADES-7762_F115W_sci.2as.fits[1:98,1:98] 
Init. par. file : JADES-7762.F115W_single.run.galfit 
Restart file    : galfit.03 
Output image    : ./JADES-7762.F115W_single.fit.fits 

 sersic    : (   52.34,    50.14)   25.70      5.76    0.67    0.48    89.50
             (    0.06,     0.03)    0.01      0.09    0.03    0.01     0.81
 Chi^2 = 4497.57703,  ndof = 9568
 Chi^2/nu = 0.470 

-----------------------------------------------------------------------------
-----------------------------------------------------------------------------

Input image     : ./stamps/JADES-7762_F115W_sci.2as.fits[1:98,1:98] 
Init. par. file : JADES-7762.F115W_single.run.galfit 
Restart file    : galfit.04 
Output image    : ./JADES-7762.F115W_single.fit.fits 

 sersic    : (   52.34,    50.14)   25.70      5.76    0.67    0.48    89.50
             (    0.06,     0.03)    0.01      0.09    0.03    0.01     0.81
 Chi^2 = 4497.57703,  ndof = 9568
 Chi^2/nu = 0.470 

-----------------------------------------------------------------------------
-----------------------------------------------------------------------------

Input image     : ./stamps/JADES-7762_F115W_sci.2as.fits[1:98,1:98] 
Init. par. file : JADES-7762.F115W_single.run.galfit 
Restart file    : galfit.05 
Output image    : ./JADES-7762.F115W_single.fit.fits 

 sersic    : (   52.34,    50.14)   25.70      5.76    0.67    0.48    89.50
             (    0.06,     0.03)    0.01      0.09    0.03    0.01     0.81
 Chi^2 = 4497.57703,  ndof = 9568
 Chi^2/nu = 0.470 

-----------------------------------------------------------------------------
-----------------------------------------------------------------------------

Input image     : ./stamps/JADES-7762_F115W_sci.2as.fits[1:98,1:98] 
Init. par. file : JADES-7762.F115W_single.run.galfit 
Restart file    : galfit.06 
Output image    : ./JADES-7762.F115W_single.fit.fits 

 sersic    : (   55.03,    49.68)   27.25      1.66    0.34    0.53   -87.87
             (    0.04,     0.03)    0.04      0.05    0.21    0.04     3.54
 sersic    : (   49.77,    50.49)   25.93      5.92    0.66    0.64   -78.91
             (    0.09,     0.05)    0.01      0.09    0.02    0.01     2.31
 Chi^2 = 3937.82101,  ndof = 9561
 Chi^2/nu = 0.412 

-----------------------------------------------------------------------------
