-----------------------------------------------------------------------------

Input image     : JADES-3892_F115W_sci.2as.fits[1:100,1:100] 
Init. par. file : sample_param.galfit 
Restart file    : galfit.01 
Output image    : JADES-3892_F115W_fit.fits 

 sersic    : (   48.53,    51.31)   25.60      2.87    2.45    0.51    85.82
             (    0.27,     0.22)    0.07      0.45    0.80    0.12    10.24
 sky       : [ 50.50,  50.50]  4.87e-04  [0.00e+00]  [0.00e+00]
                                2.50e-05  [0.00e+00]  [0.00e+00]
 Chi^2 = 4406.06272,  ndof = 9096
 Chi^2/nu = 0.484 

-----------------------------------------------------------------------------
-----------------------------------------------------------------------------

Input image     : JADES-3892_F115W_sci.2as.fits[1:100,1:100] 
Init. par. file : sample_param.galfit 
Restart file    : galfit.02 
Output image    : JADES-3892_F115W_fit.fits 

 sersic    : (  [50.00],  [50.00]) [28.60]    [3.00]  [4.00]  *0.04*    5.65
             (   [0.00],   [0.00])  [0.00]    [0.00]  [0.00]  *0.21*    6.33
 sky       : [ 50.50,  50.50]  5.65e-04  [0.00e+00]  [0.00e+00]
                                2.56e-05  [0.00e+00]  [0.00e+00]
 Chi^2 = 4619.89344,  ndof = 9101
 Chi^2/nu = 0.508 

-----------------------------------------------------------------------------
-----------------------------------------------------------------------------

Input image     : JADES-3892_F115W_sci.2as.fits[1:100,1:100] 
Init. par. file : sample_param.galfit 
Restart file    : galfit.03 
Output image    : JADES-3892_F115W_fit.fits 

 sersic    : (  [50.00],  [50.00]) [28.60]   [12.00]  [4.00]   0.32  [-30.00]
             (   [0.00],   [0.00])  [0.00]    [0.00]  [0.00]   0.30    [0.00]
 sky       : [ 50.50,  50.50]  5.34e-04  [0.00e+00]  [0.00e+00]
                                2.56e-05  [0.00e+00]  [0.00e+00]
 Chi^2 = 4623.96092,  ndof = 9102
 Chi^2/nu = 0.508 

-----------------------------------------------------------------------------
-----------------------------------------------------------------------------

Input image     : JADES-3892_F115W_sci.2as.fits[1:100,1:100] 
Init. par. file : sample_param.galfit 
Restart file    : galfit.04 
Output image    : JADES-3892_F115W_fit.fits 

 sersic    : (  [50.00],  [50.00]) [28.60]   [12.00]  [4.00]  *0.04*  [30.00]
             (   [0.00],   [0.00])  [0.00]    [0.00]  [0.00]  *0.06*   [0.00]
 sky       : [ 50.50,  50.50]  5.46e-04  [0.00e+00]  [0.00e+00]
                                2.56e-05  [0.00e+00]  [0.00e+00]
 Chi^2 = 4623.26250,  ndof = 9102
 Chi^2/nu = 0.508 

-----------------------------------------------------------------------------
-----------------------------------------------------------------------------

Input image     : JADES-3892_F115W_sci.2as.fits[1:100,1:100] 
Init. par. file : sample_param.galfit 
Restart file    : galfit.05 
Output image    : JADES-3892_F115W_fit.fits 

 sersic    : (  [50.00],  [50.00]) [28.60]   [12.00]  [4.00]  *0.05*  [40.00]
             (   [0.00],   [0.00])  [0.00]    [0.00]  [0.00]  *0.06*   [0.00]
 sky       : [ 50.50,  50.50]  5.45e-04  [0.00e+00]  [0.00e+00]
                                2.56e-05  [0.00e+00]  [0.00e+00]
 Chi^2 = 4626.87709,  ndof = 9102
 Chi^2/nu = 0.508 

-----------------------------------------------------------------------------
-----------------------------------------------------------------------------

Input image     : JADES-3892_F115W_sci.2as.fits[1:100,1:100] 
Init. par. file : sample_param.galfit 
Restart file    : galfit.06 
Output image    : JADES-3892_F115W_fit.fits 

 sersic    : (  [50.00],  [50.00]) [28.60]   [12.00]  [4.00]   0.53   [50.00]
             (   [0.00],   [0.00])  [0.00]    [0.00]  [0.00]   0.77    [0.00]
 sky       : [ 50.50,  50.50]  5.40e-04  [0.00e+00]  [0.00e+00]
                                2.56e-05  [0.00e+00]  [0.00e+00]
 Chi^2 = 4625.08843,  ndof = 9102
 Chi^2/nu = 0.508 

-----------------------------------------------------------------------------
-----------------------------------------------------------------------------

Input image     : JADES-3892_F115W_sci.2as.fits[1:100,1:100] 
Init. par. file : sample_param.galfit 
Restart file    : galfit.07 
Output image    : JADES-3892_F115W_fit.fits 

 sersic    : (  [50.00],  [50.00]) [22.60]   [12.00]  [4.00]   0.68   [50.00]
             (   [0.00],   [0.00])  [0.00]    [0.00]  [0.00]   0.01    [0.00]
 sky       : [ 50.50,  50.50]  -4.63e-03  [0.00e+00]  [0.00e+00]
                                5.28e-05  [0.00e+00]  [0.00e+00]
 Chi^2 = 19636.06097,  ndof = 9102
 Chi^2/nu = 2.157 

-----------------------------------------------------------------------------
-----------------------------------------------------------------------------

Input image     : JADES-3892_F115W_sci.2as.fits[1:100,1:100] 
Init. par. file : sample_param.galfit 
Restart file    : galfit.08 
Output image    : JADES-3892_F115W_fit.fits 

 sersic    : (  [50.00],  [50.00]) [24.60]   [12.00]  [4.00]   0.67   [50.00]
             (   [0.00],   [0.00])  [0.00]    [0.00]  [0.00]   0.02    [0.00]
 sky       : [ 50.50,  50.50]  -2.53e-04  [0.00e+00]  [0.00e+00]
                                2.54e-05  [0.00e+00]  [0.00e+00]
 Chi^2 = 4561.32999,  ndof = 9102
 Chi^2/nu = 0.501 

-----------------------------------------------------------------------------
-----------------------------------------------------------------------------

Input image     : JADES-3892_F115W_sci.2as.fits[1:100,1:100] 
Init. par. file : sample_param.galfit 
Restart file    : galfit.09 
Output image    : JADES-3892_F115W_fit.fits 

 sersic    : (  [50.00],  [50.00]) [24.60]   [10.00]  [4.00]   0.64   [50.00]
             (   [0.00],   [0.00])  [0.00]    [0.00]  [0.00]   0.02    [0.00]
 sky       : [ 50.50,  50.50]  -1.51e-04  [0.00e+00]  [0.00e+00]
                                2.54e-05  [0.00e+00]  [0.00e+00]
 Chi^2 = 4532.19697,  ndof = 9102
 Chi^2/nu = 0.498 

-----------------------------------------------------------------------------
-----------------------------------------------------------------------------

Input image     : JADES-3892_F115W_sci.2as.fits[1:100,1:100] 
Init. par. file : sample_param.galfit 
Restart file    : galfit.10 
Output image    : JADES-3892_F115W_fit.fits 

 sersic    : (   49.22,   [50.00])  24.89      4.48    1.64    0.66   [50.00]
             (    0.19,    [0.00])   0.05      0.36    0.22    0.05    [0.00]
 sky       : [ 50.50,  50.50]  4.44e-04  [0.00e+00]  [0.00e+00]
                                2.49e-05  [0.00e+00]  [0.00e+00]
 Chi^2 = 4378.38610,  ndof = 9098
 Chi^2/nu = 0.481 

-----------------------------------------------------------------------------
-----------------------------------------------------------------------------

Input image     : JADES-3892_F115W_sci.2as.fits[1:100,1:100] 
Init. par. file : sample_param.galfit 
Restart file    : galfit.11 
Output image    : JADES-3892_F115W_fit.fits 

 sersic    : (   49.22,   [50.00])  24.89      4.48    1.64    0.66   [50.00]
             (    0.19,    [0.00])   0.05      0.36    0.22    0.05    [0.00]
 sky       : [ 50.50,  50.50]  4.44e-04  [0.00e+00]  [0.00e+00]
                                2.49e-05  [0.00e+00]  [0.00e+00]
 Chi^2 = 4378.38609,  ndof = 9098
 Chi^2/nu = 0.481 

-----------------------------------------------------------------------------
-----------------------------------------------------------------------------

Input image     : JADES-3892_F115W_sci.2as.fits[1:100,1:100] 
Init. par. file : sample_param.galfit 
Restart file    : galfit.12 
Output image    : JADES-3892_F115W_fit.fits 

 sersic    : (   49.27,   [50.00])  24.88      4.74    1.75    0.61   [60.00]
             (    0.20,    [0.00])   0.04      0.37    0.23    0.05    [0.00]
 sky       : [ 50.50,  50.50]  4.38e-04  [0.00e+00]  [0.00e+00]
                                2.49e-05  [0.00e+00]  [0.00e+00]
 Chi^2 = 4374.57785,  ndof = 9098
 Chi^2/nu = 0.481 

-----------------------------------------------------------------------------
-----------------------------------------------------------------------------

Input image     : JADES-3892_F115W_sci.2as.fits[1:100,1:100] 
Init. par. file : sample_param.galfit 
Restart file    : galfit.13 
Output image    : JADES-3892_F115W_fit.fits 

 sersic    : (   49.27,   [50.00])  24.88      4.74    1.75    0.61   [60.00]
             (    0.20,    [0.00])   0.04      0.37    0.23    0.05    [0.00]
 sky       : [ 50.50,  50.50]  4.38e-04  [0.00e+00]  [0.00e+00]
                                2.49e-05  [0.00e+00]  [0.00e+00]
 Chi^2 = 4374.57786,  ndof = 9098
 Chi^2/nu = 0.481 

-----------------------------------------------------------------------------
-----------------------------------------------------------------------------

Input image     : JADES-3892_F115W_sci.2as.fits[1:100,1:100] 
Init. par. file : sample_param.galfit 
Restart file    : galfit.14 
Output image    : JADES-3892_F115W_fit.fits 

 sersic    : (   49.27,   [50.00])  24.88      4.74    1.75    0.61   [60.00]
             (    0.20,    [0.00])   0.04      0.37    0.23    0.05    [0.00]
 sky       : [ 50.50,  50.50]  4.38e-04  [0.00e+00]  [0.00e+00]
                                2.49e-05  [0.00e+00]  [0.00e+00]
 Chi^2 = 4374.57786,  ndof = 9098
 Chi^2/nu = 0.481 

-----------------------------------------------------------------------------
-----------------------------------------------------------------------------

Input image     : JADES-3892_F115W_sci.2as.fits[1:100,1:100] 
Init. par. file : sample_param.galfit 
Restart file    : galfit.15 
Output image    : JADES-3892_F115W_fit.fits 

 sersic    : (   49.27,   [50.00])  24.88      4.74    1.75    0.61   [60.00]
             (    0.20,    [0.00])   0.04      0.37    0.24    0.05    [0.00]
 sky       : [ 50.50,  50.50]  4.38e-04  [0.00e+00]  [0.00e+00]
                                2.49e-05  [0.00e+00]  [0.00e+00]
 Chi^2 = 4374.57782,  ndof = 9098
 Chi^2/nu = 0.481 

-----------------------------------------------------------------------------
