-----------------------------------------------------------------------------

Input image     : ./stamps/JADES-18846_F115W_sci.2as.fits[1:98,1:98] 
Init. par. file : JADES-18846.F115W_single.run.galfit 
Restart file    : galfit.01 
Output image    : ./JADES-18846.F115W_single.fit.fits 

 sersic    : (   49.80,    50.82)   26.09      2.20    0.20    0.55   -15.95
             (    0.01,     0.01)    0.00      0.02    0.03    0.01     0.75
 Chi^2 = 5233.60235,  ndof = 9579
 Chi^2/nu = 0.546 

-----------------------------------------------------------------------------
-----------------------------------------------------------------------------

Input image     : ./stamps/JADES-18846_F115W_sci.2as.fits[1:98,1:98] 
Init. par. file : JADES-18846.F115W_single.run.galfit 
Restart file    : galfit.02 
Output image    : ./JADES-18846.F115W_single.fit.fits 

 sersic    : (   49.80,    50.82)   26.09      2.20    0.20    0.55   -15.95
             (    0.01,     0.01)    0.00      0.02    0.03    0.01     0.75
 Chi^2 = 5233.60235,  ndof = 9579
 Chi^2/nu = 0.546 

-----------------------------------------------------------------------------
-----------------------------------------------------------------------------

Input image     : ./stamps/JADES-18846_F115W_sci.2as.fits[1:98,1:98] 
Init. par. file : JADES-18846.F115W_single.run.galfit 
Restart file    : galfit.03 
Output image    : ./JADES-18846.F115W_single.fit.fits 

 sersic    : (   49.80,    50.82)   26.09      2.20    0.20    0.55   -15.95
             (    0.01,     0.01)    0.00      0.02    0.03    0.01     0.75
 Chi^2 = 5233.60235,  ndof = 9579
 Chi^2/nu = 0.546 

-----------------------------------------------------------------------------
