-----------------------------------------------------------------------------

Input image     : ./stamps/JADES-18976_F115W_sci.2as.fits[1:98,1:98] 
Init. par. file : JADES-18976.F115W_single.run.galfit 
Restart file    : galfit.01 
Output image    : ./JADES-18976.F115W_single.fit.fits 

 sersic    : (   49.96,    50.15)   25.00    133.48    8.00    0.24    26.82
             (    0.07,     0.12)    0.34     92.34    1.69    0.02     1.20
 Chi^2 = 3864.90476,  ndof = 9467
 Chi^2/nu = 0.408 

-----------------------------------------------------------------------------
-----------------------------------------------------------------------------

Input image     : ./stamps/JADES-18976_F115W_sci.2as.fits[1:98,1:98] 
Init. par. file : JADES-18976.F115W_single.run.galfit 
Restart file    : galfit.02 
Output image    : ./JADES-18976.F115W_single.fit.fits 

 sersic    : (   50.63,    48.50)   25.69     90.64    8.00    0.26    30.84
             (    0.13,     0.18)    1.18    178.11    3.66    0.03     2.81
 sersic    : (   49.11,    52.40)   26.54    117.77  *19.98*   0.38    18.10
             (    0.20,     0.17)    5.78   2014.07  *71.47*   0.12    10.68
 Chi^2 = 3815.28488,  ndof = 9460
 Chi^2/nu = 0.403 

-----------------------------------------------------------------------------
