-----------------------------------------------------------------------------

Input image     : ./stamps/JADES-18090_F115W_sci.2as.fits[1:98,1:98] 
Init. par. file : JADES-18090.F115W_single.run.galfit 
Restart file    : galfit.01 
Output image    : ./JADES-18090.F115W_single.fit.fits 

 sersic    : (   47.41,    52.74)   27.54     *0.02*   1.21    0.39   -51.14
             (     nan,      nan)     nan      *nan*    nan     nan      nan
 Chi^2 = 7677.74110,  ndof = 9511
 Chi^2/nu = 0.807 

-----------------------------------------------------------------------------
-----------------------------------------------------------------------------

Input image     : ./stamps/JADES-18090_F115W_sci.2as.fits[1:98,1:98] 
Init. par. file : JADES-18090.F115W_single.run.galfit 
Restart file    : galfit.02 
Output image    : ./JADES-18090.F115W_single.fit.fits 

 sersic    : (   47.51,    56.82)   26.92     *0.01*   8.00   *0.07*   86.59
             (   18.70,    27.80)  911.29    *11.85* 1493.50 *104.21* 2754.97
 Chi^2 = 10971.80040,  ndof = 9511
 Chi^2/nu = 1.154 

-----------------------------------------------------------------------------
-----------------------------------------------------------------------------

Input image     : ./stamps/JADES-18090_F115W_sci.2as.fits[1:98,1:98] 
Init. par. file : JADES-18090.F115W_single.run.galfit 
Restart file    : galfit.03 
Output image    : ./JADES-18090.F115W_single.fit.fits 

 sersic    : (   47.48,    54.99)   27.02     *0.02*   3.89    0.17    80.13
             (    0.41,    89.37)  114.21     *4.82* 560.50  129.92  4373.38
 Chi^2 = 8117.94507,  ndof = 9511
 Chi^2/nu = 0.854 

-----------------------------------------------------------------------------
-----------------------------------------------------------------------------

Input image     : ./stamps/JADES-18090_F115W_sci.2as.fits[1:98,1:98] 
Init. par. file : JADES-18090.F115W_single.run.galfit 
Restart file    : galfit.04 
Output image    : ./JADES-18090.F115W_single.fit.fits 

 sersic    : (   47.39,    53.69)   26.52      1.24    1.75    0.61   -24.95
             (    0.02,     0.02)    0.01      0.05    0.28    0.03     3.58
 Chi^2 = 5294.98876,  ndof = 9511
 Chi^2/nu = 0.557 

-----------------------------------------------------------------------------
-----------------------------------------------------------------------------

Input image     : ./stamps/JADES-18090_F115W_sci.2as.fits[1:98,1:98] 
Init. par. file : JADES-18090.F115W_single.run.galfit 
Restart file    : galfit.05 
Output image    : ./JADES-18090.F115W_single.fit.fits 

 sersic    : (   46.90,    55.39)   26.47      4.14    0.53    0.35    42.98
             (    0.06,     0.06)    0.02      0.12    0.07    0.01     1.23
 sersic    : ( *112.27*, *-90.72*) *31.60*    *0.01*   5.26    0.13    10.17
             (*2879740525034864640.00*, *15603353128211054592.00*) *35316172746676764672.00* *79673369917652992.00* 4243809218982838272.00 10256086623846400.00 404820871174160384.00
 Chi^2 = 7949.98670,  ndof = 9504
 Chi^2/nu = 0.836 

-----------------------------------------------------------------------------
-----------------------------------------------------------------------------

Input image     : ./stamps/JADES-18090_F115W_sci.2as.fits[1:98,1:98] 
Init. par. file : JADES-18090.F115W_single.run.galfit 
Restart file    : galfit.06 
Output image    : ./JADES-18090.F115W_single.fit.fits 

 sersic    : (   47.39,    53.69)   26.52      1.24    1.75    0.61   -24.95
             (    0.02,     0.02)    0.01      0.05    0.28    0.03     3.58
 Chi^2 = 5294.98876,  ndof = 9511
 Chi^2/nu = 0.557 

-----------------------------------------------------------------------------
-----------------------------------------------------------------------------

Input image     : ./stamps/JADES-18090_F115W_sci.2as.fits[1:98,1:98] 
Init. par. file : JADES-18090.F115W_single.run.galfit 
Restart file    : galfit.07 
Output image    : ./JADES-18090.F115W_single.fit.fits 

 sersic    : (   47.38,    53.70)   26.56      1.22    1.50    0.56   -27.85
             (    0.02,     0.02)    0.01      0.04    0.23    0.03     3.10
 sersic    : (   53.76,    44.48)   28.36      6.33    0.06    0.17    22.80
             (    0.33,     0.84)    0.29      1.56    0.31    0.08     4.10
 sersic    : (   52.45,    41.88)   28.60      2.87    0.08    0.43    55.09
             (    0.24,     0.18)    0.09      0.25    0.42    0.09    10.18
 Chi^2 = 5341.52021,  ndof = 9583
 Chi^2/nu = 0.557 

-----------------------------------------------------------------------------
-----------------------------------------------------------------------------

Input image     : ./stamps/JADES-18090_F115W_sci.2as.fits[1:98,1:98] 
Init. par. file : JADES-18090.F115W_single.run.galfit 
Restart file    : galfit.08 
Output image    : ./JADES-18090.F115W_single.fit.fits 

 sersic    : (   47.30,    53.64)   26.69      1.10    1.04    0.52   -35.17
             (    0.02,     0.02)    0.01      0.03    0.26    0.04     3.63
 sersic    : (   52.92,    41.70)   28.37      3.30    0.42    0.42    53.41
             (    0.29,     0.22)    0.13      0.38    0.31    0.06     8.80
 sersic    : (   50.37,    50.91)   27.85     11.56   *0.04*   0.10    25.06
             (    0.50,     1.06)    0.13     14.08   *0.11*   0.01     1.44
 Chi^2 = 5298.50330,  ndof = 9583
 Chi^2/nu = 0.553 

-----------------------------------------------------------------------------
-----------------------------------------------------------------------------

Input image     : ./stamps/JADES-18090_F115W_sci.2as.fits[1:98,1:98] 
Init. par. file : JADES-18090.F115W_single.run.galfit 
Restart file    : galfit.09 
Output image    : ./JADES-18090.F115W_single.fit.fits 

 sersic    : (   47.31,    53.63)   26.73      1.13    0.52    0.51   -38.02
             (    0.02,     0.02)    0.01      0.03    0.22    0.05     3.40
 sersic    : (   49.65,    53.28)   27.78     10.12   *0.04*   0.21    26.29
             (    0.29,     0.74)    0.07     15.34   *0.16*   0.02     1.93
 sersic    : (   53.50,    41.38)   28.15      3.44    0.36    0.37    52.09
             (    0.16,     0.14)    0.09      0.30    0.23    0.05     4.90
 Chi^2 = 5292.25392,  ndof = 9583
 Chi^2/nu = 0.552 

-----------------------------------------------------------------------------
-----------------------------------------------------------------------------

Input image     : ./stamps/JADES-18090_F115W_sci.2as.fits[1:98,1:98] 
Init. par. file : JADES-18090.F115W_single.run.galfit 
Restart file    : galfit.10 
Output image    : ./JADES-18090.F115W_single.fit.fits 

 sersic    : (   47.38,    53.66)   26.44      0.90    6.87    0.96     8.51
             (    0.00,     0.00)    0.00      0.00    0.00    0.00     0.00
 sersic    : (   61.91,    50.54)   28.45     *0.01*   0.06    0.85    81.04
             ( 4110.60, 18666.52)    5.13     *0.07*   1.85    0.55 14610021.00
 sersic    : (   58.08,    46.49)   28.45     *0.01*   0.13    0.78   -45.00
             ( 4573.95,  5979.97)  207.46     *0.29* 766.00  249.96 827118656.00
 Chi^2 = 6426.41424,  ndof = 9583
 Chi^2/nu = 0.671 

-----------------------------------------------------------------------------
-----------------------------------------------------------------------------

Input image     : ./stamps/JADES-18090_F115W_sci.2as.fits[1:98,1:98] 
Init. par. file : JADES-18090.F115W_single.run.galfit 
Restart file    : galfit.11 
Output image    : ./JADES-18090.F115W_single.fit.fits 

 sersic    : (   47.17,    53.60)   26.48     *0.01*   8.00    0.69    -2.73
             (    0.94,     0.52)   26.13     *0.68* 202.81    2.49   514.36
 sersic    : (   51.92,    48.49)   27.35     10.81   *0.05*   0.11    24.52
             (    0.18,     0.39)    0.05      5.60   *0.08*   0.01     0.80
 sersic    : (   51.95,    41.81)   28.86      3.27   *0.03*   0.35    54.37
             (    0.23,     0.22)    0.62    107.22   *4.40*   0.15    12.54
 Chi^2 = 5562.17276,  ndof = 9583
 Chi^2/nu = 0.580 

-----------------------------------------------------------------------------
-----------------------------------------------------------------------------

Input image     : ./stamps/JADES-18090_F115W_sci.2as.fits[1:98,1:98] 
Init. par. file : JADES-18090.F115W_single.run.galfit 
Restart file    : galfit.12 
Output image    : ./JADES-18090.F115W_single.fit.fits 

 sersic    : (   47.38,    53.70)   26.56      1.22    1.50    0.56   -27.85
             (    0.02,     0.02)    0.01      0.04    0.23    0.03     3.10
 sersic    : (   53.76,    44.48)   28.36      6.33    0.06    0.17    22.80
             (    0.33,     0.84)    0.29      1.56    0.31    0.08     4.10
 sersic    : (   52.45,    41.88)   28.60      2.87    0.08    0.43    55.09
             (    0.24,     0.18)    0.09      0.25    0.42    0.09    10.18
 Chi^2 = 5341.52021,  ndof = 9583
 Chi^2/nu = 0.557 

-----------------------------------------------------------------------------
-----------------------------------------------------------------------------

Input image     : ./stamps/JADES-18090_F115W_sci.2as.fits[1:98,1:98] 
Init. par. file : galfit.07 
Restart file    : galfit.13 
Output image    : ./JADES-18090.F115W_single.fit.fits 

 sersic    : (   47.37,    53.70)   26.56      1.22    1.50    0.56   -27.86
             (    0.02,     0.02)    0.01      0.04    0.23    0.03     3.10
 sersic    : (   53.74,    44.50)   28.36      6.38    0.06    0.17    22.80
             (    0.35,     0.87)    0.29      1.99    0.31    0.09     4.11
 sersic    : (   52.46,    41.89)   28.59      2.87    0.09    0.44    54.87
             (    0.23,     0.18)    0.09      0.29    0.42    0.08    10.24
 Chi^2 = 5341.44487,  ndof = 9583
 Chi^2/nu = 0.557 

-----------------------------------------------------------------------------
