-----------------------------------------------------------------------------

Input image     : ./stamps/JADES-10013618_F115W_sci.2as.fits[1:98,1:98] 
Init. par. file : JADES-10013618.F115W_single.run.galfit 
Restart file    : galfit.01 
Output image    : ./JADES-10013618.F115W_single.fit.fits 

 sersic    : (   52.80,    50.08)   26.46     *0.01*   8.00   *0.07*    8.42
             (   79.98,    29.42)  220.93     *3.73* 882.61  *25.49* 1281.62
 Chi^2 = 3404.88181,  ndof = 9481
 Chi^2/nu = 0.359 

-----------------------------------------------------------------------------
-----------------------------------------------------------------------------

Input image     : ./stamps/JADES-10013618_F115W_sci.2as.fits[1:98,1:98] 
Init. par. file : JADES-10013618.F115W_single.run.galfit 
Restart file    : galfit.02 
Output image    : ./JADES-10013618.F115W_single.fit.fits 

 sersic    : (   50.74,    50.55)   26.12      4.39    0.50    0.40    32.23
             (    0.14,     0.22)    0.05      0.34    0.17    0.04     3.68
 Chi^2 = 3301.95401,  ndof = 9481
 Chi^2/nu = 0.348 

-----------------------------------------------------------------------------
-----------------------------------------------------------------------------

Input image     : ./stamps/JADES-10013618_F115W_sci.2as.fits[1:98,1:98] 
Init. par. file : JADES-10013618.F115W_single.run.galfit 
Restart file    : galfit.03 
Output image    : ./JADES-10013618.F115W_single.fit.fits 

 sersic    : (   50.74,    50.55)   26.12      4.39    0.50    0.40    32.23
             (    0.14,     0.22)    0.05      0.34    0.17    0.04     3.68
 Chi^2 = 3301.95401,  ndof = 9481
 Chi^2/nu = 0.348 

-----------------------------------------------------------------------------
-----------------------------------------------------------------------------

Input image     : ./stamps/JADES-10013618_F115W_sci.2as.fits[1:98,1:98] 
Init. par. file : JADES-10013618.F115W_single.run.galfit 
Restart file    : galfit.04 
Output image    : ./JADES-10013618.F115W_single.fit.fits 

 sersic    : (   52.12,    49.40)   25.69     51.62    6.32   *0.08*   27.23
             (    0.50,     0.85)    0.95    116.77    6.32   *0.03*    2.72
 sersic    : (   49.99,    50.94)   26.78      4.25   *0.03*   0.56    30.54
             (    0.29,     0.25)    0.10     14.77   *0.45*   0.10    10.80
 Chi^2 = 3290.94719,  ndof = 9474
 Chi^2/nu = 0.347 

-----------------------------------------------------------------------------
-----------------------------------------------------------------------------

Input image     : ./stamps/JADES-10013618_F115W_sci.2as.fits[1:98,1:98] 
Init. par. file : JADES-10013618.F115W_single.run.galfit 
Restart file    : galfit.05 
Output image    : ./JADES-10013618.F115W_single.fit.fits 

 sersic    : (   50.74,    50.55)   26.12      4.39    0.50    0.40    32.23
             (    0.14,     0.22)    0.05      0.34    0.17    0.04     3.68
 Chi^2 = 3301.95422,  ndof = 9481
 Chi^2/nu = 0.348 

-----------------------------------------------------------------------------
