-----------------------------------------------------------------------------

Input image     : ./stamps/JADES-19342_F115W_sci.2as.fits[1:98,1:98] 
Init. par. file : JADES-19342.F115W_single.run.galfit 
Restart file    : galfit.01 
Output image    : ./JADES-19342.F115W_single.fit.fits 

 sersic    : (   50.60,    50.13)   27.48      2.20    1.78    0.20    34.65
             (    0.05,     0.06)    0.03      0.16    0.47    0.06     2.47
 Chi^2 = 4132.14756,  ndof = 9461
 Chi^2/nu = 0.437 

-----------------------------------------------------------------------------
-----------------------------------------------------------------------------

Input image     : ./stamps/JADES-19342_F115W_sci.2as.fits[1:98,1:98] 
Init. par. file : JADES-19342.F115W_single.run.galfit 
Restart file    : galfit.02 
Output image    : ./JADES-19342.F115W_single.fit.fits 

 sersic    : (   50.60,    50.13)   27.48      2.20    1.78    0.20    34.65
             (    0.05,     0.06)    0.03      0.16    0.47    0.06     2.47
 Chi^2 = 4132.14756,  ndof = 9461
 Chi^2/nu = 0.437 

-----------------------------------------------------------------------------
-----------------------------------------------------------------------------

Input image     : ./stamps/JADES-19342_F115W_sci.2as.fits[1:98,1:98] 
Init. par. file : JADES-19342.F115W_single.run.galfit 
Restart file    : galfit.03 
Output image    : ./JADES-19342.F115W_single.fit.fits 

 sersic    : (   50.60,    50.13)   27.48      2.20    1.78    0.20    34.65
             (    0.05,     0.06)    0.03      0.16    0.47    0.06     2.47
 Chi^2 = 4132.14756,  ndof = 9461
 Chi^2/nu = 0.437 

-----------------------------------------------------------------------------
