-----------------------------------------------------------------------------

Input image     : ./stamps/JADES-10015338_F115W_sci.2as.fits[1:98,1:98] 
Init. par. file : JADES-10015338.F115W_single.run.galfit 
Restart file    : galfit.01 
Output image    : ./JADES-10015338.F115W_single.fit.fits 

 sersic    : (   44.60,    49.95)   25.76     17.25    6.46    0.38    74.25
             (    0.28,     0.21)    0.61     23.03    4.47    0.12     8.76
 Chi^2 = 3100.63673,  ndof = 9560
 Chi^2/nu = 0.324 

-----------------------------------------------------------------------------
-----------------------------------------------------------------------------

Input image     : ./stamps/JADES-10015338_F115W_sci.2as.fits[1:98,1:98] 
Init. par. file : JADES-10015338.F115W_single.run.galfit 
Restart file    : galfit.02 
Output image    : ./JADES-10015338.F115W_single.fit.fits 

 sersic    : (   55.53,    50.54)   26.57     *0.02*   6.35    0.16   -11.83
             (   13.54,     0.81)   48.19     *2.76* 292.56   21.13   922.35
 sersic    : (   44.60,    49.67)   27.46      0.60    3.11   *0.03*  -39.49
             (    8.21,     8.69)    2.14      6.63   47.40   *0.61*   34.12
 Chi^2 = 3231.60025,  ndof = 9590
 Chi^2/nu = 0.337 

-----------------------------------------------------------------------------
-----------------------------------------------------------------------------

Input image     : ./stamps/JADES-10015338_F115W_sci.2as.fits[1:98,1:98] 
Init. par. file : JADES-10015338.F115W_single.run.galfit 
Restart file    : galfit.03 
Output image    : ./JADES-10015338.F115W_single.fit.fits 

 sersic    : (   55.43,    51.23)   26.35     *0.02*   7.73   *0.05*    3.18
             (    9.82,    18.21)  639.23    *12.26* 1479.63  *29.71*  807.26
 sersic    : (   54.18,    50.11)   26.48      0.60  *16.60*  *0.04*   73.34
             (    1.34,     0.34)    0.65      0.95  *57.37*  *0.09*    6.71
 sersic    : (   44.49,    49.87)   26.66      4.40    6.46    0.32    62.69
             (    0.24,     0.21)    0.50      4.99    7.05    0.19    12.22
 Chi^2 = 3122.10238,  ndof = 9583
 Chi^2/nu = 0.326 

-----------------------------------------------------------------------------
