-----------------------------------------------------------------------------

Input image     : ./stamps/JADES-17777_F115W_sci.2as.fits[1:98,1:98] 
Init. par. file : JADES-17777.F115W_single.run.galfit 
Restart file    : galfit.01 
Output image    : ./JADES-17777.F115W_single.fit.fits 

 sersic    : (   50.38,    50.02)   28.17     *0.03*   8.00    0.65   -21.57
             (    0.76,     0.55)    5.04     *0.78*  94.71    2.29   233.21
 Chi^2 = 4205.15048,  ndof = 9568
 Chi^2/nu = 0.440 

-----------------------------------------------------------------------------
-----------------------------------------------------------------------------

Input image     : ./stamps/JADES-17777_F115W_sci.2as.fits[1:98,1:98] 
Init. par. file : JADES-17777.F115W_single.run.galfit 
Restart file    : galfit.02 
Output image    : ./JADES-17777.F115W_single.fit.fits 

 sersic    : (   50.50,    50.28)   28.57     *0.01*   7.07    0.98    47.40
             (    3.24,     3.34)  103.90     *3.70* 906.50   32.16 31005.85
 Chi^2 = 4252.00325,  ndof = 9568
 Chi^2/nu = 0.444 

-----------------------------------------------------------------------------
-----------------------------------------------------------------------------

Input image     : ./stamps/JADES-17777_F115W_sci.2as.fits[1:98,1:98] 
Init. par. file : JADES-17777.F115W_single.run.galfit 
Restart file    : galfit.03 
Output image    : ./JADES-17777.F115W_single.fit.fits 

 sersic    : (   50.11,    49.90)   27.67      2.71    0.91    0.55   -54.13
             (    0.09,     0.07)    0.04      0.16    0.25    0.06     5.44
 Chi^2 = 4100.48704,  ndof = 9568
 Chi^2/nu = 0.429 

-----------------------------------------------------------------------------
