-----------------------------------------------------------------------------

Input image     : ./stamps/JADES-3892_F115W_sci.2as.fits[1:98,1:98] 
Init. par. file : JADES-3892.F115W_single.run.galfit 
Restart file    : galfit.01 
Output image    : ./JADES-3892.F115W_single.fit.fits 

 sersic    : (   49.27,    50.76)   25.00     *0.02*   3.87    0.37   -22.51
             (   13.61,     2.00)   99.13     *5.57* 518.97   73.67  4044.99
 Chi^2 = 230183.60524,  ndof = 8724
 Chi^2/nu = 26.385 

-----------------------------------------------------------------------------
-----------------------------------------------------------------------------

Input image     : ./stamps/JADES-3892_F115W_sci.2as.fits[1:98,1:98] 
Init. par. file : JADES-3892.F115W_single.run.galfit 
Restart file    : galfit.02 
Output image    : ./JADES-3892.F115W_single.fit.fits 

 sersic    : (   48.16,    52.52)   25.91     *0.13*   8.00   *0.03*   46.43
             (    0.76,     1.05)   24.72     *5.40* 123.16   *0.41*   30.51
 Chi^2 = 300128.13039,  ndof = 8724
 Chi^2/nu = 34.403 

-----------------------------------------------------------------------------
-----------------------------------------------------------------------------

Input image     : ./stamps/JADES-3892_F115W_sci.2as.fits[1:98,1:98] 
Init. par. file : JADES-3892.F115W_single.run.galfit 
Restart file    : galfit.03 
Output image    : ./JADES-3892.F115W_single.fit.fits 

 sersic    : (   48.60,    51.22)   23.20    [16.00]   6.73    0.46    72.27
             (    0.01,     0.01)    0.00     [0.00]   0.04    0.00     0.34
 Chi^2 = 19997.47825,  ndof = 8725
 Chi^2/nu = 2.292 

-----------------------------------------------------------------------------
-----------------------------------------------------------------------------

Input image     : ./stamps/JADES-3892_F115W_sci.2as.fits[1:98,1:98] 
Init. par. file : JADES-3892.F115W_single.run.galfit 
Restart file    : galfit.04 
Output image    : ./JADES-3892.F115W_single.fit.fits 

 sersic    : (   48.59,    51.22)   24.00    [14.00]   8.00    0.13    71.08
             (    0.03,     0.02)    0.01     [0.00]   0.26    0.01     0.49
 Chi^2 = 113863.44619,  ndof = 8725
 Chi^2/nu = 13.050 

-----------------------------------------------------------------------------
-----------------------------------------------------------------------------

Input image     : ./stamps/JADES-3892_F115W_sci.2as.fits[1:98,1:98] 
Init. par. file : JADES-3892.F115W_single.run.galfit 
Restart file    : galfit.05 
Output image    : ./JADES-3892.F115W_single.fit.fits 

 sersic    : (   48.59,    51.22)   23.50    [14.00]   7.71    0.30    72.32
             (    0.01,     0.01)    0.00     [0.00]   0.08    0.01     0.32
 Chi^2 = 29889.22654,  ndof = 8725
 Chi^2/nu = 3.426 

-----------------------------------------------------------------------------
-----------------------------------------------------------------------------

Input image     : ./stamps/JADES-3892_F115W_sci.2as.fits[1:98,1:98] 
Init. par. file : JADES-3892.F115W_single.run.galfit 
Restart file    : galfit.06 
Output image    : ./JADES-3892.F115W_single.fit.fits 

 sersic    : (   47.90,    55.29)   24.38     *0.02*   8.00   *0.02*  -88.46
             (    0.04,     0.00)   50.71     *0.19*  20.84   *0.75*   59.75
 Chi^2 = 557889.28786,  ndof = 8724
 Chi^2/nu = 63.949 

-----------------------------------------------------------------------------
-----------------------------------------------------------------------------

Input image     : ./stamps/JADES-3892_F115W_sci.2as.fits[1:98,1:98] 
Init. par. file : JADES-3892.F115W_single.run.galfit 
Restart file    : galfit.07 
Output image    : ./JADES-3892.F115W_single.fit.fits 

 sersic    : (   48.00,    51.00)    2.00     15.00    4.00    1.00     0.00
             (    0.05,     0.05)    0.07      1.79    0.27    0.03 1161201.88
 sersic    : (   57.00,    43.00)   26.50      1.00    4.00    1.00     0.00
             (2429818624.00, 2545878016.00) 998572160.00 2074039040.00 19849246720.00 1234091136.00 36809136742072320.00
 Chi^2 = 26264079485714015715328.00000,  ndof = 8717
 Chi^2/nu = 3012972293875646976.000 

-----------------------------------------------------------------------------
-----------------------------------------------------------------------------

Input image     : ./stamps/JADES-3892_F115W_sci.2as.fits[1:98,1:98] 
Init. par. file : JADES-3892.F115W_single.run.galfit 
Restart file    : galfit.08 
Output image    : ./JADES-3892.F115W_single.fit.fits 

 sersic    : (   48.00,    51.00)    2.00     15.00    4.00    1.00     0.00
             (    0.05,     0.05)    0.07      1.79    0.27    0.03 1161201.88
 sersic    : (   57.00,    43.00)   26.50      1.00    4.00    1.00     0.00
             (2429818624.00, 2545878016.00) 998572160.00 2074039040.00 19849246720.00 1234091136.00 36809136742072320.00
 Chi^2 = 26264079485714015715328.00000,  ndof = 8717
 Chi^2/nu = 3012972293875646976.000 

-----------------------------------------------------------------------------
-----------------------------------------------------------------------------

Input image     : ./stamps/JADES-3892_F115W_sci.2as.fits[1:98,1:98] 
Init. par. file : JADES-3892.F115W_single.run.galfit 
Restart file    : galfit.09 
Output image    : ./JADES-3892.F115W_single.fit.fits 

 sersic    : (   48.71,    51.51)   25.07      1.03    0.83   *0.04*   46.97
             (    0.56,     0.06)   35.59      9.67   19.92  *37.06*  160.54
 sersic    : (   55.34,    47.63)   23.88     10.90    0.10    0.37    61.73
             (    0.24,     0.18)    0.03      0.22    0.01    0.01     0.37
 Chi^2 = 42543.28388,  ndof = 8717
 Chi^2/nu = 4.880 

-----------------------------------------------------------------------------
-----------------------------------------------------------------------------

Input image     : ./stamps/JADES-3892_F115W_sci.2as.fits[1:98,1:98] 
Init. par. file : JADES-3892.F115W_single.run.galfit 
Restart file    : galfit.10 
Output image    : ./JADES-3892.F115W_single.fit.fits 

 sersic    : (   48.98,    52.19)   24.22     *0.01*   4.16   *0.07*   24.22
             (   27.61,    84.06)   36.47     *1.18*  80.18  *14.02*  144.98
 sersic    : (   56.27,    43.17)   22.89     *0.01* *20.00*   0.81   -38.27
             (    1.23,     1.14)    3.94     *0.19* *94.24*   0.61   141.95
 Chi^2 = 236624.81224,  ndof = 8717
 Chi^2/nu = 27.145 

-----------------------------------------------------------------------------
-----------------------------------------------------------------------------

Input image     : ./stamps/JADES-3892_F115W_sci.2as.fits[1:98,1:98] 
Init. par. file : JADES-3892.F115W_single.run.galfit 
Restart file    : galfit.11 
Output image    : ./JADES-3892.F115W_single.fit.fits 

 sersic    : (   48.39,    51.22)   24.62      2.24    0.49    0.45    69.12
             (    0.00,     0.00)    0.00      0.01    0.01    0.00     0.23
 sersic    : (   53.21,    50.89)   24.38     10.30    0.61    0.55    72.65
             (    0.06,     0.04)    0.01      0.08    0.01    0.00     0.68
 Chi^2 = 7465.07776,  ndof = 8717
 Chi^2/nu = 0.856 

-----------------------------------------------------------------------------
-----------------------------------------------------------------------------

Input image     : ./stamps/JADES-3892_F115W_sci.2as.fits[1:98,1:98] 
Init. par. file : JADES-3892.F115W_single.run.galfit 
Restart file    : galfit.12 
Output image    : ./JADES-3892.F115W_single.fit.fits 

 sersic    : (   48.49,    51.20)   24.24      2.88    1.21    0.49    68.13
             (    0.00,     0.00)    0.00      0.01    0.01    0.00     0.21
 sersic    : (   57.77,    52.25)   24.28     27.72    2.85    0.49    63.69
             (    0.06,     0.03)    0.03      1.61    0.11    0.01     0.98
 Chi^2 = 7665.65169,  ndof = 8717
 Chi^2/nu = 0.879 

-----------------------------------------------------------------------------
-----------------------------------------------------------------------------

Input image     : ./stamps/JADES-3892_F115W_sci.2as.fits[1:98,1:98] 
Init. par. file : JADES-3892.F115W_single.run.galfit 
Restart file    : galfit.13 
Output image    : ./JADES-3892.F115W_single.fit.fits 

 sersic    : (   48.39,    51.22)   24.62      2.24    0.49    0.45    69.12
             (    0.00,     0.00)    0.00      0.01    0.01    0.00     0.23
 sersic    : (   53.21,    50.89)   24.38     10.30    0.61    0.55    72.64
             (    0.06,     0.04)    0.01      0.08    0.01    0.00     0.68
 Chi^2 = 7465.06402,  ndof = 8717
 Chi^2/nu = 0.856 

-----------------------------------------------------------------------------
-----------------------------------------------------------------------------

Input image     : ./stamps/JADES-3892_F115W_sci.2as.fits[1:98,1:98] 
Init. par. file : JADES-3892.F115W_single.run.galfit 
Restart file    : galfit.14 
Output image    : ./JADES-3892.F115W_single.fit.fits 

 sersic    : (   48.39,    51.22)   24.62      2.24    0.49    0.45    69.12
             (    0.00,     0.00)    0.00      0.01    0.01    0.00     0.23
 sersic    : (   53.21,    50.89)   24.38     10.30    0.61    0.55    72.64
             (    0.06,     0.04)    0.01      0.08    0.01    0.00     0.68
 Chi^2 = 7465.08452,  ndof = 8717
 Chi^2/nu = 0.856 

-----------------------------------------------------------------------------
-----------------------------------------------------------------------------

Input image     : ./stamps/JADES-3892_F115W_sci.2as.fits[1:98,1:98] 
Init. par. file : JADES-3892.F115W_single.run.galfit 
Restart file    : galfit.15 
Output image    : ./JADES-3892.F115W_single.fit.fits 

 sersic    : (   48.49,    51.20)   24.24      2.88    1.21    0.49    68.13
             (    0.00,     0.00)    0.00      0.01    0.01    0.00     0.21
 sersic    : (   57.76,    52.25)   24.29     27.38    2.82    0.49    63.66
             (    0.06,     0.03)    0.03      1.57    0.11    0.01     0.98
 Chi^2 = 7665.80121,  ndof = 8717
 Chi^2/nu = 0.879 

-----------------------------------------------------------------------------
-----------------------------------------------------------------------------

Input image     : ./stamps/JADES-3892_F115W_sci.2as.fits[1:98,1:98] 
Init. par. file : JADES-3892.F115W_single.run.galfit 
Restart file    : galfit.16 
Output image    : ./JADES-3892.F115W_single.fit.fits 

 sersic    : (   48.49,    51.20)   24.24      2.88    1.21    0.49    68.13
             (    0.00,     0.00)    0.00      0.01    0.01    0.00     0.21
 sersic    : (   57.77,    52.25)   24.28     27.72    2.85    0.49    63.69
             (    0.06,     0.03)    0.03      1.61    0.11    0.01     0.98
 Chi^2 = 7665.65169,  ndof = 8717
 Chi^2/nu = 0.879 

-----------------------------------------------------------------------------
-----------------------------------------------------------------------------

Input image     : ./stamps/JADES-3892_F115W_sci.2as.fits[1:98,1:98] 
Init. par. file : JADES-3892.F115W_single.run.galfit 
Restart file    : galfit.17 
Output image    : ./JADES-3892.F115W_single.fit.fits 

 sersic    : (   57.78,    52.26)   24.27     28.13    2.88    0.49    63.59
             (    0.06,     0.03)    0.03      1.67    0.11    0.01     0.98
 sersic    : (   48.49,    51.20)   24.24      2.89    1.21    0.49    68.14
             (    0.00,     0.00)    0.00      0.01    0.01    0.00     0.21
 Chi^2 = 7665.53447,  ndof = 8717
 Chi^2/nu = 0.879 

-----------------------------------------------------------------------------
-----------------------------------------------------------------------------

Input image     : ./stamps/JADES-3892_F115W_sci.2as.fits[1:98,1:98] 
Init. par. file : JADES-3892.F115W_single.run.galfit 
Restart file    : galfit.18 
Output image    : ./JADES-3892.F115W_single.fit.fits 

 sersic    : (   48.36,    52.62)   24.20     *0.01*   8.00   *0.07*  -87.05
             (     nan,      nan)     nan      *nan*    nan    *nan*     nan
 sersic    : (   57.20,    41.93)   21.90      1.53    0.27   *0.06*  -83.45
             (     nan,      nan)     nan       nan     nan    *nan*     nan
 Chi^2 = 242142.91946,  ndof = 8717
 Chi^2/nu = 27.778 

-----------------------------------------------------------------------------
-----------------------------------------------------------------------------

Input image     : ./stamps/JADES-3892_F115W_sci.2as.fits[1:98,1:98] 
Init. par. file : JADES-3892.F115W_single.run.galfit 
Restart file    : galfit.19 
Output image    : ./JADES-3892.F115W_single.fit.fits 

 sersic    : (   57.95,    42.53)   23.21     *0.01*   8.00    0.96 145566292911790919516160.00
             (    4.84,     4.33)   61.61     *0.89* 388.63   26.02 15993.05
 sersic    : (   48.54,    51.25)   23.97      3.89    2.23    0.52    73.95
             (    0.01,     0.00)    0.01      0.04    0.03    0.00     0.32
 Chi^2 = 14387.31689,  ndof = 8717
 Chi^2/nu = 1.650 

-----------------------------------------------------------------------------
-----------------------------------------------------------------------------

Input image     : ./stamps/JADES-3892_F115W_sci.2as.fits[1:98,1:98] 
Init. par. file : JADES-3892.F115W_single.run.galfit 
Restart file    : galfit.20 
Output image    : ./JADES-3892.F115W_single.fit.fits 

 sersic    : (   57.78,    52.26)   24.27     28.13    2.88    0.49    63.59
             (    0.06,     0.03)    0.03      1.67    0.11    0.01     0.98
 sersic    : (   48.49,    51.20)   24.24      2.89    1.21    0.49    68.14
             (    0.00,     0.00)    0.00      0.01    0.01    0.00     0.21
 Chi^2 = 7665.53447,  ndof = 8717
 Chi^2/nu = 0.879 

-----------------------------------------------------------------------------
-----------------------------------------------------------------------------

Input image     : ./stamps/JADES-3892_F115W_sci.2as.fits[1:98,1:98] 
Init. par. file : JADES-3892.F115W_single.run.galfit 
Restart file    : galfit.21 
Output image    : ./JADES-3892.F115W_single.fit.fits 

 sersic    : (   49.11,    52.36)   24.25     *0.01*   3.41   *0.05*   82.00
             (  164.72,   194.07)  150.04     *1.26* 138.59 *103.33* 3369.68
 sersic    : (   57.52,    42.79)   23.03      1.04    9.87    0.75    52.00
             (    0.36,     0.27)    0.10      0.45    4.84    0.07    15.17
 Chi^2 = 260556.17392,  ndof = 8717
 Chi^2/nu = 29.891 

-----------------------------------------------------------------------------
-----------------------------------------------------------------------------

Input image     : ./stamps/JADES-3892_F115W_sci.2as.fits[1:98,1:98] 
Init. par. file : JADES-3892.F115W_single.run.galfit 
Restart file    : galfit.22 
Output image    : ./JADES-3892.F115W_single.fit.fits 

 sersic    : (   48.49,    51.20)   24.24      2.88    1.21    0.49    68.13
             (    0.00,     0.00)    0.00      0.01    0.01    0.00     0.21
 sersic    : (   57.76,    52.25)   24.29     27.38    2.82    0.49    63.66
             (    0.06,     0.03)    0.03      1.57    0.11    0.01     0.98
 Chi^2 = 7665.80095,  ndof = 8717
 Chi^2/nu = 0.879 

-----------------------------------------------------------------------------
-----------------------------------------------------------------------------

Input image     : ./stamps/JADES-3892_F115W_sci.2as.fits[1:98,1:98] 
Init. par. file : JADES-3892.F115W_single.run.galfit 
Restart file    : galfit.23 
Output image    : ./JADES-3892.F115W_single.fit.fits 

 sersic    : (   49.10,    52.39)   24.36     *0.01*   2.24   *0.04*  -22.44
             (    0.00,     0.00)    0.00     *0.00*   0.00   *0.00*    0.00
 sersic    : (   52.08,    48.52)   24.10     10.77   *0.02*   0.20    59.98
             (    0.23,     0.16)    0.03      0.01   *0.00*   0.00     0.24
 Chi^2 = 102169.83268,  ndof = 8717
 Chi^2/nu = 11.721 

-----------------------------------------------------------------------------
-----------------------------------------------------------------------------

Input image     : ./stamps/JADES-3892_F115W_sci.2as.fits[1:98,1:98] 
Init. par. file : JADES-3892.F115W_single.run.galfit 
Restart file    : galfit.24 
Output image    : ./JADES-3892.F115W_single.fit.fits 

 sersic    : (   48.49,    51.20)   24.24      2.88    1.21    0.49    68.13
             (    0.00,     0.00)    0.00      0.01    0.01    0.00     0.21
 sersic    : (   57.76,    52.25)   24.29     27.38    2.82    0.49    63.66
             (    0.06,     0.03)    0.03      1.57    0.11    0.01     0.98
 Chi^2 = 7665.80095,  ndof = 8717
 Chi^2/nu = 0.879 

-----------------------------------------------------------------------------
-----------------------------------------------------------------------------

Input image     : ./stamps/JADES-3892_F115W_sci.2as.fits[1:98,1:98] 
Init. par. file : JADES-3892.F115W_single.run.galfit 
Restart file    : galfit.25 
Output image    : ./JADES-3892.F115W_single.fit.fits 

 sersic    : (   48.52,    51.04)   24.35     *0.02*   8.00   *0.04*  -62.26
             (    1.72,     2.06)   86.41     *1.31* 118.48   *2.73*  117.89
 sersic    : (   52.62,    48.48)   23.93      9.53    0.21    0.36    52.32
             (    0.04,     0.03)    0.01      0.05    0.01    0.00     0.26
 Chi^2 = 74594.73154,  ndof = 9590
 Chi^2/nu = 7.778 

-----------------------------------------------------------------------------
-----------------------------------------------------------------------------

Input image     : ./stamps/JADES-3892_F115W_sci.2as.fits[1:98,1:98] 
Init. par. file : JADES-3892.F115W_single.run.galfit 
Restart file    : galfit.26 
Output image    : ./JADES-3892.F115W_single.fit.fits 

 sersic    : (   50.67,    51.01)   26.41     *0.01*   6.38    0.67    25.74
             (    8.19,     4.86)  232.76     *7.65* 1658.32   36.58  4294.11
 sersic    : (   57.14,    43.15)   26.67      0.77    0.16    0.56    54.11
             (    0.09,     0.08)    0.06      4.99   37.84    5.19   271.28
 Chi^2 = 553091.35271,  ndof = 9590
 Chi^2/nu = 57.674 

-----------------------------------------------------------------------------
-----------------------------------------------------------------------------

Input image     : ./stamps/JADES-3892_F115W_sci.2as.fits[1:98,1:98] 
Init. par. file : JADES-3892.F115W_single.run.galfit 
Restart file    : galfit.27 
Output image    : ./JADES-3892.F115W_single.fit.fits 

 sersic    : (   48.51,    51.27)   24.12      3.24    1.69    0.50    73.03
             (    0.01,     0.00)    0.00      0.02    0.02    0.00     0.31
 sersic    : (   57.75,    43.26)   24.14     10.80    4.03    0.83   -89.00
             (    0.02,     0.02)    0.03      0.50    0.12    0.01     2.74
 Chi^2 = 16926.66394,  ndof = 9590
 Chi^2/nu = 1.765 

-----------------------------------------------------------------------------
-----------------------------------------------------------------------------

Input image     : ./stamps/JADES-3892_F115W_sci.2as.fits[1:98,1:98] 
Init. par. file : JADES-3892.F115W_single.run.galfit 
Restart file    : galfit.28 
Output image    : ./JADES-3892.F115W_single.fit.fits 

 sersic    : (   48.47,    51.16)   24.43      2.52    0.77    0.44    70.57
             (    0.00,     0.00)    0.00      0.01    0.01    0.00     0.19
 sersic    : (   49.37,    55.02)   23.92     73.77    5.01    0.55    84.81
             (    0.04,     0.04)    0.11     15.08    0.38    0.01     1.59
 sersic    : (   57.57,    52.47)   26.80      2.87    0.07    0.63   -85.52
             (    0.04,     0.03)    0.01      0.04    0.07    0.01     2.24
 sersic    : (   57.16,    42.93)   26.20      3.02    3.48    0.26    40.43
             (    0.02,     0.03)    0.07      0.20    0.34    0.03     1.89
 sersic    : (   58.33,    43.44)   25.96      8.77    2.33    0.15    76.14
             (    0.12,     0.03)    0.06      0.41    0.17    0.01     0.40
 sersic    : (   59.17,    44.23)   25.79      5.38    0.38    0.56   -53.79
             (    0.04,     0.03)    0.02      0.05    0.01    0.01     1.35
 Chi^2 = 7445.20674,  ndof = 9562
 Chi^2/nu = 0.779 

-----------------------------------------------------------------------------
-----------------------------------------------------------------------------

Input image     : ./stamps/JADES-3892_F115W_sci.2as.fits[1:98,1:98] 
Init. par. file : JADES-3892.F115W_single.run.galfit 
Restart file    : galfit.29 
Output image    : ./JADES-3892.F115W_single.fit.fits 

 sersic    : (   51.02,    52.76)   23.20     *0.01*   7.83   *0.09*   -5.91
             (    2.72,     0.38)    8.95     *0.02*  12.71   *1.92*  125.72
 sersic    : (   57.01,    43.07)   26.89      2.73  *19.90*   1.00    80.41
             (  799.16,   874.74)  488.16   2030.81 *315.66* 5429.05     0.00
 sersic    : (   57.08,    43.06)   26.88      2.56  *17.75*   1.00    83.46
             ( 1710.25,  1371.73)  421.97   1537.75 *338.23* 3098.75     0.03
 sersic    : (   57.07,    43.02)   26.88      2.43  *16.35*   1.00    81.70
             ( 1538.83,   794.62)  270.95   2195.30 *345.46* 1483.46     0.03
 sersic    : (   57.01,    43.07)   26.89      2.72  *19.60*   1.00    81.27
             ( 1934.09,   855.76)  523.40    784.70 *290.98* 1367.17     0.02
 sersic    : (   57.07,    43.07)   26.88      2.59  *18.37*   0.99   -38.92
             ( 3324.87,  1326.28)  586.18   1585.65 *300.87* 851.08     0.56
 sersic    : (   57.08,    43.02)   26.88      2.42  *16.27*   1.00     5.57
             ( 2149.49,  1297.95)  392.16   1193.43 *292.10* 1229.29     1.10
 sersic    : (   57.01,    43.06)   26.89      2.69  *19.41*   1.00    87.22
             ( 1130.14,  1273.26)  451.32   1476.44 *254.42* 609.69     0.01
 sersic    : (   57.06,    43.08)   26.89      2.64  *18.69*   0.99   -42.38
             ( 1126.37,  2652.86)  418.80   2472.65 *268.91* 772.12     2.04
 sersic    : (   57.09,    43.02)   26.88      2.41  *16.15*   0.99    71.83
             (  819.71,   621.92)  603.23   1271.36 *291.37* 276.77     2.29
 sersic    : (   57.01,    43.05)   26.89      2.66  *18.78*   1.00    81.57
             ( 1021.76,  2542.73)  548.25   4332.43 *292.40* 4201.69     0.00
 sersic    : (   57.05,    43.08)   26.89      2.68  *19.19*   1.00    81.56
             ( 1320.67,  1499.67) 1271.50   3607.28 *397.83* 1349.96     0.05
 sersic    : (   57.09,    43.03)   26.88      2.41  *16.26*   0.99    48.79
             (  740.15,  1627.74)  388.14    810.29 *328.91* 905.82     0.61
 sersic    : (   57.02,    43.04)   26.88      2.62  *18.29*   1.00    42.31
             ( 1414.26,   860.34)  361.01   1604.11 *615.14* 1968.94     0.00
 sersic    : (   57.04,    43.08)   26.89      2.71  *19.57*   1.00    82.75
             ( 1439.24,  1428.83)  518.66   3929.17 *268.30* 1847.96     0.00
 sersic    : (   57.09,    43.03)   26.88      2.43  *16.25*   1.00    81.34
             ( 1133.26,  1130.40)  480.54   2773.23 *467.28* 1571.21     0.05
 sersic    : (   57.03,    43.03)   26.88      2.57  *17.86*   1.00    67.37
             ( 1048.56,   570.28)  407.86   2128.58 *556.08* 2616.94     0.03
 sersic    : (   57.03,    43.09)   26.89      2.73  *19.89*   1.00    81.21
             (  730.37,  1571.96)  428.20   2278.35 *667.99* 1962.08     0.03
 sersic    : (   57.09,    43.04)   26.88      2.45  *16.53*   1.00    81.47
             (  862.22,  2139.51)  397.87   2209.16 *325.27* 1763.36     0.03
 sersic    : (   57.04,    43.03)   26.88      2.53  *17.44*   1.00    80.72
             ( 1352.63,  1081.47)  475.19   1664.75 *564.76* 1191.48     0.08
 sersic    : (   57.02,    43.08)   26.89      2.75  *20.00*   1.00    14.57
             ( 1466.54,  2040.63)  249.20   2803.21 *764.84* 1613.28     0.00
 sersic    : (   57.09,    43.05)   26.88      2.47  *17.02*   1.00    81.25
             ( 1454.34,  1510.57)  634.63   1721.46 *363.53* 2649.94     0.00
 sersic    : (   57.05,    43.02)   26.88      2.49  *17.14*   1.00    78.70
             ( 1133.72,  1247.35)  599.19   2358.75 *498.32* 1042.25     0.00
 sersic    : (   57.01,    43.08)   26.89      2.75  *19.96*   1.00    60.79
             ( 1985.87,   953.72)  486.65   3435.22 *252.56* 2034.71     0.19
 sersic    : (   57.04,    42.97)   26.87      2.11    4.04    0.99    83.21
             (   13.22,    33.01)  242.12     29.16  371.51   13.04    71.33
 sersic    : (   57.06,    43.02)   26.88      2.46  *16.68*   1.00   -39.79
             ( 1085.33,  1385.43)  508.21   2299.82 *357.97* 1812.36     0.00
 sersic    : (   57.01,    43.07)   26.89      2.74  *19.92*   1.00    84.80
             ( 1634.90,  1369.35)  412.69   3120.72 *344.45* 1747.78     0.03
 Chi^2 = 1811390.00050,  ndof = 9415
 Chi^2/nu = 192.394 

-----------------------------------------------------------------------------
-----------------------------------------------------------------------------

Input image     : ./stamps/JADES-3892_F115W_sci.2as.fits[1:98,1:98] 
Init. par. file : JADES-3892.F115W_single.run.galfit 
Restart file    : galfit.30 
Output image    : ./JADES-3892.F115W_single.fit.fits 

 sersic    : (   57.61,    41.39)  *30.24*    *0.01*   6.64    0.17   -45.42
             (    9.61,    70.63) *1383.73*   *13.32* 5106.98  384.75 10451.29
 sersic    : (   57.59,    43.20)   24.78      5.32    2.28    0.56    77.78
             (    0.02,     0.02)    0.01      0.12    0.06    0.00     0.72
 sersic    : (   53.22,    52.80)   24.83     11.06    0.78    0.42    74.06
             (    0.09,     0.06)    0.01      0.15    0.02    0.00     0.55
 sersic    : (   48.39,    51.19)   24.54      2.33    0.59    0.46    69.39
             (    0.01,     0.00)    0.00      0.01    0.01    0.00     0.24
 Chi^2 = 9902.34984,  ndof = 9576
 Chi^2/nu = 1.034 

-----------------------------------------------------------------------------
-----------------------------------------------------------------------------

Input image     : ./stamps/JADES-3892_F115W_sci.2as.fits[1:98,1:98] 
Init. par. file : JADES-3892.F115W_single.run.galfit 
Restart file    : galfit.31 
Output image    : ./JADES-3892.F115W_single.fit.fits 

 sersic    : (   57.61,    41.39)  *30.24*    *0.01*   6.64    0.17   -45.42
             (    9.61,    70.63) *1383.73*   *13.32* 5106.98  384.75 10451.29
 sersic    : (   57.59,    43.20)   24.78      5.32    2.28    0.56    77.78
             (    0.02,     0.02)    0.01      0.12    0.06    0.00     0.72
 sersic    : (   53.22,    52.80)   24.83     11.06    0.78    0.42    74.06
             (    0.09,     0.06)    0.01      0.15    0.02    0.00     0.55
 sersic    : (   48.39,    51.19)   24.54      2.33    0.59    0.46    69.39
             (    0.01,     0.00)    0.00      0.01    0.01    0.00     0.24
 Chi^2 = 9902.34984,  ndof = 9576
 Chi^2/nu = 1.034 

-----------------------------------------------------------------------------
-----------------------------------------------------------------------------

Input image     : ./stamps/JADES-3892_F115W_sci.2as.fits[1:98,1:98] 
Init. par. file : galfit.31 
Restart file    : galfit.32 
Output image    : ./JADES-3892.F115W_single.fit.fits 

 sersic    : (   57.61,    41.39)  *30.24*    *0.01*   6.64    0.17   -45.42
             (   63.05,   106.92) *1257.69*   *36.54* 9856.18  277.66  8066.40
 sersic    : (   57.59,    43.20)   24.78      5.32    2.28    0.56    77.78
             (    0.02,     0.02)    0.01      0.12    0.05    0.00     0.72
 sersic    : (   53.22,    52.80)   24.83     11.06    0.78    0.42    74.06
             (    0.09,     0.06)    0.01      0.15    0.02    0.00     0.55
 sersic    : (   48.39,    51.19)   24.54      2.33    0.59    0.46    69.39
             (    0.01,     0.00)    0.00      0.01    0.01    0.00     0.24
 Chi^2 = 9902.34268,  ndof = 9576
 Chi^2/nu = 1.034 

-----------------------------------------------------------------------------
-----------------------------------------------------------------------------

Input image     : ./stamps/JADES-3892_F115W_sci.2as.fits[1:98,1:98] 
Init. par. file : galfit.32 
Restart file    : galfit.33 
Output image    : ./JADES-3892.F115W_single.fit.fits 

 sersic    : (   57.61,    41.39)  *30.24*    *0.01*   6.64    0.17   -45.42
             (    6.95,    67.67) *111.38*    *3.50* 920.50   62.67 10668.74
 sersic    : (   57.59,    43.20)   24.78      5.32    2.28    0.56    77.78
             (    0.02,     0.01)    0.01      0.12    0.06    0.00     0.72
 sersic    : (   53.22,    52.80)   24.83     11.06    0.78    0.42    74.06
             (    0.09,     0.03)    0.01      0.15    0.02    0.00     0.55
 sersic    : (   48.39,    51.19)   24.54      2.33    0.59    0.46    69.39
             (    0.01,     0.00)    0.00      0.01    0.01    0.00     0.24
 Chi^2 = 9902.34257,  ndof = 9576
 Chi^2/nu = 1.034 

-----------------------------------------------------------------------------
-----------------------------------------------------------------------------

Input image     : ./stamps/JADES-3892_F115W_sci.2as.fits[1:98,1:98] 
Init. par. file : galfit.33 
Restart file    : galfit.34 
Output image    : ./JADES-3892.F115W_single.fit.fits 

 sersic    : (   57.61,    41.39)  *30.24*    *0.01*   6.64    0.17   -45.42
             (    6.95,    67.67) *111.38*    *3.50* 920.50   62.67 10668.74
 sersic    : (   57.59,    43.20)   24.78      5.32    2.28    0.56    77.78
             (    0.02,     0.01)    0.01      0.12    0.06    0.00     0.72
 sersic    : (   53.22,    52.80)   24.83     11.06    0.78    0.42    74.06
             (    0.09,     0.03)    0.01      0.15    0.02    0.00     0.55
 sersic    : (   48.39,    51.19)   24.54      2.33    0.59    0.46    69.39
             (    0.01,     0.00)    0.00      0.01    0.01    0.00     0.24
 Chi^2 = 9902.34257,  ndof = 9576
 Chi^2/nu = 1.034 

-----------------------------------------------------------------------------
-----------------------------------------------------------------------------

Input image     : ./stamps/JADES-3892_F115W_sci.2as.fits[1:98,1:98] 
Init. par. file : galfit.34 
Restart file    : galfit.35 
Output image    : ./JADES-3892.F115W_single.fit.fits 

 sersic    : (   57.61,    41.39)  *30.24*    *0.01*   6.64    0.17   -45.42
             (    6.95,    67.67) *111.38*    *3.50* 920.50   62.67 10668.74
 sersic    : (   57.59,    43.20)   24.78      5.32    2.28    0.56    77.78
             (    0.02,     0.01)    0.01      0.12    0.06    0.00     0.72
 sersic    : (   53.22,    52.80)   24.83     11.06    0.78    0.42    74.06
             (    0.09,     0.03)    0.01      0.15    0.02    0.00     0.55
 sersic    : (   48.39,    51.19)   24.54      2.33    0.59    0.46    69.39
             (    0.01,     0.00)    0.00      0.01    0.01    0.00     0.24
 Chi^2 = 9902.34257,  ndof = 9576
 Chi^2/nu = 1.034 

-----------------------------------------------------------------------------
-----------------------------------------------------------------------------

Input image     : ./stamps/JADES-3892_F115W_sci.2as.fits[1:98,1:98] 
Init. par. file : galfit.35 
Restart file    : galfit.36 
Output image    : ./JADES-3892.F115W_single.fit.fits 

 sersic    : (   57.61,    41.39)  *30.24*    *0.01*   6.64    0.17   -45.42
             (    6.95,    67.67) *111.38*    *3.50* 920.50   62.67 10668.74
 sersic    : (   57.59,    43.20)   24.78      5.32    2.28    0.56    77.78
             (    0.02,     0.01)    0.01      0.12    0.06    0.00     0.72
 sersic    : (   53.22,    52.80)   24.83     11.06    0.78    0.42    74.06
             (    0.09,     0.03)    0.01      0.15    0.02    0.00     0.55
 sersic    : (   48.39,    51.19)   24.54      2.33    0.59    0.46    69.39
             (    0.01,     0.00)    0.00      0.01    0.01    0.00     0.24
 Chi^2 = 9902.34257,  ndof = 9576
 Chi^2/nu = 1.034 

-----------------------------------------------------------------------------
-----------------------------------------------------------------------------

Input image     : ./stamps/JADES-3892_F115W_sci.2as.fits[1:98,1:98] 
Init. par. file : galfit.35 
Restart file    : galfit.37 
Output image    : ./JADES-3892.F115W_single.fit.fits 

 sersic    : (   57.61,    41.39)  *30.24*    *0.01*   6.64    0.17   -45.42
             (    6.95,    67.67) *111.38*    *3.50* 920.50   62.67 10668.74
 sersic    : (   57.59,    43.20)   24.78      5.32    2.28    0.56    77.78
             (    0.02,     0.01)    0.01      0.12    0.06    0.00     0.72
 sersic    : (   53.22,    52.80)   24.83     11.06    0.78    0.42    74.06
             (    0.09,     0.03)    0.01      0.15    0.02    0.00     0.55
 sersic    : (   48.39,    51.19)   24.54      2.33    0.59    0.46    69.39
             (    0.01,     0.00)    0.00      0.01    0.01    0.00     0.24
 Chi^2 = 9902.34257,  ndof = 9576
 Chi^2/nu = 1.034 

-----------------------------------------------------------------------------
-----------------------------------------------------------------------------

Input image     : ./stamps/JADES-3892_F115W_sci.2as.fits[1:98,1:98] 
Init. par. file : JADES-3892.F115W_single.run.galfit 
Restart file    : galfit.38 
Output image    : ./JADES-3892.F115W_single.fit.fits 

 sersic    : (   48.65,    51.78)   25.38     *0.01*   6.21   *0.04*   -3.68
             (   11.16,    42.94)   60.15     *0.19*  78.44  *21.98*  440.21
 sersic    : (   59.18,    42.72)   25.84     12.37    3.87    0.50   -84.12
             (    0.13,     0.11)    0.15      3.77    0.65    0.04     5.97
 sersic    : (   57.04,    43.30)   25.80      3.78    6.00    0.39    58.61
             (    0.03,     0.03)    0.23      1.20    1.09    0.02     2.29
 sersic    : (   59.80,    44.25)   26.09      4.77    0.30    0.58   -55.79
             (    0.06,     0.05)    0.03      0.07    0.02    0.01     1.47
 sersic    : (   50.12,    50.80)   25.63      5.09    7.98    0.23    29.08
             (    0.10,     0.07)    0.11      0.84    1.73    0.02     1.14
 sersic    : (   48.19,    50.27)   25.59      5.94  *12.16*   0.22   -85.08
             (    0.13,     0.08)    0.16      2.41   *6.16*   0.02     1.17
 sersic    : (   52.93,    52.64)   25.62      6.84    0.11    0.38    88.92
             (    0.06,     0.02)    0.01      0.05    0.01    0.00     0.45
 sersic    : (   46.44,    51.83)   25.31      4.45  *11.60*   0.57   -30.17
             (    0.04,     0.03)    0.06      1.01   *2.90*   0.04     3.09
 sersic    : (   49.00,    50.92)   25.65      4.68    5.73    0.13    56.08
             (    0.16,     0.11)    0.18      1.43    1.52    0.01     0.46
 Chi^2 = 6851.63806,  ndof = 9541
 Chi^2/nu = 0.718 

-----------------------------------------------------------------------------
-----------------------------------------------------------------------------

Input image     : ./stamps/JADES-3892_F115W_sci.2as.fits[1:98,1:98] 
Init. par. file : JADES-3892.F115W_single.run.galfit 
Restart file    : galfit.39 
Output image    : ./JADES-3892.F115W_single.fit.fits 

 sersic    : (   48.24,    51.44)   25.67     *0.04*   8.00   *0.09*  -46.04
             (    0.04,     0.06)    2.70     *0.14*   7.27   *0.48*    5.38
 sersic    : (   53.79,    47.94)   26.00     10.00    0.32    0.41    51.88
             (   44.22,    30.83)    5.32     43.39   11.76   12.97     6.14
 sersic    : (   53.86,    48.00)   26.01     10.07    0.29    0.42    49.52
             (   28.17,    15.07)    5.72     23.54    9.70   13.03     9.39
 sersic    : (   53.77,    47.87)   26.00      9.94    0.32    0.39    54.17
             (   20.21,    25.29)    5.52     21.44    5.54    5.37     9.18
 sersic    : (   53.79,    47.92)   26.00      9.98    0.31    0.40    52.52
             (   16.34,    19.26)    3.25     10.50   29.21   40.18     5.73
 sersic    : (   57.56,    43.17)   26.59      3.61  *20.00*   0.71    89.03
             (    1.31,     0.30)    4.40     36.03   *2.68*   0.88    19.45
 sersic    : (   53.84,    47.99)   26.01     10.04    0.30    0.42    50.60
             (   21.58,    32.78)    3.47     33.50   15.60   24.57     4.96
 sersic    : (   57.35,    43.03)   26.69      2.68  *19.89*   0.93   -71.99
             (    1.81,     0.39)    4.45     29.28   *4.79*   0.41     2.58
 sersic    : (   53.80,    47.92)   26.00      9.97    0.31    0.40    52.72
             (   31.35,    24.34)    2.72     44.27   26.81   44.09     4.23
 Chi^2 = 75837.81094,  ndof = 9541
 Chi^2/nu = 7.949 

-----------------------------------------------------------------------------
-----------------------------------------------------------------------------

Input image     : ./stamps/JADES-3892_F115W_sci.2as.fits[1:98,1:98] 
Init. par. file : JADES-3892.F115W_single.run.galfit 
Restart file    : galfit.40 
Output image    : ./JADES-3892.F115W_single.fit.fits 

 sersic    : (   48.00,    51.00)    0.00      2.00    4.00    1.00     0.00
             (    0.03,     0.03)    0.04      0.14    0.53    0.05 1766846.25
 sersic    : (   57.00,    43.00)   28.00      1.00    4.00    1.00     0.00
             (4040682240.00, 4136597504.00) 6047311872.00 8822504448.00 112542670848.00 8226775552.00 303893606484148224.00
 Chi^2 = 11598136112091347634094080.00000,  ndof = 9590
 Chi^2/nu = 1209398968935489732608.000 

-----------------------------------------------------------------------------
-----------------------------------------------------------------------------

Input image     : ./stamps/JADES-3892_F115W_sci.2as.fits[1:98,1:98] 
Init. par. file : JADES-3892.F115W_single.run.galfit 
Restart file    : galfit.41 
Output image    : ./JADES-3892.F115W_single.fit.fits 

 sersic    : (   48.25,    51.14)   25.43      1.29    0.20    0.42    76.50
             (    0.00,     0.00)    0.00      0.00    0.00    0.00     0.00
 sersic    : (   57.19,    43.19)   27.01     *0.44*  *0.02*   0.20    32.44
             (34518.65,   566.28) 1490.73 *10073.10* *1649.67* 3204.21 60579.39
 Chi^2 = 290713.39985,  ndof = 9590
 Chi^2/nu = 30.314 

-----------------------------------------------------------------------------
-----------------------------------------------------------------------------

Input image     : ./stamps/JADES-3892_F115W_sci.2as.fits[1:98,1:98] 
Init. par. file : JADES-3892.F115W_single.run.galfit 
Restart file    : galfit.42 
Output image    : ./JADES-3892.F115W_single.fit.fits 

 sersic    : (   48.25,    51.14)   25.43      1.29    0.20    0.42    76.50
             (    0.00,     0.00)    0.00      0.00    0.00    0.00     0.00
 sersic    : (   57.19,    43.19)   27.01     *0.44*  *0.02*   0.20    32.44
             (34518.65,   566.28) 1490.73 *10073.10* *1649.67* 3204.21 60579.39
 Chi^2 = 290713.39985,  ndof = 9590
 Chi^2/nu = 30.314 

-----------------------------------------------------------------------------
-----------------------------------------------------------------------------

Input image     : ./stamps/JADES-3892_F115W_sci.2as.fits[1:98,1:98] 
Init. par. file : JADES-3892.F115W_single.run.galfit 
Restart file    : galfit.43 
Output image    : ./JADES-3892.F115W_single.fit.fits 

 sersic    : (   48.51,    51.27)   24.12      3.24    1.69    0.50    73.03
             (    0.01,     0.00)    0.00      0.02    0.02    0.00     0.31
 sersic    : (   57.75,    43.26)   24.14     10.80    4.03    0.83   -89.00
             (    0.02,     0.02)    0.03      0.50    0.12    0.01     2.74
 Chi^2 = 16926.66187,  ndof = 9590
 Chi^2/nu = 1.765 

-----------------------------------------------------------------------------
-----------------------------------------------------------------------------

Input image     : ./stamps/JADES-3892_F115W_sci.2as.fits[1:98,1:98] 
Init. par. file : JADES-3892.F115W_single.run.galfit 
Restart file    : galfit.44 
Output image    : ./JADES-3892.F115W_single.fit.fits 

 sersic    : (   48.51,    51.27)   24.12      3.24    1.69    0.50    73.03
             (    0.01,     0.00)    0.00      0.02    0.02    0.00     0.31
 sersic    : (   57.75,    43.26)   24.14     10.81    4.03    0.83   -89.00
             (    0.02,     0.02)    0.03      0.50    0.12    0.01     2.74
 Chi^2 = 16926.66314,  ndof = 9590
 Chi^2/nu = 1.765 

-----------------------------------------------------------------------------
-----------------------------------------------------------------------------

Input image     : ./stamps/JADES-3892_F115W_sci.2as.fits[1:98,1:98] 
Init. par. file : JADES-3892.F115W_single.run.galfit 
Restart file    : galfit.45 
Output image    : ./JADES-3892.F115W_single.fit.fits 

 sersic    : (   48.40,    51.18)   24.51      2.37    0.63    0.44    71.32
             (    0.00,     0.00)    0.01      0.01    0.01    0.00     0.14
 sersic    : (   57.23,    43.23)   25.42      2.69    1.69    0.64    68.21
             (    0.01,     0.01)    0.02      0.07    0.05    0.01     1.51
 sersic    : (   53.02,    47.98)   23.95     64.21    3.08    0.44    77.35
             (    0.19,     0.14)    0.10     11.18    0.25    0.01     1.06
 sersic    : (   60.55,    48.62)   27.61      6.81   *0.04*   0.13    19.08
             (    0.13,     0.31)    0.15     10.77   *0.17*   0.03     1.10
 sersic    : (   61.36,    43.45)   26.89      4.49    0.62    0.34   -44.14
             (    0.11,     0.08)    0.04      0.14    0.05    0.02     1.70
 sersic    : (   52.42,    54.04)   25.83      7.57    0.27    0.28    74.95
             (    0.08,     0.03)    0.01      0.06    0.01    0.00     0.53
 Chi^2 = 7758.64404,  ndof = 9562
 Chi^2/nu = 0.811 

-----------------------------------------------------------------------------
