-----------------------------------------------------------------------------

Input image     : ./stamps/JADES-7809_F115W_sci.2as.fits[1:98,1:98] 
Init. par. file : JADES-7809.F115W_single.run.galfit 
Restart file    : galfit.01 
Output image    : ./JADES-7809.F115W_single.fit.fits 

 sersic    : (   48.00,    50.67)   25.63      4.88    0.97    0.46    19.69
             (    0.01,     0.02)    0.01      0.05    0.02    0.01     0.50
 Chi^2 = 4307.48925,  ndof = 9513
 Chi^2/nu = 0.453 

-----------------------------------------------------------------------------
-----------------------------------------------------------------------------

Input image     : ./stamps/JADES-7809_F115W_sci.2as.fits[1:98,1:98] 
Init. par. file : JADES-7809.F115W_single.run.galfit 
Restart file    : galfit.02 
Output image    : ./JADES-7809.F115W_single.fit.fits 

 sersic    : (   47.99,    50.65)   26.00      4.72    8.00    0.35    21.98
             (    0.02,     0.03)    0.07      0.75    1.12    0.02     1.38
 Chi^2 = 8719.23134,  ndof = 9513
 Chi^2/nu = 0.917 

-----------------------------------------------------------------------------
-----------------------------------------------------------------------------

Input image     : ./stamps/JADES-7809_F115W_sci.2as.fits[1:98,1:98] 
Init. par. file : JADES-7809.F115W_single.run.galfit 
Restart file    : galfit.03 
Output image    : ./JADES-7809.F115W_single.fit.fits 

 sersic    : (   48.00,    50.67)   25.63      4.88    0.97    0.46    19.69
             (    0.01,     0.02)    0.01      0.05    0.02    0.01     0.50
 Chi^2 = 4307.48947,  ndof = 9513
 Chi^2/nu = 0.453 

-----------------------------------------------------------------------------
-----------------------------------------------------------------------------

Input image     : ./stamps/JADES-7809_F115W_sci.2as.fits[1:98,1:98] 
Init. par. file : JADES-7809.F115W_single.run.galfit 
Restart file    : galfit.04 
Output image    : ./JADES-7809.F115W_single.fit.fits 

 sersic    : (   48.25,    49.88)   26.02     *0.01*   8.00   *0.10*  -83.39
             (    0.75,    10.70)   46.71     *0.80* 132.89   *8.60*  372.10
 Chi^2 = 15373.74501,  ndof = 9513
 Chi^2/nu = 1.616 

-----------------------------------------------------------------------------
-----------------------------------------------------------------------------

Input image     : ./stamps/JADES-7809_F115W_sci.2as.fits[1:98,1:98] 
Init. par. file : JADES-7809.F115W_single.run.galfit 
Restart file    : galfit.05 
Output image    : ./JADES-7809.F115W_single.fit.fits 

 sersic    : (   47.33,    50.19)   26.15     *0.01*   8.00    0.13    64.45
             (    0.42,     1.39)   81.68     *0.82* 133.55   17.01   195.64
 Chi^2 = 16663.05356,  ndof = 9513
 Chi^2/nu = 1.752 

-----------------------------------------------------------------------------
-----------------------------------------------------------------------------

Input image     : ./stamps/JADES-7809_F115W_sci.2as.fits[1:98,1:98] 
Init. par. file : JADES-7809.F115W_single.run.galfit 
Restart file    : galfit.06 
Output image    : ./JADES-7809.F115W_single.fit.fits 

 sersic    : (   48.00,    50.67)   25.63      4.88    0.97    0.46    19.69
             (    0.01,     0.02)    0.01      0.05    0.02    0.01     0.50
 Chi^2 = 4307.48947,  ndof = 9513
 Chi^2/nu = 0.453 

-----------------------------------------------------------------------------
-----------------------------------------------------------------------------

Input image     : ./stamps/JADES-7809_F115W_sci.2as.fits[1:98,1:98] 
Init. par. file : JADES-7809.F115W_single.run.galfit 
Restart file    : galfit.07 
Output image    : ./JADES-7809.F115W_single.fit.fits 

 sersic    : (   50.21,    48.50)   24.20    154.03    3.30    0.89   -82.81
             (    0.63,     0.62)    0.81    156.20    1.51    0.07    22.75
 sersic    : (   47.92,    50.78)   25.89      4.14    0.63    0.45    19.51
             (    0.02,     0.04)    0.01      0.04    0.02    0.00     0.44
 Chi^2 = 3948.46551,  ndof = 9506
 Chi^2/nu = 0.415 

-----------------------------------------------------------------------------
