-----------------------------------------------------------------------------

Input image     : ./stamps/JADES-21150_F115W_sci.2as.fits[1:98,1:98] 
Init. par. file : JADES-21150.F115W_single.run.galfit 
Restart file    : galfit.01 
Output image    : ./JADES-21150.F115W_single.fit.fits 

 sersic    : (   51.10,    43.93)   25.00      7.55    0.20    0.25    26.89
             (    0.03,     0.05)    0.01      0.06    0.02    0.00     0.27
 Chi^2 = 35292.16447,  ndof = 9333
 Chi^2/nu = 3.781 

-----------------------------------------------------------------------------
-----------------------------------------------------------------------------

Input image     : ./stamps/JADES-21150_F115W_sci.2as.fits[1:98,1:98] 
Init. par. file : JADES-21150.F115W_single.run.galfit 
Restart file    : galfit.02 
Output image    : ./JADES-21150.F115W_single.fit.fits 

 sersic    : (   51.10,    43.93)   25.00      7.55    0.20    0.25    26.89
             (    0.03,     0.05)    0.01      0.06    0.02    0.00     0.27
 Chi^2 = 35292.16447,  ndof = 9333
 Chi^2/nu = 3.781 

-----------------------------------------------------------------------------
-----------------------------------------------------------------------------

Input image     : ./stamps/JADES-21150_F115W_sci.2as.fits[1:98,1:98] 
Init. par. file : JADES-21150.F115W_single.run.galfit 
Restart file    : galfit.03 
Output image    : ./JADES-21150.F115W_single.fit.fits 

 sersic    : (   48.20,    39.50)   25.39     13.93    1.09    0.22     4.73
             (    0.04,     0.22)    0.02      0.43    0.05    0.00     0.44
 sersic    : (   49.88,    49.15)   25.39     12.03    0.05    0.18    22.25
             (    0.05,     0.13)    0.01      0.52    0.02    0.00     0.24
 sersic    : (   52.03,    42.38)   25.76      6.37    0.05    0.20    33.88
             (    0.04,     0.06)    0.02      0.95    0.04    0.01     0.43
 Chi^2 = 13881.70085,  ndof = 9319
 Chi^2/nu = 1.490 

-----------------------------------------------------------------------------
-----------------------------------------------------------------------------

Input image     : ./stamps/JADES-21150_F115W_sci.2as.fits[1:98,1:98] 
Init. par. file : JADES-21150.F115W_single.run.galfit 
Restart file    : galfit.04 
Output image    : ./JADES-21150.F115W_single.fit.fits 

 sersic    : (   56.75,    39.64)   28.28     *0.01*   2.04   *0.03*   48.99
             (    4.00,     2.33)  225.65     *6.30*  37.47   *7.19*  432.74
 sersic    : (   47.78,    47.97)   24.91     14.11    0.30    0.19     6.54
             (    0.02,     0.11)    0.01      0.12    0.01    0.00     0.17
 sersic    : (   52.34,    42.32)   25.42      7.79   *0.03*   0.18    27.34
             (    0.02,     0.04)    0.03      2.08   *0.04*   0.01     0.34
 Chi^2 = 13701.61963,  ndof = 9319
 Chi^2/nu = 1.470 

-----------------------------------------------------------------------------
-----------------------------------------------------------------------------

Input image     : ./stamps/JADES-21150_F115W_sci.2as.fits[1:98,1:98] 
Init. par. file : JADES-21150.F115W_single.run.galfit 
Restart file    : galfit.05 
Output image    : ./JADES-21150.F115W_single.fit.fits 

 sersic    : (   45.97,    59.03)   27.00      3.13    1.25    0.40    44.07
             (    0.04,     0.07)    0.06      0.22    0.22    0.03     3.22
 sersic    : (   48.20,    35.96)   26.48      6.54    0.24    0.24    -1.13
             (    0.03,     0.14)    0.02      0.11    0.03    0.01     0.47
 sersic    : (   51.50,    42.56)   25.69      7.67   *0.04*   0.25    33.97
             (    0.10,     0.11)    0.02      1.43   *0.02*   0.01     0.44
 sersic    : (   51.33,    45.33)   25.85      9.34   *0.04*   0.14    27.07
             (    0.08,     0.17)    0.02      1.94   *0.02*   0.00     0.20
 sersic    : (   47.93,    49.76)   25.84     14.81    0.06    0.36    14.64
             (    0.10,     0.19)    0.03      0.62    0.02    0.01     0.75
 Chi^2 = 11365.95759,  ndof = 9305
 Chi^2/nu = 1.221 

-----------------------------------------------------------------------------
-----------------------------------------------------------------------------

Input image     : ./stamps/JADES-21150_F115W_sci.2as.fits[1:98,1:98] 
Init. par. file : JADES-21150.F115W_single.run.galfit 
Restart file    : galfit.06 
Output image    : ./JADES-21150.F115W_single.fit.fits 

 sersic    : (   55.32,    39.50)   26.48      3.73    8.00    0.20   -39.39
             (    0.06,     0.03)    0.07      0.57    1.06    0.02     1.59
 sersic    : (   48.24,    46.33)   26.22     13.89   *0.05*   0.16     4.33
             (    0.08,     0.26)    0.11      2.29   *0.02*   0.00     0.41
 sersic    : (   47.08,    44.75)   26.26     13.56   *0.05*   0.14     3.42
             (    0.06,     0.34)    0.14      2.32   *0.02*   0.00     0.25
 sersic    : (   46.56,    56.06)   26.65     10.10   *0.05*   0.23    33.02
             (    0.09,     0.17)    0.05      4.98   *0.06*   0.01     0.73
 sersic    : (   47.40,    58.50)   26.84     12.41    0.40    0.41    23.63
             (    0.39,     0.90)    0.08      0.78    0.07    0.03     2.97
 sersic    : (   51.85,    41.98)   26.72      7.30   *0.03*   0.11    33.43
             (    0.14,     0.21)    0.17     12.02   *0.21*   0.03     2.95
 sersic    : (   51.69,    42.96)   26.65      7.24   *0.03*   0.22    21.15
             (    0.15,     0.35)    0.84      6.82   *0.12*   0.03     3.87
 sersic    : (   51.98,    42.86)   26.66      7.86   *0.03*   0.26    26.09
             (    0.31,     0.60)    0.83     10.62   *0.18*   0.07     3.70
 Chi^2 = 8806.61249,  ndof = 9284
 Chi^2/nu = 0.949 

-----------------------------------------------------------------------------
-----------------------------------------------------------------------------

Input image     : ./stamps/JADES-21150_F115W_sci.2as.fits[1:98,1:98] 
Init. par. file : JADES-21150.F115W_single.run.galfit 
Restart file    : galfit.07 
Output image    : ./JADES-21150.F115W_single.fit.fits 

 sersic    : (   51.44,    41.17)   27.00      1.72    0.20   *0.04*   30.20
             (     nan,      nan)     nan       nan     nan    *nan*     nan
 Chi^2 = 111243.62370,  ndof = 9333
 Chi^2/nu = 11.919 

-----------------------------------------------------------------------------
-----------------------------------------------------------------------------

Input image     : ./stamps/JADES-21150_F115W_sci.2as.fits[1:98,1:98] 
Init. par. file : JADES-21150.F115W_single.run.galfit 
Restart file    : galfit.08 
Output image    : ./JADES-21150.F115W_single.fit.fits 

 sersic    : (   49.61,    44.23)   25.31     *0.01*   8.00   *0.04*  -27.55
             (    0.04,     0.10)   66.53     *0.52*  15.11   *4.49*  278.61
 Chi^2 = 116443.88560,  ndof = 9333
 Chi^2/nu = 12.477 

-----------------------------------------------------------------------------
-----------------------------------------------------------------------------

Input image     : ./stamps/JADES-21150_F115W_sci.2as.fits[1:98,1:98] 
Init. par. file : JADES-21150.F115W_single.run.galfit 
Restart file    : galfit.09 
Output image    : ./JADES-21150.F115W_single.fit.fits 

 sersic    : (   50.70,    44.60)   24.36     10.80    0.70    0.26    22.29
             (    0.02,     0.06)    0.01      0.10    0.02    0.00     0.22
 Chi^2 = 25753.92280,  ndof = 9333
 Chi^2/nu = 2.759 

-----------------------------------------------------------------------------
-----------------------------------------------------------------------------

Input image     : ./stamps/JADES-21150_F115W_sci.2as.fits[1:98,1:98] 
Init. par. file : JADES-21150.F115W_single.run.galfit 
Restart file    : galfit.10 
Output image    : ./JADES-21150.F115W_single.fit.fits 

 sersic    : (   52.60,    42.05)   25.23      6.48    0.20    0.23    27.62
             (    0.02,     0.03)    0.00      0.04    0.01    0.00     0.24
 sersic    : (   47.56,    47.51)   25.07     13.98    0.09    0.17     5.59
             (    0.02,     0.10)    0.01      0.10    0.01    0.00     0.14
 Chi^2 = 15107.03098,  ndof = 9326
 Chi^2/nu = 1.620 

-----------------------------------------------------------------------------
-----------------------------------------------------------------------------

Input image     : ./stamps/JADES-21150_F115W_sci.2as.fits[1:98,1:98] 
Init. par. file : JADES-21150.F115W_single.run.galfit 
Restart file    : galfit.11 
Output image    : ./JADES-21150.F115W_single.fit.fits 

 sersic    : (   48.51,    39.50)   25.73      8.54    0.70    0.32     3.64
             (    0.04,     0.18)    0.04      0.19    0.03    0.01     0.83
 sersic    : (   51.78,    43.21)   25.63      8.46   *0.04*   0.12    29.91
             (    0.03,     0.04)    0.01      1.02   *0.01*   0.00     0.11
 sersic    : (   48.98,    50.91)   25.30     13.29   *0.05*   0.23    23.22
             (    0.06,     0.15)    0.02      1.88   *0.02*   0.00     0.17
 Chi^2 = 13831.48895,  ndof = 9319
 Chi^2/nu = 1.484 

-----------------------------------------------------------------------------
-----------------------------------------------------------------------------

Input image     : ./stamps/JADES-21150_F115W_sci.2as.fits[1:98,1:98] 
Init. par. file : JADES-21150.F115W_single.run.galfit 
Restart file    : galfit.12 
Output image    : ./JADES-21150.F115W_single.fit.fits 

 sersic    : (   45.82,    59.38)   26.06      5.49    1.28    0.57    38.37
             (    0.02,     0.04)    0.02      0.16    0.05    0.01     1.49
 sersic    : (   49.94,    45.69)   25.07      6.21    0.58    0.34    18.94
             (    0.01,     0.02)    0.01      0.06    0.01    0.00     0.25
 sersic    : (   48.01,    33.34)   26.67      3.37    1.27    0.51     8.51
             (    0.02,     0.04)    0.03      0.11    0.10    0.01     1.74
 sersic    : (   54.87,    38.44)   25.54      5.95  *20.00*   0.44    54.03
             (    0.01,     0.01)    0.14      2.71   *4.98*   0.02     1.75
 Chi^2 = 5165.84498,  ndof = 9312
 Chi^2/nu = 0.555 

-----------------------------------------------------------------------------
-----------------------------------------------------------------------------

Input image     : ./stamps/JADES-21150_F115W_sci.2as.fits[1:98,1:98] 
Init. par. file : JADES-21150.F115W_single.run.galfit 
Restart file    : galfit.13 
Output image    : ./JADES-21150.F115W_single.fit.fits 

 sersic    : (   46.05,    59.12)   25.85      6.83    1.43    0.50    37.87
             (    0.02,     0.04)    0.02      0.19    0.05    0.01     1.16
 sersic    : (   49.31,    47.15)   25.54      5.47    0.60    0.33    22.51
             (    0.01,     0.03)    0.02      0.11    0.02    0.00     0.35
 sersic    : (   49.55,    38.87)   25.77      7.80   *0.05*   0.36   -11.34
             (    0.02,     0.08)    0.01      0.96   *0.01*   0.00     0.32
 sersic    : (   54.89,    38.41)   26.23      1.12    2.79    0.41    39.68
             (    0.01,     0.01)    0.02      0.02    0.29    0.02     1.32
 Chi^2 = 5007.77004,  ndof = 9312
 Chi^2/nu = 0.538 

-----------------------------------------------------------------------------
-----------------------------------------------------------------------------

Input image     : ./stamps/JADES-21150_F115W_sci.2as.fits[1:98,1:98] 
Init. par. file : JADES-21150.F115W_single.run.galfit 
Restart file    : galfit.14 
Output image    : ./JADES-21150.F115W_single.fit.fits 

 sersic    : (   45.87,    59.15)   26.09      6.03    4.54    0.70    36.25
             (    0.01,     0.02)    0.04      0.59    0.39    0.02     3.97
 sersic    : (   49.41,    47.59)   26.25      5.23    0.86    0.37    21.89
             (    0.04,     0.09)    0.04      0.08    0.02    0.00     0.64
 sersic    : (   49.41,    47.59)   26.25      5.23    0.86    0.37    21.89
             (    0.04,     0.09)    0.04      0.08    0.02    0.00     0.64
 sersic    : (   50.64,    41.48)   26.22      4.10    0.53    0.59    16.43
             (    0.05,     0.13)    0.07      0.12    0.02    0.02     2.51
 sersic    : (   54.97,    38.56)   25.52      5.65  *20.00*   0.62    22.68
             (    0.02,     0.01)    0.27      4.88   *9.07*   0.02     3.14
 sersic    : (   47.95,    33.12)   26.22     11.35    7.96    0.34    10.97
             (    0.02,     0.05)    0.16      4.08    1.37    0.02     1.86
 Chi^2 = 5923.33543,  ndof = 9298
 Chi^2/nu = 0.637 

-----------------------------------------------------------------------------
-----------------------------------------------------------------------------

Input image     : ./stamps/JADES-21150_F115W_sci.2as.fits[1:98,1:98] 
Init. par. file : JADES-21150.F115W_single.run.galfit 
Restart file    : galfit.15 
Output image    : ./JADES-21150.F115W_single.fit.fits 

 sersic    : (   46.05,    59.12)   25.85      6.83    1.43    0.50    37.87
             (    0.02,     0.04)    0.02      0.19    0.05    0.01     1.16
 sersic    : (   49.31,    47.15)   25.54      5.47    0.60    0.33    22.51
             (    0.01,     0.03)    0.02      0.11    0.02    0.00     0.35
 sersic    : (   49.55,    38.87)   25.77      7.80   *0.05*   0.36   -11.34
             (    0.02,     0.08)    0.01      0.96   *0.01*   0.00     0.32
 sersic    : (   54.89,    38.41)   26.23      1.12    2.79    0.41    39.68
             (    0.01,     0.01)    0.02      0.02    0.29    0.02     1.32
 Chi^2 = 5007.77004,  ndof = 9312
 Chi^2/nu = 0.538 

-----------------------------------------------------------------------------
