-----------------------------------------------------------------------------

Input image     : ./stamps/JADES-10035295_F115W_sci.2as.fits[1:98,1:98] 
Init. par. file : JADES-10035295.F115W_single.run.galfit 
Restart file    : galfit.01 
Output image    : ./JADES-10035295.F115W_single.fit.fits 

 sersic    : (   53.56,    49.57)   26.10      2.10    8.00    0.75    37.84
             (    0.02,     0.02)    0.07      0.29    1.41    0.05     6.06
 Chi^2 = 3550.76307,  ndof = 9119
 Chi^2/nu = 0.389 

-----------------------------------------------------------------------------
-----------------------------------------------------------------------------

Input image     : ./stamps/JADES-10035295_F115W_sci.2as.fits[1:98,1:98] 
Init. par. file : JADES-10035295.F115W_single.run.galfit 
Restart file    : galfit.02 
Output image    : ./JADES-10035295.F115W_single.fit.fits 

 sersic    : (   53.56,    49.70)   26.12     *0.01*   8.00    0.11    79.16
             (    0.23,     3.52)   15.00     *0.39*  75.39    3.19   144.80
 sersic    : (   56.04,    74.83)   25.09     28.74    2.25    0.58   -31.56
             (    0.12,     0.18)    0.08      3.38    0.18    0.02     2.77
 Chi^2 = 4559.36077,  ndof = 9590
 Chi^2/nu = 0.475 

-----------------------------------------------------------------------------
-----------------------------------------------------------------------------

Input image     : ./stamps/JADES-10035295_F115W_sci.2as.fits[1:98,1:98] 
Init. par. file : JADES-10035295.F115W_single.run.galfit 
Restart file    : galfit.03 
Output image    : ./JADES-10035295.F115W_single.fit.fits 

 sersic    : (   53.58,    49.56)   26.55      1.00    2.07    0.82    30.36
             (    0.00,     0.00)    0.00      0.00    0.01    0.00     0.14
 sersic    : (   46.86,    55.42)   26.35    160.35  *18.94*   0.30    35.94
             (    0.00,     0.01)    0.02      0.00   *0.02*   0.03     0.16
 sersic    : (   56.18,    79.37)   27.48     12.87    0.12    0.46    80.77
             (    0.03,     0.30)    0.14      0.32    0.04    0.03     1.28
 sersic    : (   44.63,    75.50)   27.04     19.97   *0.03*   0.38   -84.10
             (    0.10,     0.22)    0.04      0.00   *0.00*   0.02     2.11
 sersic    : (   57.35,    74.55)   26.99      5.97    0.64    0.76   -69.99
             (    0.19,     0.20)    0.09      0.38    0.08    0.03    10.38
 Chi^2 = 3835.44779,  ndof = 9569
 Chi^2/nu = 0.401 

-----------------------------------------------------------------------------
