-----------------------------------------------------------------------------

Input image     : JADES-3184_F115W_sci.2as.fits[1:100,1:100] 
Init. par. file : sample_param.galfit 
Restart file    : galfit.01 
Output image    : JADES-3184_F115W_fit.fits 

 sersic    : (   40.00,    40.00)   28.08     *0.01*   8.00   *0.00*   85.98
             (    0.00,     0.00)    0.00     *0.00*   0.00   *0.00*    0.00
 sky       : [ 50.50,  50.50]  -7.23e-04  [0.00e+00]  [0.00e+00]
                                3.75e-05  [0.00e+00]  [0.00e+00]
 Chi^2 = 5772.53185,  ndof = 9847
 Chi^2/nu = 0.586 

-----------------------------------------------------------------------------
-----------------------------------------------------------------------------

Input image     : JADES-3184_F115W_sci.2as.fits[1:100,1:100] 
Init. par. file : sample_param.galfit 
Restart file    : galfit.02 
Output image    : JADES-3184_F115W_fit.fits 

 sersic    : (  [50.00],  [50.00]) [28.60]    [3.00]  [4.00]  [1.00]   81.25
             (   [0.00],   [0.00])  [0.00]    [0.00]  [0.00]  [0.00] 41860444.00
 sky       : [ 50.50,  50.50]  -7.38e-04  [0.00e+00]  [0.00e+00]
                                3.75e-05  [0.00e+00]  [0.00e+00]
 Chi^2 = 5759.46809,  ndof = 9853
 Chi^2/nu = 0.585 

-----------------------------------------------------------------------------
-----------------------------------------------------------------------------

Input image     : JADES-3184_F115W_sci.2as.fits[1:100,1:100] 
Init. par. file : sample_param.galfit 
Restart file    : galfit.03 
Output image    : JADES-3184_F115W_fit.fits 

 sersic    : (  [50.00],  [50.00]) [28.60]    [9.00]  [4.00]  [0.30]   12.77
             (   [0.00],   [0.00])  [0.00]    [0.00]  [0.00]  [0.00]   14.97
 sky       : [ 50.50,  50.50]  -7.53e-04  [0.00e+00]  [0.00e+00]
                                3.75e-05  [0.00e+00]  [0.00e+00]
 Chi^2 = 5760.17276,  ndof = 9853
 Chi^2/nu = 0.585 

-----------------------------------------------------------------------------
-----------------------------------------------------------------------------

Input image     : JADES-3184_F115W_sci.2as.fits[1:100,1:100] 
Init. par. file : sample_param.galfit 
Restart file    : galfit.04 
Output image    : JADES-3184_F115W_fit.fits 

 sersic    : (  [50.00],  [50.00]) [27.60]    [9.00]  [4.00]  [0.30]  -88.97
             (   [0.00],   [0.00])  [0.00]    [0.00]  [0.00]  [0.00]   10.42
 sky       : [ 50.50,  50.50]  -7.76e-04  [0.00e+00]  [0.00e+00]
                                3.74e-05  [0.00e+00]  [0.00e+00]
 Chi^2 = 5742.76746,  ndof = 9853
 Chi^2/nu = 0.583 

-----------------------------------------------------------------------------
-----------------------------------------------------------------------------

Input image     : JADES-3184_F115W_sci.2as.fits[1:100,1:100] 
Init. par. file : sample_param.galfit 
Restart file    : galfit.05 
Output image    : JADES-3184_F115W_fit.fits 

 sersic    : (  [50.00],  [50.00]) [27.60]    [9.00]  [4.00]  [0.30]   11.82
             (   [0.00],   [0.00])  [0.00]    [0.00]  [0.00]  [0.00]    5.96
 sky       : [ 50.50,  50.50]  -8.05e-04  [0.00e+00]  [0.00e+00]
                                3.75e-05  [0.00e+00]  [0.00e+00]
 Chi^2 = 5749.17405,  ndof = 9853
 Chi^2/nu = 0.583 

-----------------------------------------------------------------------------
-----------------------------------------------------------------------------

Input image     : JADES-3184_F115W_sci.2as.fits[1:100,1:100] 
Init. par. file : sample_param.galfit 
Restart file    : galfit.06 
Output image    : JADES-3184_F115W_fit.fits 

 sersic    : (  [50.00],  [50.00]) [27.60]    [9.00]  [4.00]  [0.30]  [45.00]
             (   [0.00],   [0.00])  [0.00]    [0.00]  [0.00]  [0.00]   [0.00]
 sky       : [ 50.50,  50.50]  -7.98e-04  [0.00e+00]  [0.00e+00]
                                3.75e-05  [0.00e+00]  [0.00e+00]
 Chi^2 = 5751.49639,  ndof = 9854
 Chi^2/nu = 0.584 

-----------------------------------------------------------------------------
-----------------------------------------------------------------------------

Input image     : JADES-3184_F115W_sci.2as.fits[1:100,1:100] 
Init. par. file : sample_param.galfit 
Restart file    : galfit.07 
Output image    : JADES-3184_F115W_fit.fits 

 sersic    : (  [50.00],  [50.00]) [27.60]    [9.00]  [4.00]  [0.30] [-45.00]
             (   [0.00],   [0.00])  [0.00]    [0.00]  [0.00]  [0.00]   [0.00]
 sky       : [ 50.50,  50.50]  -7.92e-04  [0.00e+00]  [0.00e+00]
                                3.74e-05  [0.00e+00]  [0.00e+00]
 Chi^2 = 5745.38147,  ndof = 9854
 Chi^2/nu = 0.583 

-----------------------------------------------------------------------------
-----------------------------------------------------------------------------

Input image     : JADES-3184_F115W_sci.2as.fits[1:100,1:100] 
Init. par. file : sample_param.galfit 
Restart file    : galfit.08 
Output image    : JADES-3184_F115W_fit.fits 

 sersic    : (   43.98,    47.01)   26.80     *0.01*   8.00    0.48   -81.09
             (    5.75,    17.30)  251.51     *5.20* 1559.07   32.50  3698.04
 sky       : [ 50.50,  50.50]  -7.49e-04  [0.00e+00]  [0.00e+00]
                                3.74e-05  [0.00e+00]  [0.00e+00]
 Chi^2 = 5740.16329,  ndof = 9847
 Chi^2/nu = 0.583 

-----------------------------------------------------------------------------
-----------------------------------------------------------------------------

Input image     : JADES-3184_F115W_sci.2as.fits[1:100,1:100] 
Init. par. file : sample_param.galfit 
Restart file    : galfit.09 
Output image    : JADES-3184_F115W_fit.fits 

 sersic    : (   47.10,    49.44)   26.17     10.89    0.51    0.29   -64.20
             (    0.59,     0.30)    0.09      0.79    0.12    0.04     2.50
 sky       : [ 50.50,  50.50]  -8.33e-04  [0.00e+00]  [0.00e+00]
                                3.73e-05  [0.00e+00]  [0.00e+00]
 Chi^2 = 5684.02996,  ndof = 9847
 Chi^2/nu = 0.577 

-----------------------------------------------------------------------------
-----------------------------------------------------------------------------

Input image     : JADES-3184_F115W_sci.2as.fits[1:100,1:100] 
Init. par. file : galfit.09 
Restart file    : galfit.10 
Output image    : JADES-3184_F115W_fit.fits 

 sersic    : (   44.01,    47.58)   26.43      5.96    1.24    0.33   -65.71
             (    0.51,     0.27)    0.10      0.57    0.40    0.07     5.10
 sersic    : (   57.80,    55.12)   27.29      7.33    0.25    0.67    69.67
             (    1.14,     0.63)    0.16      1.01    0.19    0.11    19.87
 sky       : [ 50.50,  50.50]  -8.54e-04  [0.00e+00]  [0.00e+00]
                                3.72e-05  [0.00e+00]  [0.00e+00]
 Chi^2 = 5667.90858,  ndof = 9840
 Chi^2/nu = 0.576 

-----------------------------------------------------------------------------
