-----------------------------------------------------------------------------

Input image     : ./stamps/JADES-7892_F115W_sci.2as.fits[1:98,1:98] 
Init. par. file : JADES-7892.F115W_single.run.galfit 
Restart file    : galfit.01 
Output image    : ./JADES-7892.F115W_single.fit.fits 

 sersic    : (   49.41,    52.02)   26.64      1.24    1.43    0.65   -25.85
             (    0.01,     0.01)    0.01      0.03    0.14    0.02     2.40
 Chi^2 = 4234.76169,  ndof = 9537
 Chi^2/nu = 0.444 

-----------------------------------------------------------------------------
-----------------------------------------------------------------------------

Input image     : ./stamps/JADES-7892_F115W_sci.2as.fits[1:98,1:98] 
Init. par. file : JADES-7892.F115W_single.run.galfit 
Restart file    : galfit.02 
Output image    : ./JADES-7892.F115W_single.fit.fits 

 sersic    : (   49.41,    52.20)   27.07     *0.37*   3.70    0.33   -22.73
             (    0.05,     0.03)    0.02     *0.08*   1.64    0.12     5.00
 sersic    : (   40.91,    39.92)   26.68     *0.28* *20.00*   0.78   -69.12
             (    0.28,     0.18)    0.10     *0.19* *22.57*   0.13    28.27
 Chi^2 = 5435.19486,  ndof = 9530
 Chi^2/nu = 0.570 

-----------------------------------------------------------------------------
-----------------------------------------------------------------------------

Input image     : ./stamps/JADES-7892_F115W_sci.2as.fits[1:98,1:98] 
Init. par. file : JADES-7892.F115W_single.run.galfit 
Restart file    : galfit.03 
Output image    : ./JADES-7892.F115W_single.fit.fits 

 sersic    : (   39.54,    59.44)  *32.64*    *0.02*   0.25   *0.04*  -77.84
             (    0.00,     0.00)   *0.00*    *0.00*   0.00   *0.00*    0.00
 sersic    : (   40.96,    39.87)   26.64      2.72  *20.00*   0.92   -36.04
             (    0.47,     0.32)    1.18      4.82  *60.39*   0.28   105.36
 Chi^2 = 18395.43043,  ndof = 9530
 Chi^2/nu = 1.930 

-----------------------------------------------------------------------------
-----------------------------------------------------------------------------

Input image     : ./stamps/JADES-7892_F115W_sci.2as.fits[1:98,1:98] 
Init. par. file : JADES-7892.F115W_single.run.galfit 
Restart file    : galfit.04 
Output image    : ./JADES-7892.F115W_single.fit.fits 

 sersic    : (   49.43,    52.01)   26.66      1.21    1.36    0.62   -26.50
             (    0.01,     0.01)    0.01      0.03    0.14    0.02     2.14
 sersic    : (   43.74,    45.23)   29.49     13.83   *0.04*  *0.02*  -22.55
             (    0.87,     2.26)    0.31     27.62   *0.24*  *0.01*    0.85
 Chi^2 = 4224.70756,  ndof = 9530
 Chi^2/nu = 0.443 

-----------------------------------------------------------------------------
-----------------------------------------------------------------------------

Input image     : ./stamps/JADES-7892_F115W_sci.2as.fits[1:98,1:98] 
Init. par. file : JADES-7892.F115W_single.run.galfit 
Restart file    : galfit.05 
Output image    : ./JADES-7892.F115W_single.fit.fits 

 sersic    : (   49.41,    52.01)   26.66      1.14    1.03    0.68   -26.51
             (    0.00,     0.00)    0.00      0.00    0.00    0.00     0.00
 sersic    : (   40.76,  *151.48*) *30.09*    *0.00*   5.61   *0.08*   13.32
             (1533610225855102976.00, *6523615792850796544.00*) *597374631694827520.00* *3866709396029440.00* 1052510048309215232.00 *4682700837355520.00* 10658084825333760.00
 Chi^2 = 4256.78656,  ndof = 9530
 Chi^2/nu = 0.447 

-----------------------------------------------------------------------------
-----------------------------------------------------------------------------

Input image     : ./stamps/JADES-7892_F115W_sci.2as.fits[1:98,1:98] 
Init. par. file : JADES-7892.F115W_single.run.galfit 
Restart file    : galfit.06 
Output image    : ./JADES-7892.F115W_single.fit.fits 

 sersic    : (   49.64,    51.74)   26.78      0.85    6.07    0.73    53.55
             (    0.02,     0.03)    0.04      0.06    1.17    0.05     6.93
 sersic    : (   55.39,    38.96)   29.26     *0.01* *20.00*   0.27   -84.63
             (    1.55,     4.69)   53.04     *0.98* *818.61*   3.78   267.99
 Chi^2 = 5273.03699,  ndof = 9530
 Chi^2/nu = 0.553 

-----------------------------------------------------------------------------
-----------------------------------------------------------------------------

Input image     : ./stamps/JADES-7892_F115W_sci.2as.fits[1:98,1:98] 
Init. par. file : JADES-7892.F115W_single.run.galfit 
Restart file    : galfit.07 
Output image    : ./JADES-7892.F115W_single.fit.fits 

 sersic    : (   49.41,    52.02)   26.64      1.24    1.43    0.65   -25.82
             (    0.00,     0.00)    0.00      0.00    0.00    0.00     0.00
 sersic    : (   42.09,    39.31)   27.45     *0.01*   0.74   *0.06*   28.90
             ( 1341.95,  1473.84) 22806.85    *27.05* 4122.72 *461.75* 43772.56
 Chi^2 = 4234.62614,  ndof = 9530
 Chi^2/nu = 0.444 

-----------------------------------------------------------------------------
-----------------------------------------------------------------------------

Input image     : ./stamps/JADES-7892_F115W_sci.2as.fits[1:98,1:98] 
Init. par. file : JADES-7892.F115W_single.run.galfit 
Restart file    : galfit.08 
Output image    : ./JADES-7892.F115W_single.fit.fits 

 sersic    : (   49.41,    52.02)   26.64      1.24    1.44    0.64   -25.86
             (    0.00,     0.00)    0.00      0.00    0.00    0.00     0.00
 sersic    : ( *193.26*, *-116.54*)  11.30     *0.08*   7.52   *0.02*   53.86
             (   *1.28*,   *2.55*)   3.65     *0.23*   6.59   *0.01*    0.78
 Chi^2 = 4218.33134,  ndof = 9530
 Chi^2/nu = 0.443 

-----------------------------------------------------------------------------
-----------------------------------------------------------------------------

Input image     : ./stamps/JADES-7892_F115W_sci.2as.fits[1:98,1:98] 
Init. par. file : JADES-7892.F115W_single.run.galfit 
Restart file    : galfit.09 
Output image    : ./JADES-7892.F115W_single.fit.fits 

 sersic    : (   49.23,    52.12)   26.73      0.71    2.35    0.68   -13.60
             (    0.00,     0.00)    0.00      0.00    0.00    0.00     0.00
 sersic    : (   40.91,    43.06)   29.61     *0.04*   0.27    0.46   -60.34
             (4502294.00, 537867.38) 1804.60 *66818.20* 11097963.00 12699028.00 59525796.00
 Chi^2 = 4637.33008,  ndof = 9530
 Chi^2/nu = 0.487 

-----------------------------------------------------------------------------
-----------------------------------------------------------------------------

Input image     : ./stamps/JADES-7892_F115W_sci.2as.fits[1:98,1:98] 
Init. par. file : JADES-7892.F115W_single.run.galfit 
Restart file    : galfit.10 
Output image    : ./JADES-7892.F115W_single.fit.fits 

 sersic    : (   49.41,    52.02)   26.64      1.24    1.43    0.64   -25.84
             (     nan,      nan)     nan       nan     nan     nan      nan
 sersic    : (   41.80,    55.05)   29.80     *0.01*   0.38    0.25    -8.12
             (     nan,      nan)     nan      *nan*    nan     nan      nan
 Chi^2 = 4234.68812,  ndof = 9530
 Chi^2/nu = 0.444 

-----------------------------------------------------------------------------
-----------------------------------------------------------------------------

Input image     : ./stamps/JADES-7892_F115W_sci.2as.fits[1:98,1:98] 
Init. par. file : JADES-7892.F115W_single.run.galfit 
Restart file    : galfit.11 
Output image    : ./JADES-7892.F115W_single.fit.fits 

 sersic    : (   49.65,    51.64)   26.64      0.86    3.80    0.79   -71.50
             (    0.02,     0.02)    0.02      0.03    0.51    0.04     7.15
 sersic    : (   40.26,    34.89)   29.37     *0.01* *20.00*   0.19    60.28
             (    1.96,     2.95)   54.38     *0.94* *889.20*   6.66   194.40
 Chi^2 = 4948.58193,  ndof = 9530
 Chi^2/nu = 0.519 

-----------------------------------------------------------------------------
-----------------------------------------------------------------------------

Input image     : ./stamps/JADES-7892_F115W_sci.2as.fits[1:98,1:98] 
Init. par. file : JADES-7892.F115W_single.run.galfit 
Restart file    : galfit.12 
Output image    : ./JADES-7892.F115W_single.fit.fits 

 sersic    : (   49.41,    52.02)   26.64      1.24    1.43    0.64   -25.85
             (     nan,      nan)     nan       nan     nan     nan      nan
 sersic    : (   42.89,    40.94)  [29.20]    *0.01*   2.04   *0.04*  -23.98
             (     nan,      nan)   [0.00]     *nan*    nan    *nan*     nan
 Chi^2 = 4234.72542,  ndof = 9531
 Chi^2/nu = 0.444 

-----------------------------------------------------------------------------
-----------------------------------------------------------------------------

Input image     : ./stamps/JADES-7892_F115W_sci.2as.fits[1:98,1:98] 
Init. par. file : JADES-7892.F115W_single.run.galfit 
Restart file    : galfit.13 
Output image    : ./JADES-7892.F115W_single.fit.fits 

 sersic    : (   49.41,    52.02)   26.64      1.24    1.43    0.64   -25.84
             (     nan,      nan)     nan       nan     nan     nan      nan
 sersic    : (   39.45,    38.76)  [28.00]    *0.01*   1.82   *0.02*   51.03
             (     nan,      nan)   [0.00]     *nan*    nan    *nan*     nan
 Chi^2 = 4233.49804,  ndof = 9531
 Chi^2/nu = 0.444 

-----------------------------------------------------------------------------
-----------------------------------------------------------------------------

Input image     : ./stamps/JADES-7892_F115W_sci.2as.fits[1:98,1:98] 
Init. par. file : JADES-7892.F115W_single.run.galfit 
Restart file    : galfit.14 
Output image    : ./JADES-7892.F115W_single.fit.fits 

 sersic    : (   49.37,    52.14)   27.07     *0.22*   5.56    0.72    45.47
             (    0.04,     0.04)    0.05     *0.08*   3.05    0.15    15.56
 sersic    : (   41.13,    39.92)  [27.00]     8.44  *20.00*   0.76   -31.72
             (    0.39,     0.28)   [0.00]     7.78   *9.82*   0.17    25.87
 Chi^2 = 5391.25490,  ndof = 9531
 Chi^2/nu = 0.566 

-----------------------------------------------------------------------------
-----------------------------------------------------------------------------

Input image     : ./stamps/JADES-7892_F115W_sci.2as.fits[1:98,1:98] 
Init. par. file : JADES-7892.F115W_single.run.galfit 
Restart file    : galfit.15 
Output image    : ./JADES-7892.F115W_single.fit.fits 

 sersic    : (   49.30,    51.48)  [28.00]    *0.04*   1.16    0.29   -40.22
             (38701.75, 294018.50)   [0.00]  *163.88* 53726.05 1222.34 229219.86
 sersic    : (   40.84,    39.91)  [27.00]     6.13    8.59    0.84   -52.45
             (    0.40,     0.29)   [0.00]     3.17    3.21    0.19    37.21
 Chi^2 = 10315.71582,  ndof = 9532
 Chi^2/nu = 1.082 

-----------------------------------------------------------------------------
-----------------------------------------------------------------------------

Input image     : ./stamps/JADES-7892_F115W_sci.2as.fits[1:98,1:98] 
Init. par. file : JADES-7892.F115W_single.run.galfit 
Restart file    : galfit.16 
Output image    : ./JADES-7892.F115W_single.fit.fits 

 sersic    : (   49.35,    52.33)  [27.40]     0.52    1.08   *0.04*   77.57
             (    5.06,     1.52)   [0.00]     3.81   51.74   *9.67*  287.12
 sersic    : (   41.12,    40.00)  [27.00]     8.75  *20.00*   0.56   -38.72
             (    0.39,     0.28)   [0.00]     6.53   *6.83*   0.14     9.87
 Chi^2 = 5863.71095,  ndof = 9532
 Chi^2/nu = 0.615 

-----------------------------------------------------------------------------
-----------------------------------------------------------------------------

Input image     : ./stamps/JADES-7892_F115W_sci.2as.fits[1:98,1:98] 
Init. par. file : JADES-7892.F115W_single.run.galfit 
Restart file    : galfit.17 
Output image    : ./JADES-7892.F115W_single.fit.fits 

 sersic    : (   49.37,    52.08)  [27.40]    *0.38*   7.69   *0.08*   19.31
             (    0.13,     0.13)   [0.00]    *0.12*   4.01   *0.06*    4.59
 sersic    : (   41.34,    40.04)  [27.00]    12.17  *18.18*   0.29   -40.42
             (    0.33,     0.24)   [0.00]     8.69   *8.96*   0.08     4.05
 Chi^2 = 7260.32424,  ndof = 9532
 Chi^2/nu = 0.762 

-----------------------------------------------------------------------------
-----------------------------------------------------------------------------

Input image     : ./stamps/JADES-7892_F115W_sci.2as.fits[1:98,1:98] 
Init. par. file : JADES-7892.F115W_single.run.galfit 
Restart file    : galfit.18 
Output image    : ./JADES-7892.F115W_single.fit.fits 

 sersic    : (   49.45,    52.10)  [26.40]     1.65    4.04    0.55   -32.01
             (     nan,      nan)   [0.00]      nan     nan     nan      nan
 sersic    : (   41.14,    41.68)  [27.00]    *0.00*   0.80   *0.05*  -65.20
             (     nan,      nan)   [0.00]     *nan*    nan    *nan*     nan
 Chi^2 = 4397.09442,  ndof = 9532
 Chi^2/nu = 0.461 

-----------------------------------------------------------------------------
-----------------------------------------------------------------------------

Input image     : ./stamps/JADES-7892_F115W_sci.2as.fits[1:98,1:98] 
Init. par. file : JADES-7892.F115W_single.run.galfit 
Restart file    : galfit.19 
Output image    : ./JADES-7892.F115W_single.fit.fits 

 sersic    : (   49.00,    53.59)  [26.40]     7.86    8.00   *0.05*  -39.25
             (    0.05,     0.17)   [0.00]     0.45    0.56   *0.01*    0.56
 sersic    : (   40.41,    40.09)  [26.00]    *0.01* *19.94*   0.96   -65.27
             (    0.46,     0.38)   [0.00]    *0.00* *12.73*   0.69   576.41
 Chi^2 = 11410.36969,  ndof = 9532
 Chi^2/nu = 1.197 

-----------------------------------------------------------------------------
-----------------------------------------------------------------------------

Input image     : ./stamps/JADES-7892_F115W_sci.2as.fits[1:98,1:98] 
Init. par. file : JADES-7892.F115W_single.run.galfit 
Restart file    : galfit.20 
Output image    : ./JADES-7892.F115W_single.fit.fits 

 sersic    : (   49.07,    53.28)  [26.40]     6.35    8.00   *0.05*  -47.99
             (    0.14,     0.04)   [0.00]     0.42    0.45   *0.01*    0.54
 sersic    : (   40.35,    40.06)  [26.70]    *0.01* *19.82*   0.95    38.47
             (    1.09,     0.67)   [0.00]    *0.01* *21.43*   1.43   869.42
 Chi^2 = 9650.40527,  ndof = 9532
 Chi^2/nu = 1.012 

-----------------------------------------------------------------------------
-----------------------------------------------------------------------------

Input image     : ./stamps/JADES-7892_F115W_sci.2as.fits[1:98,1:98] 
Init. par. file : JADES-7892.F115W_single.run.galfit 
Restart file    : galfit.21 
Output image    : ./JADES-7892.F115W_single.fit.fits 

 sersic    : (   49.37,    52.14)   27.07     *0.22*   5.56    0.72    45.47
             (    0.04,     0.04)    0.05     *0.08*   3.05    0.15    15.56
 sersic    : (   41.13,    39.92)  [27.00]     8.44  *20.00*   0.76   -31.72
             (    0.39,     0.28)   [0.00]     7.78   *9.82*   0.17    25.87
 Chi^2 = 5391.25490,  ndof = 9531
 Chi^2/nu = 0.566 

-----------------------------------------------------------------------------
-----------------------------------------------------------------------------

Input image     : ./stamps/JADES-7892_F115W_sci.2as.fits[1:98,1:98] 
Init. par. file : JADES-7892.F115W_single.run.galfit 
Restart file    : galfit.22 
Output image    : ./JADES-7892.F115W_single.fit.fits 

 sersic    : (   49.40,    52.31)   27.02      0.56    4.62    0.36     0.10
             (    0.05,     0.03)    0.02      0.04    1.28    0.06     4.44
 sersic    : (   41.02,    39.91)  [27.00]     7.30  *20.00*   0.86   -79.42
             (    0.40,     0.28)   [0.00]     6.89   *9.72*   0.21    50.51
 Chi^2 = 5446.23983,  ndof = 9531
 Chi^2/nu = 0.571 

-----------------------------------------------------------------------------
-----------------------------------------------------------------------------

Input image     : ./stamps/JADES-7892_F115W_sci.2as.fits[1:98,1:98] 
Init. par. file : JADES-7892.F115W_single.run.galfit 
Restart file    : galfit.23 
Output image    : ./JADES-7892.F115W_single.fit.fits 

 sersic    : (   49.36,    52.21)   26.86      1.29    0.20    0.62    13.27
             (    0.01,     0.02)    0.01      0.07    0.21    0.03     2.35
 sersic    : (   41.41,    40.66)  [27.00]     5.14  *20.00*  *0.05*  -33.92
             (    0.12,     0.31)   [0.00]     3.30   *3.12*  *0.02*    1.31
 Chi^2 = 4676.56273,  ndof = 9531
 Chi^2/nu = 0.491 

-----------------------------------------------------------------------------
-----------------------------------------------------------------------------

Input image     : ./stamps/JADES-7892_F115W_sci.2as.fits[1:98,1:98] 
Init. par. file : JADES-7892.F115W_single.run.galfit 
Restart file    : galfit.24 
Output image    : ./JADES-7892.F115W_single.fit.fits 

 sersic    : (   49.08,    53.81)   27.15      1.39    4.99   *0.06*  -28.65
             (    0.09,     0.13)    0.06      0.16    1.30   *0.05*    1.66
 sersic    : (   40.75,    39.91)  [27.00]     3.19  *13.72*   0.94   -29.90
             (    0.44,     0.29)   [0.00]     3.19   *6.06*   0.24   126.42
 Chi^2 = 10951.46428,  ndof = 9531
 Chi^2/nu = 1.149 

-----------------------------------------------------------------------------
-----------------------------------------------------------------------------

Input image     : ./stamps/JADES-7892_F115W_sci.2as.fits[1:98,1:98] 
Init. par. file : JADES-7892.F115W_single.run.galfit 
Restart file    : galfit.25 
Output image    : ./JADES-7892.F115W_single.fit.fits 

 sersic    : (   49.22,    53.67)   27.22      1.02    3.38    0.57   -80.08
             (    0.05,     0.06)    0.04      0.10    1.11    0.07     7.58
 sersic    : (   41.13,    39.97)  [27.00]     7.67  *20.00*   0.66   -44.54
             (    0.53,     0.39)   [0.00]     9.01  *12.40*   0.23    23.91
 Chi^2 = 10707.78234,  ndof = 9531
 Chi^2/nu = 1.123 

-----------------------------------------------------------------------------
-----------------------------------------------------------------------------

Input image     : ./stamps/JADES-7892_F115W_sci.2as.fits[1:98,1:98] 
Init. par. file : JADES-7892.F115W_single.run.galfit 
Restart file    : galfit.26 
Output image    : ./JADES-7892.F115W_single.fit.fits 

 sersic    : (   49.41,    52.02)   26.58      1.29    1.81    0.65   -25.81
             (     nan,      nan)     nan       nan     nan     nan      nan
 sersic    : (*-258.04*, *-58.77*) [27.00] 29709345348386816.00   [4.00]  *0.00*  -56.00
             (    *nan*,    *nan*)  [0.00]      nan   [0.00]   *nan*     nan
 Chi^2 = 4243.99442,  ndof = 9532
 Chi^2/nu = 0.445 

-----------------------------------------------------------------------------
-----------------------------------------------------------------------------

Input image     : ./stamps/JADES-7892_F115W_sci.2as.fits[1:98,1:98] 
Init. par. file : JADES-7892.F115W_single.run.galfit 
Restart file    : galfit.27 
Output image    : ./JADES-7892.F115W_single.fit.fits 

 sersic    : (   49.38,    52.00)   26.60     *0.01*   8.00    0.80    13.22
             (    0.42,     0.28)   14.50     *0.39* 121.45    1.78   645.06
 sersic    : (   47.69,    50.55)  [27.00]    45.53   [5.00]  *0.07*  -35.66
             (    0.28,     0.41)   [0.00]     8.16   [0.00]  *0.01*    1.07
 Chi^2 = 5011.20385,  ndof = 9532
 Chi^2/nu = 0.526 

-----------------------------------------------------------------------------
-----------------------------------------------------------------------------

Input image     : ./stamps/JADES-7892_F115W_sci.2as.fits[1:98,1:98] 
Init. par. file : JADES-7892.F115W_single.run.galfit 
Restart file    : galfit.28 
Output image    : ./JADES-7892.F115W_single.fit.fits 

 sersic    : (   49.22,    53.67)   27.22      1.02    3.38    0.57   -80.08
             (    0.05,     0.06)    0.04      0.10    1.11    0.07     7.58
 sersic    : (   41.13,    39.97)  [27.00]     7.67  *20.00*   0.66   -44.54
             (    0.53,     0.39)   [0.00]     9.01  *12.40*   0.23    23.91
 Chi^2 = 10707.78234,  ndof = 9531
 Chi^2/nu = 1.123 

-----------------------------------------------------------------------------
-----------------------------------------------------------------------------

Input image     : ./stamps/JADES-7892_F115W_sci.2as.fits[1:98,1:98] 
Init. par. file : JADES-7892.F115W_single.run.galfit 
Restart file    : galfit.29 
Output image    : ./JADES-7892.F115W_single.fit.fits 

 sersic    : (   49.50,    49.50)   27.80      3.00    4.00    1.00     0.26
             (    0.19,     0.19)    0.24      1.36    2.34    0.23 7913510.50
 sersic    : (   40.40,    39.70)  [27.00]     3.00  *20.00*   1.00    -0.70
             (    0.55,     0.33)   [0.00]     6.05  *14.66*   0.28 12357870.00
 Chi^2 = 15601.69271,  ndof = 9531
 Chi^2/nu = 1.637 

-----------------------------------------------------------------------------
-----------------------------------------------------------------------------

Input image     : ./stamps/JADES-7892_F115W_sci.2as.fits[1:98,1:98] 
Init. par. file : JADES-7892.F115W_single.run.galfit 
Restart file    : galfit.30 
Output image    : ./JADES-7892.F115W_single.fit.fits 

 sersic    : (   49.50,    49.50)  [27.80]     3.00    4.00    1.00     0.26
             (    0.19,     0.19)   [0.00]     0.42    1.33    0.20 7877652.00
 sersic    : (   40.40,    39.70)  [27.00]     3.00  *20.00*   1.00    -0.70
             (    0.47,     0.33)   [0.00]     5.21  *11.09*   0.29 12303193.00
 Chi^2 = 15601.69271,  ndof = 9532
 Chi^2/nu = 1.637 

-----------------------------------------------------------------------------
-----------------------------------------------------------------------------

Input image     : ./stamps/JADES-7892_F115W_sci.2as.fits[1:98,1:98] 
Init. par. file : JADES-7892.F115W_single.run.galfit 
Restart file    : galfit.31 
Output image    : ./JADES-7892.F115W_single.fit.fits 

 sersic    : (   49.50,    49.50)  [26.80]     3.00    4.00    1.00     0.01
             (    0.07,     0.07)   [0.00]     0.19    0.48    0.09 3102663.50
 sersic    : (   40.40,    39.70)  [27.00]     3.00  *20.00*   1.00    -0.01
             (    0.53,     0.29)   [0.00]     4.84  *10.30*   0.26 11431949.00
 Chi^2 = 13443.83188,  ndof = 9532
 Chi^2/nu = 1.410 

-----------------------------------------------------------------------------
-----------------------------------------------------------------------------

Input image     : ./stamps/JADES-7892_F115W_sci.2as.fits[1:98,1:98] 
Init. par. file : JADES-7892.F115W_single.run.galfit 
Restart file    : galfit.32 
Output image    : ./JADES-7892.F115W_single.fit.fits 

 sersic    : (   49.50,    49.50)  [27.00]     3.00    4.00    1.00     0.11
             (    0.08,     0.08)   [0.00]     0.23    0.56    0.11 3777735.00
 sersic    : (   40.40,    39.70)  [27.00]     3.00  *20.00*   1.00    -0.29
             (    0.47,     0.30)   [0.00]     4.90  *10.43*   0.26 11577551.00
 Chi^2 = 13798.00372,  ndof = 9532
 Chi^2/nu = 1.448 

-----------------------------------------------------------------------------
-----------------------------------------------------------------------------

Input image     : ./stamps/JADES-7892_F115W_sci.2as.fits[1:98,1:98] 
Init. par. file : JADES-7892.F115W_single.run.galfit 
Restart file    : galfit.33 
Output image    : ./JADES-7892.F115W_single.fit.fits 

 sersic    : (   49.03,    54.06)   27.27      2.83    7.35   *0.04*   49.35
             (    0.13,     0.07)    0.11      0.84    3.25   *0.03*    1.77
 sersic    : (   40.20,    40.06)  [27.00]    *0.01* *19.53*   0.71   -17.17
             (    2.07,     1.10)   [0.00]    *0.01* *34.62*   1.22   213.41
 Chi^2 = 13045.60817,  ndof = 9531
 Chi^2/nu = 1.369 

-----------------------------------------------------------------------------
-----------------------------------------------------------------------------

Input image     : ./stamps/JADES-7892_F115W_sci.2as.fits[1:98,1:98] 
Init. par. file : JADES-7892.F115W_single.run.galfit 
Restart file    : galfit.34 
Output image    : ./JADES-7892.F115W_single.fit.fits 

 sersic    : (   48.99,    53.99)  [27.00]     4.04    7.63   *0.04*   36.28
             (    0.10,     0.06)   [0.00]     0.37    1.88   *0.02*    1.10
 sersic    : (   40.26,    40.02)  [27.00]    *0.01* *19.28*   0.80   -82.19
             (    1.46,     1.06)   [0.00]    *0.01* *37.15*   1.44   314.77
 Chi^2 = 12000.83798,  ndof = 9532
 Chi^2/nu = 1.259 

-----------------------------------------------------------------------------
-----------------------------------------------------------------------------

Input image     : ./stamps/JADES-7892_F115W_sci.2as.fits[1:98,1:98] 
Init. par. file : JADES-7892.F115W_single.run.galfit 
Restart file    : galfit.35 
Output image    : ./JADES-7892.F115W_single.fit.fits 

 sersic    : (   48.99,    53.99)  [27.00]     4.04    7.63   *0.04*   36.28
             (    0.10,     0.06)   [0.00]     0.37    1.88   *0.02*    1.10
 sersic    : (   40.26,    40.02)  [27.00]    *0.01* *19.28*   0.80   -82.19
             (    1.46,     1.06)   [0.00]    *0.01* *37.15*   1.44   314.77
 Chi^2 = 12000.83798,  ndof = 9532
 Chi^2/nu = 1.259 

-----------------------------------------------------------------------------
-----------------------------------------------------------------------------

Input image     : ./stamps/JADES-7892_F115W_sci.2as.fits[1:98,1:98] 
Init. par. file : JADES-7892.F115W_single.run.galfit 
Restart file    : galfit.36 
Output image    : ./JADES-7892.F115W_single.fit.fits 

 sersic    : (   48.99,    53.99)  [27.00]     4.04    7.63   *0.04*   36.28
             (    0.10,     0.06)   [0.00]     0.37    1.88   *0.02*    1.10
 sersic    : (   40.26,    40.02)  [27.00]    *0.01* *19.28*   0.80   -82.19
             (    1.46,     1.06)   [0.00]    *0.01* *37.15*   1.44   314.77
 Chi^2 = 12000.83798,  ndof = 9532
 Chi^2/nu = 1.259 

-----------------------------------------------------------------------------
-----------------------------------------------------------------------------

Input image     : ./stamps/JADES-7892_F115W_sci.2as.fits[1:98,1:98] 
Init. par. file : JADES-7892.F115W_single.run.galfit 
Restart file    : galfit.37 
Output image    : ./JADES-7892.F115W_single.fit.fits 

 sersic    : (   48.99,    53.99)  [27.00]     4.04    7.63   *0.04*   36.28
             (    0.10,     0.06)   [0.00]     0.37    1.88   *0.02*    1.10
 sersic    : (   40.26,    40.02)  [27.00]    *0.01* *19.28*   0.80   -82.19
             (    1.46,     1.06)   [0.00]    *0.01* *37.15*   1.44   314.77
 Chi^2 = 12000.83798,  ndof = 9532
 Chi^2/nu = 1.259 

-----------------------------------------------------------------------------
-----------------------------------------------------------------------------

Input image     : ./stamps/JADES-7892_F115W_sci.2as.fits[1:98,1:98] 
Init. par. file : galfit.31 
Restart file    : galfit.38 
Output image    : ./JADES-7892.F115W_single.fit.fits 

 sersic    : (   49.50,    49.50)  [26.80]     3.00    4.00    1.00     0.01
             (    0.07,     0.07)   [0.00]     0.19    0.48    0.09 3102403.75
 sersic    : (   40.40,    39.70)  [27.00]     3.00  *20.00*   1.00    -0.01
             (    0.53,     0.29)   [0.00]     4.84  *10.30*   0.26 11435454.00
 Chi^2 = 13443.83188,  ndof = 9532
 Chi^2/nu = 1.410 

-----------------------------------------------------------------------------
-----------------------------------------------------------------------------

Input image     : ./stamps/JADES-7892_F115W_sci.2as.fits[1:98,1:98] 
Init. par. file : galfit.31 
Restart file    : galfit.39 
Output image    : ./JADES-7892.F115W_single.fit.fits 

 sersic    : (   49.50,    49.50)  [26.80]     3.00    4.00    1.00     0.01
             (    0.07,     0.07)   [0.00]     0.19    0.49    0.09 3086199.25
 sersic    : (   40.40,    39.70)  [27.00]     3.00  *20.00*   1.00    -0.01
             (    0.12,     0.12)   [0.00]     0.54   *5.24*   0.20 7690907.50
 Chi^2 = 13637.66102,  ndof = 9592
 Chi^2/nu = 1.422 

-----------------------------------------------------------------------------
-----------------------------------------------------------------------------

Input image     : ./stamps/JADES-7892_F115W_sci.2as.fits[1:98,1:98] 
Init. par. file : JADES-7892.F115W_single.run.galfit 
Restart file    : galfit.40 
Output image    : ./JADES-7892.F115W_single.fit.fits 

 sersic    : (   48.99,    53.99)  [27.00]     4.04    7.63   *0.04*   36.28
             (    0.10,     0.06)   [0.00]     0.37    1.88   *0.02*    1.10
 sersic    : (   40.26,    40.02)  [27.00]    *0.01* *19.28*   0.80   -82.19
             (    1.46,     1.06)   [0.00]    *0.01* *37.15*   1.44   314.77
 Chi^2 = 12000.83798,  ndof = 9532
 Chi^2/nu = 1.259 

-----------------------------------------------------------------------------
-----------------------------------------------------------------------------

Input image     : ./stamps/JADES-7892_F115W_sci.2as.fits[1:98,1:98] 
Init. par. file : JADES-7892.F115W_single.run.galfit 
Restart file    : galfit.41 
Output image    : ./JADES-7892.F115W_single.fit.fits 

 sersic    : (   49.40,    52.14)  [28.00]    *0.14*   1.89    0.13   -77.60
             (    0.26,    69.12)   [0.00]    *4.21*  71.46  252.07  8268.84
 sersic    : (   40.06,    41.67)  [29.70]    *0.02* *19.76*   0.15    79.91
             (    1.85,     5.52)   [0.00]    *0.13* *98.65*   3.56   157.55
 Chi^2 = 11054.78930,  ndof = 9592
 Chi^2/nu = 1.153 

-----------------------------------------------------------------------------
-----------------------------------------------------------------------------

Input image     : ./stamps/JADES-7892_F115W_sci.2as.fits[1:98,1:98] 
Init. par. file : JADES-7892.F115W_single.run.galfit 
Restart file    : galfit.42 
Output image    : ./JADES-7892.F115W_single.fit.fits 

 sersic    : (   49.40,    52.03)  [26.00]     3.28    8.00    0.91     8.57
             (     nan,      nan)   [0.00]      nan     nan     nan      nan
 sersic    : (   41.42,    39.08)  [29.70]    *0.33*   0.48   *0.04*   82.46
             (     nan,      nan)   [0.00]     *nan*    nan    *nan*     nan
 Chi^2 = 5299.28879,  ndof = 9592
 Chi^2/nu = 0.552 

-----------------------------------------------------------------------------
-----------------------------------------------------------------------------

Input image     : ./stamps/JADES-7892_F115W_sci.2as.fits[1:98,1:98] 
Init. par. file : JADES-7892.F115W_single.run.galfit 
Restart file    : galfit.43 
Output image    : ./JADES-7892.F115W_single.fit.fits 

 sersic    : (   49.41,    52.02)  [26.50]     1.40    2.54    0.66   -25.53
             (    0.01,     0.01)   [0.00]     0.03    0.15    0.02     2.63
 sersic    : (   40.78,    40.42)  [29.10]    *0.14* *12.08*  *0.03*   46.61
             (    0.44,     0.36)   [0.00]    *0.55* *81.50*  *0.43*   26.30
 Chi^2 = 4531.92069,  ndof = 9592
 Chi^2/nu = 0.472 

-----------------------------------------------------------------------------
-----------------------------------------------------------------------------

Input image     : ./stamps/JADES-7892_F115W_sci.2as.fits[1:98,1:98] 
Init. par. file : JADES-7892.F115W_single.run.galfit 
Restart file    : galfit.44 
Output image    : ./JADES-7892.F115W_single.fit.fits 

 sersic    : (   49.47,    52.00)  [26.50]     1.30    3.71    0.61   -55.69
             (    0.01,     0.02)   [0.00]     0.03    0.26    0.03     2.83
 sersic    : (   41.10,    52.80)  [28.90]    *0.01* *20.00*  *0.02*   40.19
             (    9.98,    11.03)   [0.00]    *0.95* *690.42*  *0.34*   33.23
 Chi^2 = 5455.30605,  ndof = 9592
 Chi^2/nu = 0.569 

-----------------------------------------------------------------------------
-----------------------------------------------------------------------------

Input image     : ./stamps/JADES-7892_F115W_sci.2as.fits[1:98,1:98] 
Init. par. file : JADES-7892.F115W_single.run.galfit 
Restart file    : galfit.45 
Output image    : ./JADES-7892.F115W_single.fit.fits 

 sersic    : (   49.41,    52.02)  [26.50]     1.40    2.54    0.66   -25.53
             (    0.01,     0.01)   [0.00]     0.03    0.15    0.02     2.63
 sersic    : (   40.78,    40.42)  [29.10]    *0.14* *12.08*  *0.03*   46.61
             (    0.44,     0.36)   [0.00]    *0.55* *81.50*  *0.43*   26.30
 Chi^2 = 4531.92069,  ndof = 9592
 Chi^2/nu = 0.472 

-----------------------------------------------------------------------------
-----------------------------------------------------------------------------

Input image     : ./stamps/JADES-7892_F115W_sci.2as.fits[1:98,1:98] 
Init. par. file : JADES-7892.F115W_single.run.galfit 
Restart file    : galfit.46 
Output image    : ./JADES-7892.F115W_single.fit.fits 

 sersic    : (   49.40,    52.01)  [26.50]     0.54    8.00    0.84   -38.71
             (    0.00,     0.00)   [0.00]     0.00    0.00    0.00     0.09
 sersic    : (   40.68,    39.80)  [29.10]    *0.01* *10.22*   0.87    39.48
             (    0.01,     0.01)   [0.00]    *0.00*  *1.44*   0.33    25.99
 sersic    : (   29.99,    39.23)  [29.10]    *0.01*   3.91   *0.04*   53.10
             (   58.03,    69.06)   [0.00]    *6.72* 1718.71  *73.53* 4014.03
 Chi^2 = 5177.46137,  ndof = 9586
 Chi^2/nu = 0.540 

-----------------------------------------------------------------------------
-----------------------------------------------------------------------------

Input image     : ./stamps/JADES-7892_F115W_sci.2as.fits[1:98,1:98] 
Init. par. file : JADES-7892.F115W_single.run.galfit 
Restart file    : galfit.47 
Output image    : ./JADES-7892.F115W_single.fit.fits 

 sersic    : (   49.41,    52.02)  [26.50]     1.40    2.54    0.66   -25.53
             (    0.01,     0.01)   [0.00]     0.03    0.15    0.02     2.63
 sersic    : (   40.78,    40.42)  [29.10]    *0.14* *12.08*  *0.03*   46.61
             (    0.44,     0.36)   [0.00]    *0.55* *81.50*  *0.43*   26.30
 Chi^2 = 4531.92069,  ndof = 9592
 Chi^2/nu = 0.472 

-----------------------------------------------------------------------------
-----------------------------------------------------------------------------

Input image     : ./stamps/JADES-7892_F115W_sci.2as.fits[1:98,1:98] 
Init. par. file : JADES-7892.F115W_single.run.galfit 
Restart file    : galfit.48 
Output image    : ./JADES-7892.F115W_single.fit.fits 

 sersic    : (   49.41,    52.02)  [26.50]     1.40    2.54    0.66   -25.53
             (    0.01,     0.01)   [0.00]     0.03    0.15    0.02     2.63
 sersic    : (   40.78,    40.42)  [29.10]    *0.14* *12.08*  *0.03*   46.61
             (    0.44,     0.36)   [0.00]    *0.55* *81.50*  *0.43*   26.30
 Chi^2 = 4531.92069,  ndof = 9592
 Chi^2/nu = 0.472 

-----------------------------------------------------------------------------
-----------------------------------------------------------------------------

Input image     : ./stamps/JADES-7892_F115W_sci.2as.fits[1:98,1:98] 
Init. par. file : JADES-7892.F115W_single.run.galfit 
Restart file    : galfit.49 
Output image    : ./JADES-7892.F115W_single.fit.fits 

 sersic    : (   49.41,    52.02)  [26.50]     1.40    2.54    0.66   -25.53
             (    0.01,     0.01)   [0.00]     0.03    0.15    0.02     2.63
 sersic    : (   40.78,    40.42)  [29.10]    *0.14* *12.08*  *0.03*   46.61
             (    0.44,     0.36)   [0.00]    *0.55* *81.50*  *0.43*   26.30
 Chi^2 = 4531.92069,  ndof = 9592
 Chi^2/nu = 0.472 

-----------------------------------------------------------------------------
