-----------------------------------------------------------------------------

Input image     : ./stamps/JADES-17566_F115W_sci.2as.fits[1:98,1:98] 
Init. par. file : JADES-17566.F115W_single.run.galfit 
Restart file    : galfit.01 
Output image    : ./JADES-17566.F115W_single.fit.fits 

 sersic    : (   52.07,    48.48)   25.00     22.94    2.23    0.61    25.53
             (    0.08,     0.12)    0.05      1.78    0.13    0.02     2.27
 Chi^2 = 4015.56247,  ndof = 9230
 Chi^2/nu = 0.435 

-----------------------------------------------------------------------------
-----------------------------------------------------------------------------

Input image     : ./stamps/JADES-17566_F115W_sci.2as.fits[1:98,1:98] 
Init. par. file : JADES-17566.F115W_single.run.galfit 
Restart file    : galfit.02 
Output image    : ./JADES-17566.F115W_single.fit.fits 

 sersic    : (   54.39,    50.52)   27.60      3.54    0.20    0.53    -4.57
             (    0.08,     0.14)    0.07      0.15    0.07    0.03     4.33
 sersic    : (   49.63,    52.47)   28.01      6.04   *0.03*   0.58    -1.09
             (    0.43,     0.65)    0.15     17.19   *0.32*   0.07     8.55
 sersic    : (   51.01,    45.38)   23.89    185.58    4.67    0.42    40.20
             (    0.20,     0.22)    0.36    101.20    0.90    0.02     2.05
 Chi^2 = 3785.53019,  ndof = 9216
 Chi^2/nu = 0.411 

-----------------------------------------------------------------------------
-----------------------------------------------------------------------------

Input image     : ./stamps/JADES-17566_F115W_sci.2as.fits[1:98,1:98] 
Init. par. file : JADES-17566.F115W_single.run.galfit 
Restart file    : galfit.03 
Output image    : ./JADES-17566.F115W_single.fit.fits 

 sersic    : (   51.58,    47.15)   26.08     15.59    0.41    0.37    32.43
             (    0.22,     0.38)    0.03      0.67    0.04    0.02     1.29
 sersic    : (   52.87,    49.37)   27.23      4.89   *0.05*   0.52   -26.16
             (    0.08,     0.10)    0.03      6.01   *0.14*   0.03     2.34
 sersic    : (   19.73,    68.60)   22.72    354.76    2.46    1.00    30.93
             (    2.21,     1.90)    1.55    521.78    1.22    0.19 13391.18
 Chi^2 = 3759.82174,  ndof = 9216
 Chi^2/nu = 0.408 

-----------------------------------------------------------------------------
-----------------------------------------------------------------------------

Input image     : ./stamps/JADES-17566_F115W_sci.2as.fits[1:98,1:98] 
Init. par. file : JADES-17566.F115W_single.run.galfit 
Restart file    : galfit.04 
Output image    : ./JADES-17566.F115W_single.fit.fits 

 sersic    : (   54.44,    50.50)   27.64      3.54    0.20    0.53    -4.73
             (    0.08,     0.15)    0.07      0.16    0.08    0.03     4.40
 sersic    : (   49.74,    52.43)   27.95      6.09   *0.03*   0.61     0.20
             (    0.44,     0.61)    0.15     16.79   *0.33*   0.07     8.94
 sersic    : (   51.02,    45.34)   23.80    212.70    4.87    0.42    40.41
             (    0.19,     0.21)    0.40    127.71    1.00    0.02     2.06
 Chi^2 = 3785.37403,  ndof = 9216
 Chi^2/nu = 0.411 

-----------------------------------------------------------------------------
-----------------------------------------------------------------------------

Input image     : ./stamps/JADES-17566_F115W_sci.2as.fits[1:98,1:98] 
Init. par. file : JADES-17566.F115W_single.run.galfit 
Restart file    : galfit.05 
Output image    : ./JADES-17566.F115W_single.fit.fits 

 sersic    : (   52.93,    49.43)   27.22      4.71    0.20    0.51   -26.36
             (    0.08,     0.12)    0.04      0.15    0.05    0.02     2.55
 sersic    : (   51.53,    47.21)   26.06     15.68    0.43    0.36    32.46
             (    0.21,     0.40)    0.03      0.71    0.04    0.02     1.28
 sersic    : (   19.43,    68.61)   22.50    457.90    2.71    0.99   -69.99
             (    2.07,     1.80)    1.90    840.74    1.51    0.13   414.68
 Chi^2 = 3761.65599,  ndof = 9216
 Chi^2/nu = 0.408 

-----------------------------------------------------------------------------
-----------------------------------------------------------------------------

Input image     : ./stamps/JADES-17566_F115W_sci.2as.fits[1:98,1:98] 
Init. par. file : JADES-17566.F115W_single.run.galfit 
Restart file    : galfit.06 
Output image    : ./JADES-17566.F115W_single.fit.fits 

 sersic    : (   54.50,    44.52)   27.00     13.01    0.20    0.29    26.66
             (    0.34,     0.64)    0.07      0.58    0.05    0.02     1.69
 sersic    : (   52.97,    49.21)   27.21      4.85    0.11    0.48   -26.06
             (    0.06,     0.11)    0.05      0.14    0.04    0.02     2.15
 sersic    : (   45.65,    50.61)   23.84    179.83    3.32    0.59    30.29
             (    0.51,     0.45)    0.55    125.43    0.86    0.04     5.12
 Chi^2 = 3758.21579,  ndof = 9216
 Chi^2/nu = 0.408 

-----------------------------------------------------------------------------
-----------------------------------------------------------------------------

Input image     : ./stamps/JADES-17566_F115W_sci.2as.fits[1:98,1:98] 
Init. par. file : JADES-17566.F115W_single.run.galfit 
Restart file    : galfit.07 
Output image    : ./JADES-17566.F115W_single.fit.fits 

 sersic    : (   52.06,    48.65)   27.45      4.27    0.24    0.91    30.78
             (    6.77,    12.06) 1291.07      6.71   23.14    1.25  1539.37
 sersic    : (   52.05,    48.67)   27.45      4.27    0.20    0.91    33.21
             (    5.62,    11.47) 1293.72      3.12   22.67    1.70  1349.51
 sersic    : (   41.02,    65.28)   24.51      1.64  *20.00*   0.73    36.94
             (    0.12,     0.20)    0.25      0.88  *12.88*   0.04     6.25
 Chi^2 = 4579.97412,  ndof = 9216
 Chi^2/nu = 0.497 

-----------------------------------------------------------------------------
-----------------------------------------------------------------------------

Input image     : ./stamps/JADES-17566_F115W_sci.2as.fits[1:98,1:98] 
Init. par. file : JADES-17566.F115W_single.run.galfit 
Restart file    : galfit.08 
Output image    : ./JADES-17566.F115W_single.fit.fits 

 sersic    : (   52.89,    50.94)   27.98      5.12    0.20    0.29    22.87
             (    0.13,     0.28)    0.10      0.37    0.09    0.03     3.17
 sersic    : (   55.01,    52.12)   28.34      2.03    1.50    0.36    69.15
             (    0.16,     0.09)    0.18      0.26    1.05    0.09    10.44
 sersic    : (   50.67,    46.42)   24.07    135.22    4.72    0.41    37.44
             (    0.08,     0.12)    0.25     54.59    0.65    0.01     1.74
 Chi^2 = 3771.56405,  ndof = 9216
 Chi^2/nu = 0.409 

-----------------------------------------------------------------------------
