-----------------------------------------------------------------------------

Input image     : JADES-5329_F115W_sci.2as.fits[1:100,1:100] 
Init. par. file : sample_param.galfit 
Restart file    : galfit.01 
Output image    : JADES-5329_F115W_fit.fits 

 sersic    : (   49.82,    50.24)   26.16     *0.00*   8.00    0.14    -4.14
             (    0.00,     0.00)    0.00     *0.00*   0.00    0.00     0.00
 sky       : [ 50.50,  50.50]  -9.53e-04  [0.00e+00]  [0.00e+00]
                                3.61e-05  [0.00e+00]  [0.00e+00]
 Chi^2 = 5700.08827,  ndof = 9992
 Chi^2/nu = 0.570 

-----------------------------------------------------------------------------
-----------------------------------------------------------------------------

Input image     : JADES-5329_F115W_sci.2as.fits[1:100,1:100] 
Init. par. file : sample_param.galfit 
Restart file    : galfit.02 
Output image    : JADES-5329_F115W_fit.fits 

 sersic    : (   49.80,    49.80)   26.57      7.69    1.46    0.39   -62.14
             (    0.61,     0.31)    0.10      1.03    0.35    0.07     4.85
 sky       : [ 50.50,  50.50]  -1.03e-03  [0.00e+00]  [0.00e+00]
                                3.59e-05  [0.00e+00]  [0.00e+00]
 Chi^2 = 5643.56710,  ndof = 9992
 Chi^2/nu = 0.565 

-----------------------------------------------------------------------------
-----------------------------------------------------------------------------

Input image     : JADES-5329_F115W_sci.2as.fits[1:100,1:100] 
Init. par. file : sample_param.galfit 
Restart file    : galfit.03 
Output image    : JADES-5329_F115W_fit.fits 

 sersic    : (   49.82,    49.80)   26.57      7.65    1.46    0.40   -62.32
             (    0.61,     0.33)    0.10      1.03    0.37    0.07     4.91
 sky       : [ 50.50,  50.50]  -1.03e-03  [0.00e+00]  [0.00e+00]
                                3.59e-05  [0.00e+00]  [0.00e+00]
 Chi^2 = 5643.56447,  ndof = 9992
 Chi^2/nu = 0.565 

-----------------------------------------------------------------------------
-----------------------------------------------------------------------------

Input image     : JADES-5329_F115W_sci.2as.fits[1:100,1:100] 
Init. par. file : sample_param.galfit 
Restart file    : galfit.04 
Output image    : JADES-5329_F115W_fit.fits 

 sersic    : (   49.80,    49.79)   26.57      7.67    1.46    0.39   -62.16
             (    0.61,     0.33)    0.10      1.03    0.37    0.07     4.86
 sky       : [ 50.50,  50.50]  -1.03e-03  [0.00e+00]  [0.00e+00]
                                3.59e-05  [0.00e+00]  [0.00e+00]
 Chi^2 = 5643.56716,  ndof = 9992
 Chi^2/nu = 0.565 

-----------------------------------------------------------------------------
-----------------------------------------------------------------------------

Input image     : JADES-5329_F115W_sci.2as.fits[1:100,1:100] 
Init. par. file : sample_param.galfit 
Restart file    : galfit.05 
Output image    : JADES-5329_F115W_fit.fits 

 sersic    : (   50.83,    49.27)   26.78     *0.01*   8.00    0.14    83.54
             (    5.73,   187.55) 1443.82    *13.85* 3464.31  184.12  8636.41
 sky       : [ 50.50,  50.50]  -9.43e-04  [0.00e+00]  [0.00e+00]
                                3.60e-05  [0.00e+00]  [0.00e+00]
 Chi^2 = 5682.10923,  ndof = 9992
 Chi^2/nu = 0.569 

-----------------------------------------------------------------------------
-----------------------------------------------------------------------------

Input image     : JADES-5329_F115W_sci.2as.fits[1:100,1:100] 
Init. par. file : sample_param.galfit 
Restart file    : galfit.06 
Output image    : JADES-5329_F115W_fit.fits 

 sersic    : (   49.80,    49.79)   26.57      7.68    1.46    0.39   -62.14
             (    0.61,     0.34)    0.10      1.03    0.38    0.07     4.85
 sky       : [ 50.50,  50.50]  -1.03e-03  [0.00e+00]  [0.00e+00]
                                3.59e-05  [0.00e+00]  [0.00e+00]
 Chi^2 = 5643.56755,  ndof = 9992
 Chi^2/nu = 0.565 

-----------------------------------------------------------------------------
