-----------------------------------------------------------------------------

Input image     : ./stamps/JADES-18322_F115W_sci.2as.fits[1:98,1:98] 
Init. par. file : JADES-18322.F115W_single.run.galfit 
Restart file    : galfit.01 
Output image    : ./JADES-18322.F115W_single.fit.fits 

 sersic    : (   48.69,    51.80)   28.55     *0.01*   7.69    0.98   -49.89
             (    2.66,     2.76)   79.01     *2.61* 719.45   22.80 15843.86
 Chi^2 = 4001.89227,  ndof = 8967
 Chi^2/nu = 0.446 

-----------------------------------------------------------------------------
-----------------------------------------------------------------------------

Input image     : ./stamps/JADES-18322_F115W_sci.2as.fits[1:98,1:98] 
Init. par. file : JADES-18322.F115W_single.run.galfit 
Restart file    : galfit.02 
Output image    : ./JADES-18322.F115W_single.fit.fits 

 sersic    : (   48.69,    51.80)   28.55     *0.01*   7.69    0.98   -49.89
             (    2.66,     2.76)   79.01     *2.61* 719.45   22.80 15843.86
 Chi^2 = 4001.89227,  ndof = 8967
 Chi^2/nu = 0.446 

-----------------------------------------------------------------------------
-----------------------------------------------------------------------------

Input image     : ./stamps/JADES-18322_F115W_sci.2as.fits[1:98,1:98] 
Init. par. file : JADES-18322.F115W_single.run.galfit 
Restart file    : galfit.03 
Output image    : ./JADES-18322.F115W_single.fit.fits 

 sersic    : (   59.50,    39.60)  *32.98*    39.05    7.13    0.17    58.48
             (   86.53,    60.45) *189.42* 16229.04 1280.71   12.66   953.65
 sersic    : (   70.99,    26.14)   25.64      3.31    0.49    0.53    47.31
             (    0.02,     0.01)    0.01      0.04    0.02    0.01     0.84
 Chi^2 = 8184.86357,  ndof = 9590
 Chi^2/nu = 0.853 

-----------------------------------------------------------------------------
-----------------------------------------------------------------------------

Input image     : ./stamps/JADES-18322_F115W_sci.2as.fits[1:98,1:98] 
Init. par. file : JADES-18322.F115W_single.run.galfit 
Restart file    : galfit.04 
Output image    : ./JADES-18322.F115W_single.fit.fits 

 sersic    : (   48.89,    51.28)   28.15      2.24    0.97    0.40    21.98
             (    0.08,     0.15)    0.10      0.26    0.64    0.08     5.61
 sersic    : (   49.91,    45.90)   28.04      1.98  *20.00*   0.11    56.10
             (    0.25,     0.29)    1.38      6.83  *63.98*   0.14     6.49
 sersic    : (   80.55,    27.87)   26.86      3.59    1.10    0.57   -72.70
             (    0.09,     0.06)    0.04      0.24    0.15    0.03     3.70
 sersic    : (   70.83,    26.08)   26.19      2.23    0.06    0.59    42.48
             (    0.02,     0.02)    0.01      0.03    0.06    0.01     1.45
 Chi^2 = 7173.32952,  ndof = 9576
 Chi^2/nu = 0.749 

-----------------------------------------------------------------------------
-----------------------------------------------------------------------------

Input image     : ./stamps/JADES-18322_F115W_sci.2as.fits[1:98,1:98] 
Init. par. file : JADES-18322.F115W_single.run.galfit 
Restart file    : galfit.05 
Output image    : ./JADES-18322.F115W_single.fit.fits 

 sersic    : (   48.65,    51.59)   28.38      1.44    0.20    0.66    12.89
             (    0.09,     0.10)    0.04      0.27    0.80    0.14    15.41
 sersic    : (   49.82,    46.05)   28.00     *0.02* *14.21*   0.24   -82.19
             (    0.38,     1.14)    6.32     *0.51* *106.89*   1.10    64.10
 sersic    : (   81.52,    28.08)   27.11      2.49    1.33    0.60    21.93
             (    0.04,     0.06)    0.04      0.11    0.21    0.03     3.60
 sersic    : (   70.63,    25.75)   26.94      2.01   *0.04*   0.53    11.70
             (    0.10,     0.23)    0.15      3.39   *0.17*   0.07     6.01
 sersic    : (   69.12,    28.09)   27.03      1.42    2.15    0.49     6.71
             (    0.22,     0.12)    0.18      0.10    0.58    0.07     7.10
 sersic    : (   73.37,    25.02)   26.56      2.46    1.03    0.88   -60.23
             (    0.17,     0.03)    0.07      0.10    0.12    0.03    20.57
 Chi^2 = 4957.36272,  ndof = 9562
 Chi^2/nu = 0.518 

-----------------------------------------------------------------------------
