-----------------------------------------------------------------------------

Input image     : ./stamps/JADES-16745_F115W_sci.2as.fits[1:98,1:98] 
Init. par. file : JADES-16745.F115W_single.run.galfit 
Restart file    : galfit.01 
Output image    : ./JADES-16745.F115W_single.fit.fits 

 sersic    : (   47.82,    52.73)   26.69     *0.01*   8.00    0.10    80.22
             (    0.62,     8.78)   37.56     *0.91* 172.27    8.16   314.19
 Chi^2 = 7786.97413,  ndof = 8983
 Chi^2/nu = 0.867 

-----------------------------------------------------------------------------
-----------------------------------------------------------------------------

Input image     : ./stamps/JADES-16745_F115W_sci.2as.fits[1:98,1:98] 
Init. par. file : JADES-16745.F115W_single.run.galfit 
Restart file    : galfit.02 
Output image    : ./JADES-16745.F115W_single.fit.fits 

 sersic    : (   47.95,    51.28)   25.00     32.87    8.00   *0.10*   78.81
             (    0.04,     0.02)    0.08      6.38    0.72   *0.00*    0.31
 Chi^2 = 5652.40766,  ndof = 9597
 Chi^2/nu = 0.589 

-----------------------------------------------------------------------------
-----------------------------------------------------------------------------

Input image     : ./stamps/JADES-16745_F115W_sci.2as.fits[1:98,1:98] 
Init. par. file : JADES-16745.F115W_single.run.galfit 
Restart file    : galfit.03 
Output image    : ./JADES-16745.F115W_single.fit.fits 

 sersic    : (   47.97,    51.37)   26.37      2.12    3.54    0.72   -73.87
             (    0.03,     0.02)    0.03      0.11    0.32    0.04     5.17
 sersic    : (   41.52,    52.28)   26.15     25.26    0.10   *0.06*   78.86
             (    0.75,     0.15)    0.02      0.62    0.02   *0.00*    0.12
 sersic    : (   69.56,    45.14)   27.10      6.91    0.72    0.54   -86.14
             (    0.26,     0.14)    0.06      0.40    0.08    0.03     4.03
 Chi^2 = 4590.49307,  ndof = 9583
 Chi^2/nu = 0.479 

-----------------------------------------------------------------------------
-----------------------------------------------------------------------------

Input image     : ./stamps/JADES-16745_F115W_sci.2as.fits[1:98,1:98] 
Init. par. file : JADES-16745.F115W_single.run.galfit 
Restart file    : galfit.04 
Output image    : ./JADES-16745.F115W_single.fit.fits 

 sersic    : (   48.00,    51.32)   26.40      1.82    1.39    0.68    79.81
             (    0.02,     0.02)    0.02      0.04    0.13    0.02     2.81
 sersic    : (   22.21,    56.04)   26.99     12.33    2.18    0.10    77.66
             (    0.22,     0.06)    0.13      2.71    0.52    0.01     0.95
 sersic    : (   69.40,    46.15)   26.90      6.82    0.71    0.33    76.63
             (    0.16,     0.06)    0.04      0.29    0.06    0.01     1.49
 sersic    : (   39.68,    52.03)   27.68      2.70    1.85    0.52    48.58
             (    0.08,     0.07)    0.10      0.35    0.57    0.04     6.67
 sersic    : (   57.78,    49.87)   27.58      7.86    2.38    0.25    44.93
             (    0.16,     0.13)    0.15      1.99    0.65    0.03     3.89
 Chi^2 = 4336.04695,  ndof = 9569
 Chi^2/nu = 0.453 

-----------------------------------------------------------------------------
