-----------------------------------------------------------------------------

Input image     : ./stamps/JADES-7938_F115W_sci.2as.fits[1:98,1:98] 
Init. par. file : JADES-7938.F115W_single.run.galfit 
Restart file    : galfit.01 
Output image    : ./JADES-7938.F115W_single.fit.fits 

 sersic    : (   50.38,    49.28)   26.04     *0.01*   7.75   *0.05*   12.12
             (    0.01,     0.02)    5.16     *0.21*  66.61   *1.07*  122.63
 Chi^2 = 6663.44143,  ndof = 9597
 Chi^2/nu = 0.694 

-----------------------------------------------------------------------------
-----------------------------------------------------------------------------

Input image     : ./stamps/JADES-7938_F115W_sci.2as.fits[1:98,1:98] 
Init. par. file : JADES-7938.F115W_single.run.galfit 
Restart file    : galfit.02 
Output image    : ./JADES-7938.F115W_single.fit.fits 

 sersic    : (   49.30,    48.89)   26.23      4.09    5.53    0.41   -85.68
             (    0.03,     0.03)    0.06      0.53    0.85    0.02     1.90
 sersic    : (   52.02,    51.96)   27.39      2.04    0.39    0.24    65.75
             (    0.05,     0.03)    0.03      0.07    0.16    0.07     1.81
 Chi^2 = 3821.96575,  ndof = 9590
 Chi^2/nu = 0.399 

-----------------------------------------------------------------------------
