-----------------------------------------------------------------------------

Input image     : ./stamps/JADES-10011378_F115W_sci.2as.fits[1:98,1:98] 
Init. par. file : JADES-10011378.F115W_single.run.galfit 
Restart file    : galfit.01 
Output image    : ./JADES-10011378.F115W_single.fit.fits 

 sersic    : (   46.15,    46.81)   25.68      8.83    0.30    0.17   -49.71
             (    0.04,     0.04)    0.01      0.08    0.02    0.00     0.19
 Chi^2 = 4316.18826,  ndof = 8669
 Chi^2/nu = 0.498 

-----------------------------------------------------------------------------
-----------------------------------------------------------------------------

Input image     : ./stamps/JADES-10011378_F115W_sci.2as.fits[1:98,1:98] 
Init. par. file : JADES-10011378.F115W_single.run.galfit 
Restart file    : galfit.02 
Output image    : ./JADES-10011378.F115W_single.fit.fits 

 sersic    : (   49.58,    50.40)   25.29     12.45    0.20    0.13   -46.00
             (    0.07,     0.06)    0.01      0.09    0.01    0.00     0.13
 Chi^2 = 10376.04172,  ndof = 9597
 Chi^2/nu = 1.081 

-----------------------------------------------------------------------------
-----------------------------------------------------------------------------

Input image     : ./stamps/JADES-10011378_F115W_sci.2as.fits[1:98,1:98] 
Init. par. file : JADES-10011378.F115W_single.run.galfit 
Restart file    : galfit.03 
Output image    : ./JADES-10011378.F115W_single.fit.fits 

 sersic    : (   47.50,    48.40)   26.00     11.14    0.20   *0.09*  -46.05
             (    0.12,     0.12)    0.01      0.17    0.03   *0.01*    0.25
 Chi^2 = 16697.87820,  ndof = 9597
 Chi^2/nu = 1.740 

-----------------------------------------------------------------------------
-----------------------------------------------------------------------------

Input image     : ./stamps/JADES-10011378_F115W_sci.2as.fits[1:98,1:98] 
Init. par. file : JADES-10011378.F115W_single.run.galfit 
Restart file    : galfit.04 
Output image    : ./JADES-10011378.F115W_single.fit.fits 

 sersic    : (   49.58,    50.42)   25.50     12.10    0.20    0.13   -45.97
             (    0.08,     0.07)    0.01      0.10    0.02    0.00     0.16
 Chi^2 = 11153.91704,  ndof = 9597
 Chi^2/nu = 1.162 

-----------------------------------------------------------------------------
-----------------------------------------------------------------------------

Input image     : ./stamps/JADES-10011378_F115W_sci.2as.fits[1:98,1:98] 
Init. par. file : JADES-10011378.F115W_single.run.galfit 
Restart file    : galfit.05 
Output image    : ./JADES-10011378.F115W_single.fit.fits 

 sersic    : (   42.02,    43.23)   27.03      2.33    2.66   *0.05*  -37.94
             (     nan,      nan)     nan       nan     nan    *nan*     nan
 sersic    : (   55.73,    56.93)   27.64     *0.05*   0.32   *0.09*   82.93
             (     nan,      nan)     nan      *nan*    nan    *nan*     nan
 Chi^2 = 23676.13301,  ndof = 9590
 Chi^2/nu = 2.469 

-----------------------------------------------------------------------------
-----------------------------------------------------------------------------

Input image     : ./stamps/JADES-10011378_F115W_sci.2as.fits[1:98,1:98] 
Init. par. file : JADES-10011378.F115W_single.run.galfit 
Restart file    : galfit.06 
Output image    : ./JADES-10011378.F115W_single.fit.fits 

 sersic    : (   44.41,    45.31)   25.17     19.66    2.37    0.13   -47.51
             (    0.05,     0.05)    0.02      0.67    0.08    0.00     0.25
 sersic    : (   55.66,    56.57)   26.42      4.46    1.22    0.28   -49.91
             (    0.04,     0.03)    0.03      0.18    0.09    0.01     0.65
 Chi^2 = 8626.66099,  ndof = 9590
 Chi^2/nu = 0.900 

-----------------------------------------------------------------------------
-----------------------------------------------------------------------------

Input image     : ./stamps/JADES-10011378_F115W_sci.2as.fits[1:98,1:98] 
Init. par. file : JADES-10011378.F115W_single.run.galfit 
Restart file    : galfit.07 
Output image    : ./JADES-10011378.F115W_single.fit.fits 

 sersic    : (   43.50,    44.51)   25.94      7.48    1.11    0.22   -45.52
             (    0.04,     0.04)    0.02      0.17    0.03    0.00     0.31
 sersic    : (   55.33,    56.23)   25.93      6.54    1.24    0.23   -48.23
             (    0.03,     0.02)    0.02      0.11    0.04    0.00     0.37
 sersic    : (   18.83,    20.28)   27.22      5.18    1.15    0.34   -43.35
             (    0.08,     0.08)    0.08      0.46    0.17    0.02     1.64
 sersic    : (   12.77,    12.17)   27.53     41.22    2.88    0.46   -64.90
             (    2.25,     1.53)    2.52    139.31    5.34    0.17    29.39
 sersic    : (   11.33,    10.97)   27.53     15.23  *13.81*  *0.05*  -87.56
             (    0.13,     0.27)    0.99     40.37  *17.53*  *0.03*    1.74
 sersic    : (   69.77,     9.33)   25.52     23.93    2.73    0.99     4.77
             (    0.15,     0.16)    0.23      6.20    0.32    0.05   322.29
 Chi^2 = 5559.09393,  ndof = 9562
 Chi^2/nu = 0.581 

-----------------------------------------------------------------------------
-----------------------------------------------------------------------------

Input image     : ./stamps/JADES-10011378_F115W_sci.2as.fits[1:98,1:98] 
Init. par. file : JADES-10011378.F115W_single.run.galfit 
Restart file    : galfit.08 
Output image    : ./JADES-10011378.F115W_single.fit.fits 

 sersic    : (   41.96,    43.37)   27.29      2.69    0.95    0.20   -48.08
             (    0.04,     0.03)    0.06      0.13    0.12    0.03     1.21
 sersic    : (   48.19,    48.59)   25.81     10.37    1.10    0.20   -46.95
             (    0.12,     0.11)    0.03      0.24    0.04    0.00     0.39
 sersic    : (   56.00,    56.89)   26.53      3.93    1.51    0.29   -54.97
             (    0.03,     0.02)    0.02      0.11    0.08    0.01     0.76
 sersic    : (   18.80,    20.19)   27.05      6.55    1.46    0.31   -39.94
             (    0.06,     0.07)    0.06      0.52    0.14    0.02     1.53
 sersic    : (   12.83,    10.72)   27.94     51.61  *19.98*  *0.08*   59.02
             (    0.43,     0.32)    3.25    563.18  *67.87*  *0.08*    3.76
 sersic    : (   11.85,    13.45)   27.65     53.51  *13.82*  *0.03*  -14.42
             (    0.27,     0.44)    1.21    190.64  *17.97*  *0.02*    1.63
 sersic    : (   70.24,     9.34)   25.57     30.05    2.25    0.45   -82.71
             (    0.20,     0.12)    0.09      3.79    0.19    0.02     1.86
 Chi^2 = 4450.89757,  ndof = 9555
 Chi^2/nu = 0.466 

-----------------------------------------------------------------------------
