-----------------------------------------------------------------------------

Input image     : JADES-4270_F115W_sci.2as.fits[1:100,1:100] 
Init. par. file : sample_param.galfit 
Restart file    : galfit.01 
Output image    : JADES-4270_F115W_fit.fits 

 sersic    : (   49.97,    53.67)   26.62     10.85    0.66    0.35   -42.12
             (    0.84,     1.04)    0.13      1.11    0.19    0.07     4.49
 sky       : [ 50.50,  50.50]  -9.95e-04  [0.00e+00]  [0.00e+00]
                                4.61e-05  [0.00e+00]  [0.00e+00]
 Chi^2 = 5891.18254,  ndof = 9580
 Chi^2/nu = 0.615 

-----------------------------------------------------------------------------
-----------------------------------------------------------------------------

Input image     : JADES-4270_F115W_sci.2as.fits[1:100,1:100] 
Init. par. file : sample_param.galfit 
Restart file    : galfit.02 
Output image    : JADES-4270_F115W_fit.fits 

 sersic    : (   50.89,    55.05)   26.78     10.78    1.53    0.42   -71.01
             (    1.15,     0.61)    0.14      1.66    0.58    0.08     6.55
 sky       : [ 50.50,  50.50]  -1.03e-03  [0.00e+00]  [0.00e+00]
                                4.61e-05  [0.00e+00]  [0.00e+00]
 Chi^2 = 5894.11883,  ndof = 9580
 Chi^2/nu = 0.615 

-----------------------------------------------------------------------------
-----------------------------------------------------------------------------

Input image     : JADES-4270_F115W_sci.2as.fits[1:100,1:100] 
Init. par. file : sample_param.galfit 
Restart file    : galfit.03 
Output image    : JADES-4270_F115W_fit.fits 

 sersic    : (   49.94,    53.65)   26.62     10.86    0.66    0.35   -42.22
             (    0.83,     1.03)    0.13      1.11    0.19    0.07     4.47
 sky       : [ 50.50,  50.50]  -9.96e-04  [0.00e+00]  [0.00e+00]
                                4.61e-05  [0.00e+00]  [0.00e+00]
 Chi^2 = 5891.18407,  ndof = 9580
 Chi^2/nu = 0.615 

-----------------------------------------------------------------------------
-----------------------------------------------------------------------------

Input image     : JADES-4270_F115W_sci.2as.fits[1:100,1:100] 
Init. par. file : sample_param.galfit 
Restart file    : galfit.04 
Output image    : JADES-4270_F115W_fit.fits 

 sersic    : (   49.97,    53.67)   26.62     10.81    0.68    0.36   -41.87
             (    0.84,     1.04)    0.13      1.11    0.20    0.07     4.63
 sky       : [ 50.50,  50.50]  -9.97e-04  [0.00e+00]  [0.00e+00]
                                4.61e-05  [0.00e+00]  [0.00e+00]
 Chi^2 = 5891.21634,  ndof = 9580
 Chi^2/nu = 0.615 

-----------------------------------------------------------------------------
-----------------------------------------------------------------------------

Input image     : JADES-4270_F115W_sci.2as.fits[1:100,1:100] 
Init. par. file : sample_param.galfit 
Restart file    : galfit.05 
Output image    : JADES-4270_F115W_fit.fits 

 sersic    : (   49.97,    53.67)   26.62     10.81    0.68    0.36   -41.87
             (    0.84,     1.04)    0.13      1.11    0.20    0.07     4.63
 sky       : [ 50.50,  50.50]  -9.97e-04  [0.00e+00]  [0.00e+00]
                                4.61e-05  [0.00e+00]  [0.00e+00]
 Chi^2 = 5891.21634,  ndof = 9580
 Chi^2/nu = 0.615 

-----------------------------------------------------------------------------
-----------------------------------------------------------------------------

Input image     : JADES-4270_F115W_sci.2as.fits[1:100,1:100] 
Init. par. file : sample_param.galfit 
Restart file    : galfit.06 
Output image    : JADES-4270_F115W_fit.fits 

 sersic    : (   49.97,    53.67)   26.62     10.81    0.68    0.36   -41.87
             (    0.84,     1.04)    0.13      1.11    0.20    0.07     4.63
 sky       : [ 50.50,  50.50]  -9.97e-04  [0.00e+00]  [0.00e+00]
                                4.61e-05  [0.00e+00]  [0.00e+00]
 Chi^2 = 5891.21634,  ndof = 9580
 Chi^2/nu = 0.615 

-----------------------------------------------------------------------------
-----------------------------------------------------------------------------

Input image     : JADES-4270_F115W_sci.2as.fits[1:100,1:100] 
Init. par. file : sample_param.galfit 
Restart file    : galfit.07 
Output image    : JADES-4270_F115W_fit.fits 

 sersic    : (  [50.00],  [50.00]) [28.60]    [3.00]  [4.00]  [1.00] [-30.00]
             (   [0.00],   [0.00])  [0.00]    [0.00]  [0.00]  [0.00]   [0.00]
 sky       : [ 50.50,  50.50]  -9.23e-04  [0.00e+00]  [0.00e+00]
                                4.62e-05  [0.00e+00]  [0.00e+00]
 Chi^2 = 5923.70636,  ndof = 9587
 Chi^2/nu = 0.618 

-----------------------------------------------------------------------------
-----------------------------------------------------------------------------

Input image     : JADES-4270_F115W_sci.2as.fits[1:100,1:100] 
Init. par. file : sample_param.galfit 
Restart file    : galfit.08 
Output image    : JADES-4270_F115W_fit.fits 

 sersic    : (  [50.00],  [50.00]) [28.60]   [10.00]  [4.00]  [1.00] [-30.00]
             (   [0.00],   [0.00])  [0.00]    [0.00]  [0.00]  [0.00]   [0.00]
 sky       : [ 50.50,  50.50]  -9.40e-04  [0.00e+00]  [0.00e+00]
                                4.62e-05  [0.00e+00]  [0.00e+00]
 Chi^2 = 5924.19417,  ndof = 9587
 Chi^2/nu = 0.618 

-----------------------------------------------------------------------------
-----------------------------------------------------------------------------

Input image     : JADES-4270_F115W_sci.2as.fits[1:100,1:100] 
Init. par. file : sample_param.galfit 
Restart file    : galfit.09 
Output image    : JADES-4270_F115W_fit.fits 

 sersic    : (  [50.00],  [50.00]) [28.60]  [100.00]  [4.00]  [1.00] [-30.00]
             (   [0.00],   [0.00])  [0.00]    [0.00]  [0.00]  [0.00]   [0.00]
 sky       : [ 50.50,  50.50]  -9.35e-04  [0.00e+00]  [0.00e+00]
                                4.62e-05  [0.00e+00]  [0.00e+00]
 Chi^2 = 5928.98872,  ndof = 9587
 Chi^2/nu = 0.618 

-----------------------------------------------------------------------------
-----------------------------------------------------------------------------

Input image     : JADES-4270_F115W_sci.2as.fits[1:100,1:100] 
Init. par. file : sample_param.galfit 
Restart file    : galfit.10 
Output image    : JADES-4270_F115W_fit.fits 

 sersic    : (  [50.00],  [50.00]) [33.60]    [6.00]  [4.00]  [1.00] [-30.00]
             (   [0.00],   [0.00])  [0.00]    [0.00]  [0.00]  [0.00]   [0.00]
 sky       : [ 50.50,  50.50]  -9.06e-04  [0.00e+00]  [0.00e+00]
                                4.62e-05  [0.00e+00]  [0.00e+00]
 Chi^2 = 5930.89142,  ndof = 9587
 Chi^2/nu = 0.619 

-----------------------------------------------------------------------------
-----------------------------------------------------------------------------

Input image     : JADES-4270_F115W_sci.2as.fits[1:100,1:100] 
Init. par. file : sample_param.galfit 
Restart file    : galfit.11 
Output image    : JADES-4270_F115W_fit.fits 

 sersic    : (  [50.00],  [50.00]) [33.60]    [6.00]  [6.00]  [1.00] [-30.00]
             (   [0.00],   [0.00])  [0.00]    [0.00]  [0.00]  [0.00]   [0.00]
 sky       : [ 50.50,  50.50]  -9.06e-04  [0.00e+00]  [0.00e+00]
                                4.62e-05  [0.00e+00]  [0.00e+00]
 Chi^2 = 5930.89599,  ndof = 9587
 Chi^2/nu = 0.619 

-----------------------------------------------------------------------------
-----------------------------------------------------------------------------

Input image     : JADES-4270_F115W_sci.2as.fits[1:100,1:100] 
Init. par. file : sample_param.galfit 
Restart file    : galfit.12 
Output image    : JADES-4270_F115W_fit.fits 

 sersic    : ( *450.00*, *450.00*) [33.60]    [6.00]  [4.00]  [1.00] [-30.00]
             (*36774600704.00*, *36677070848.00*)  [0.00]    [0.00]  [0.00]  [0.00]   [0.00]
 sky       : [ 50.50,  50.50]  -8.98e-04  [0.00e+00]  [0.00e+00]
                                1.16e-04  [0.00e+00]  [0.00e+00]
 Chi^2 = 5930.99372,  ndof = 9585
 Chi^2/nu = 0.619 

-----------------------------------------------------------------------------
-----------------------------------------------------------------------------

Input image     : JADES-4270_F115W_sci.2as.fits[1:100,1:100] 
Init. par. file : sample_param.galfit 
Restart file    : galfit.13 
Output image    : JADES-4270_F115W_fit.fits 

 sersic    : ( *450.00*, *450.00*) [50.60]    [6.00]  [4.00]  [1.00] [-30.00]
             (*232032069113348096.00*, *231416686199177216.00*)  [0.00]    [0.00]  [0.00]  [0.00]   [0.00]
 sky       : [ 50.50,  50.50]  -8.98e-04  [0.00e+00]  [0.00e+00]
                                1.16e-04  [0.00e+00]  [0.00e+00]
 Chi^2 = 5930.99487,  ndof = 9585
 Chi^2/nu = 0.619 

-----------------------------------------------------------------------------
-----------------------------------------------------------------------------

Input image     : JADES-4270_F115W_sci.2as.fits[1:100,1:100] 
Init. par. file : sample_param.galfit 
Restart file    : galfit.14 
Output image    : JADES-4270_F115W_fit.fits 

 sersic    : (   45.75,    48.50)  [20.60]    [6.00]  [4.00]  [1.00] [-30.00]
             (    0.06,     0.08)   [0.00]    [0.00]  [0.00]  [0.00]   [0.00]
 sky       : [ 50.50,  50.50]  -4.37e-02  [0.00e+00]  [0.00e+00]
                                6.59e-04  [0.00e+00]  [0.00e+00]
 Chi^2 = 1204718.61284,  ndof = 9585
 Chi^2/nu = 125.688 

-----------------------------------------------------------------------------
-----------------------------------------------------------------------------

Input image     : JADES-4270_F115W_sci.2as.fits[1:100,1:100] 
Init. par. file : sample_param.galfit 
Restart file    : galfit.15 
Output image    : JADES-4270_F115W_fit.fits 

 sersic    : (   45.75,    48.50)  [20.60]    [6.00]  [4.00]  [1.00] [-30.00]
             (    0.06,     0.08)   [0.00]    [0.00]  [0.00]  [0.00]   [0.00]
 sky       : [ 50.50,  50.50]  -4.37e-02  [0.00e+00]  [0.00e+00]
                                6.59e-04  [0.00e+00]  [0.00e+00]
 Chi^2 = 1204718.61284,  ndof = 9585
 Chi^2/nu = 125.688 

-----------------------------------------------------------------------------
-----------------------------------------------------------------------------

Input image     : JADES-4270_F115W_sci.2as.fits[1:100,1:100] 
Init. par. file : sample_param.galfit 
Restart file    : galfit.16 
Output image    : JADES-4270_F115W_fit.fits 

 sersic    : (   45.75,    48.50)  [20.60]    [6.00]  [4.00]  [1.00] [-30.00]
             (    0.06,     0.08)   [0.00]    [0.00]  [0.00]  [0.00]   [0.00]
 sky       : [ 50.50,  50.50]  -4.37e-02  [0.00e+00]  [0.00e+00]
                                6.59e-04  [0.00e+00]  [0.00e+00]
 Chi^2 = 1204718.61284,  ndof = 9585
 Chi^2/nu = 125.688 

-----------------------------------------------------------------------------
-----------------------------------------------------------------------------

Input image     : JADES-4270_F115W_sci.2as.fits[1:100,1:100] 
Init. par. file : sample_param.galfit 
Restart file    : galfit.17 
Output image    : JADES-4270_F115W_fit.fits 

 sersic    : ( *450.00*, *450.00*) [50.60]    [6.00]  [4.00]  [1.00] [-30.00]
             (*232032069113348096.00*, *231416686199177216.00*)  [0.00]    [0.00]  [0.00]  [0.00]   [0.00]
 sky       : [ 50.50,  50.50]  -8.98e-04  [0.00e+00]  [0.00e+00]
                                1.16e-04  [0.00e+00]  [0.00e+00]
 Chi^2 = 5930.99487,  ndof = 9585
 Chi^2/nu = 0.619 

-----------------------------------------------------------------------------
-----------------------------------------------------------------------------

Input image     : JADES-4270_F115W_sci.2as.fits[1:100,1:100] 
Init. par. file : sample_param.galfit 
Restart file    : galfit.18 
Output image    : JADES-4270_F115W_fit.fits 

 sersic    : (   45.75,    48.50)  [16.60]    [6.00]  [4.00]  [1.00] [-30.00]
             (    0.06,     0.08)   [0.00]    [0.00]  [0.00]  [0.00]   [0.00]
 sky       : [ 50.50,  50.50]    -1.70  [0.00e+00]  [0.00e+00]
                                  0.03  [0.00e+00]  [0.00e+00]
 Chi^2 = 1915448214.20801,  ndof = 9585
 Chi^2/nu = 199838.103 

-----------------------------------------------------------------------------
-----------------------------------------------------------------------------

Input image     : JADES-4270_F115W_sci.2as.fits[1:100,1:100] 
Init. par. file : sample_param.galfit 
Restart file    : galfit.19 
Output image    : JADES-4270_F115W_fit.fits 

 sersic    : (  [50.00],  [50.00]) [16.60]    [6.00]  [4.00]  [1.00] [-30.00]
             (   [0.00],   [0.00])  [0.00]    [0.00]  [0.00]  [0.00]   [0.00]
 sky       : [ 50.50,  50.50]    -1.65  [0.00e+00]  [0.00e+00]
                                  0.04  [0.00e+00]  [0.00e+00]
 Chi^2 = 4572315658.30303,  ndof = 9587
 Chi^2/nu = 476928.722 

-----------------------------------------------------------------------------
-----------------------------------------------------------------------------

Input image     : JADES-4270_F115W_sci.2as.fits[1:100,1:100] 
Init. par. file : sample_param.galfit 
Restart file    : galfit.20 
Output image    : JADES-4270_F115W_fit.fits 

 sersic    : (  [50.00],  [50.00]) [18.60]    [3.00]  [4.00]  [1.00] [-30.00]
             (   [0.00],   [0.00])  [0.00]    [0.00]  [0.00]  [0.00]   [0.00]
 sky       : [ 50.50,  50.50]  -1.68e-01  [0.00e+00]  [0.00e+00]
                                8.04e-03  [0.00e+00]  [0.00e+00]
 Chi^2 = 179605636.69721,  ndof = 9587
 Chi^2/nu = 18734.290 

-----------------------------------------------------------------------------
-----------------------------------------------------------------------------

Input image     : JADES-4270_F115W_sci.2as.fits[1:100,1:100] 
Init. par. file : sample_param.galfit 
Restart file    : galfit.21 
Output image    : JADES-4270_F115W_fit.fits 

 sersic    : (  [50.00],  [50.00]) [17.60]    [3.00]  [4.00]  [1.00] [-30.00]
             (   [0.00],   [0.00])  [0.00]    [0.00]  [0.00]  [0.00]   [0.00]
 sky       : [ 50.50,  50.50]  -4.20e-01  [0.00e+00]  [0.00e+00]
                                2.02e-02  [0.00e+00]  [0.00e+00]
 Chi^2 = 1133547705.53393,  ndof = 9587
 Chi^2/nu = 118238.000 

-----------------------------------------------------------------------------
-----------------------------------------------------------------------------

Input image     : JADES-4270_F115W_sci.2as.fits[1:100,1:100] 
Init. par. file : sample_param.galfit 
Restart file    : galfit.22 
Output image    : JADES-4270_F115W_fit.fits 

 sersic    : (  [50.00],  [50.00]) [17.60]    [3.00]  [4.00]  [1.00] [-30.00]
             (   [0.00],   [0.00])  [0.00]    [0.00]  [0.00]  [0.00]   [0.00]
 sky       : [ 50.50,  50.50]  -4.20e-01  [0.00e+00]  [0.00e+00]
                                2.02e-02  [0.00e+00]  [0.00e+00]
 Chi^2 = 1133547705.53393,  ndof = 9587
 Chi^2/nu = 118238.000 

-----------------------------------------------------------------------------
-----------------------------------------------------------------------------

Input image     : JADES-4270_F115W_sci.2as.fits[1:100,1:100] 
Init. par. file : sample_param.galfit 
Restart file    : galfit.23 
Output image    : JADES-4270_F115W_fit.fits 

 sersic    : (  [50.00],  [50.00]) [19.60]    [3.00]  [4.00]  [1.00] [-30.00]
             (   [0.00],   [0.00])  [0.00]    [0.00]  [0.00]  [0.00]   [0.00]
 sky       : [ 50.50,  50.50]  -6.73e-02  [0.00e+00]  [0.00e+00]
                                3.20e-03  [0.00e+00]  [0.00e+00]
 Chi^2 = 28448841.76359,  ndof = 9587
 Chi^2/nu = 2967.439 

-----------------------------------------------------------------------------
-----------------------------------------------------------------------------

Input image     : JADES-4270_F115W_sci.2as.fits[1:100,1:100] 
Init. par. file : sample_param.galfit 
Restart file    : galfit.24 
Output image    : JADES-4270_F115W_fit.fits 

 sersic    : (  [50.00],  [50.00]) [19.60]    [3.00]  [1.00]  [1.00] [-30.00]
             (   [0.00],   [0.00])  [0.00]    [0.00]  [0.00]  [0.00]   [0.00]
 sky       : [ 50.50,  50.50]  -3.64e-02  [0.00e+00]  [0.00e+00]
                                3.19e-03  [0.00e+00]  [0.00e+00]
 Chi^2 = 28297144.15458,  ndof = 9587
 Chi^2/nu = 2951.616 

-----------------------------------------------------------------------------
-----------------------------------------------------------------------------

Input image     : JADES-4270_F115W_sci.2as.fits[1:100,1:100] 
Init. par. file : sample_param.galfit 
Restart file    : galfit.25 
Output image    : JADES-4270_F115W_fit.fits 

 sersic    : (  [50.00],  [50.00]) [10.60]    [3.00]  [1.00]  [1.00] [-30.00]
             (   [0.00],   [0.00])  [0.00]    [0.00]  [0.00]  [0.00]   [0.00]
 sky       : [ 50.50,  50.50]  -141.37  [0.00e+00]  [0.00e+00]
                                 12.71  [0.00e+00]  [0.00e+00]
 Chi^2 = 448959461660378.43750,  ndof = 9587
 Chi^2/nu = 46830026250.170 

-----------------------------------------------------------------------------
-----------------------------------------------------------------------------

Input image     : JADES-4270_F115W_sci.2as.fits[1:100,1:100] 
Init. par. file : sample_param.galfit 
Restart file    : galfit.26 
Output image    : JADES-4270_F115W_fit.fits 

 sersic    : (  [50.00],  [50.00]) [17.80]    [3.00]  [1.00]  [1.00] [-30.00]
             (   [0.00],   [0.00])  [0.00]    [0.00]  [0.00]  [0.00]   [0.00]
 sky       : [ 50.50,  50.50]  -1.87e-01  [0.00e+00]  [0.00e+00]
                                1.68e-02  [0.00e+00]  [0.00e+00]
 Chi^2 = 780019891.67338,  ndof = 9587
 Chi^2/nu = 81362.250 

-----------------------------------------------------------------------------
-----------------------------------------------------------------------------

Input image     : JADES-4270_F115W_sci.2as.fits[1:100,1:100] 
Init. par. file : sample_param.galfit 
Restart file    : galfit.27 
Output image    : JADES-4270_F115W_fit.fits 

 sersic    : (  [50.00],  [50.00]) [17.80]    [3.00]  [4.00]  [1.00] [-30.00]
             (   [0.00],   [0.00])  [0.00]    [0.00]  [0.00]  [0.00]   [0.00]
 sky       : [ 50.50,  50.50]  -3.49e-01  [0.00e+00]  [0.00e+00]
                                1.68e-02  [0.00e+00]  [0.00e+00]
 Chi^2 = 784194996.04071,  ndof = 9587
 Chi^2/nu = 81797.747 

-----------------------------------------------------------------------------
-----------------------------------------------------------------------------

Input image     : JADES-4270_F115W_sci.2as.fits[1:100,1:100] 
Init. par. file : sample_param.galfit 
Restart file    : galfit.28 
Output image    : JADES-4270_F115W_fit.fits 

 sersic    : (  [50.00],  [50.00]) [17.80]    [3.00]  [4.00]  [1.00]   [0.00]
             (   [0.00],   [0.00])  [0.00]    [0.00]  [0.00]  [0.00]   [0.00]
 sky       : [ 50.50,  50.50]  -3.49e-01  [0.00e+00]  [0.00e+00]
                                1.68e-02  [0.00e+00]  [0.00e+00]
 Chi^2 = 784196997.43101,  ndof = 9587
 Chi^2/nu = 81797.955 

-----------------------------------------------------------------------------
-----------------------------------------------------------------------------

Input image     : JADES-4270_F115W_sci.2as.fits[1:100,1:100] 
Init. par. file : sample_param.galfit 
Restart file    : galfit.29 
Output image    : JADES-4270_F115W_fit.fits 

 sersic    : (   50.01,    53.67)   26.61     10.26    0.74    0.40   -41.53
             (    0.89,     1.07)    0.13      1.12    0.22    0.07     5.66
 sky       : [ 50.50,  50.50]  -9.97e-04  [0.00e+00]  [0.00e+00]
                                4.61e-05  [0.00e+00]  [0.00e+00]
 Chi^2 = 5891.80825,  ndof = 9580
 Chi^2/nu = 0.615 

-----------------------------------------------------------------------------
-----------------------------------------------------------------------------

Input image     : JADES-4270_F115W_sci.2as.fits[1:100,1:100] 
Init. par. file : sample_param.galfit 
Restart file    : galfit.30 
Output image    : JADES-4270_F115W_fit.fits 

 sersic    : (   49.65,    53.65)   26.66     10.40    0.90    0.38   -45.15
             (    0.89,     0.99)    0.14      1.08    0.29    0.07     4.99
 sky       : [ 50.50,  50.50]  -1.00e-03  [0.00e+00]  [0.00e+00]
                                4.61e-05  [0.00e+00]  [0.00e+00]
 Chi^2 = 5892.13631,  ndof = 9580
 Chi^2/nu = 0.615 

-----------------------------------------------------------------------------
-----------------------------------------------------------------------------

Input image     : JADES-4270_F115W_sci.2as.fits[1:100,1:100] 
Init. par. file : sample_param.galfit 
Restart file    : galfit.31 
Output image    : JADES-4270_F115W_fit.fits 

 sersic    : (   49.66,    53.66)   26.66     10.42    0.90    0.38   -45.10
             (    0.89,     0.99)    0.14      1.08    0.29    0.07     4.98
 sky       : [ 50.50,  50.50]  -1.00e-03  [0.00e+00]  [0.00e+00]
                                4.61e-05  [0.00e+00]  [0.00e+00]
 Chi^2 = 5892.12422,  ndof = 9580
 Chi^2/nu = 0.615 

-----------------------------------------------------------------------------
-----------------------------------------------------------------------------

Input image     : JADES-4270_F115W_sci.2as.fits[1:100,1:100] 
Init. par. file : sample_param.galfit 
Restart file    : galfit.32 
Output image    : JADES-4270_F115W_fit.fits 

 sersic    : (   47.83,    47.16)   26.34    141.40  *19.06*   0.25   -61.88
             (    2.46,     1.70)    7.94   3473.56 *182.58*   0.09     5.70
 sersic    : (   52.34,    55.81)   26.98      7.98    0.55    0.39   -30.99
             (    0.94,     1.85)    0.28      1.68    0.28    0.09     9.37
 sky       : [ 50.50,  50.50]  -1.12e-03  [0.00e+00]  [0.00e+00]
                                9.50e-05  [0.00e+00]  [0.00e+00]
 Chi^2 = 5885.37238,  ndof = 9573
 Chi^2/nu = 0.615 

-----------------------------------------------------------------------------
-----------------------------------------------------------------------------

Input image     : JADES-4270_F115W_sci.2as.fits[1:100,1:100] 
Init. par. file : sample_param.galfit 
Restart file    : galfit.33 
Output image    : JADES-4270_F115W_fit.fits 

 sersic    : (   48.81,    48.29)   26.85     15.71    2.26    0.38   -59.74
             (    1.41,     1.37)    0.28      7.02    1.73    0.07     4.94
 sersic    : (   52.24,    56.35)   27.37      3.74    0.28    0.99   -55.10
             (    0.56,     0.56)    0.16      0.78    0.36    0.22  2019.57
 sky       : [ 50.50,  50.50]  -1.10e-03  [0.00e+00]  [0.00e+00]
                                4.61e-05  [0.00e+00]  [0.00e+00]
 Chi^2 = 5895.39835,  ndof = 9573
 Chi^2/nu = 0.616 

-----------------------------------------------------------------------------
-----------------------------------------------------------------------------

Input image     : JADES-4270_F115W_sci.2as.fits[1:100,1:100] 
Init. par. file : sample_param.galfit 
Restart file    : galfit.34 
Output image    : JADES-4270_F115W_fit.fits 

 sersic    : (   46.71,    41.30)   25.08      3.16  *14.06*   0.89    27.95
             (    0.44,     0.66)    0.38      3.13  *16.84*   0.08    32.60
 sersic    : (   52.11,    55.97)   26.26      4.93    1.27    0.63   -59.40
             (    0.28,     0.21)    0.06      0.50    0.33    0.06    11.27
 sky       : [ 50.50,  50.50]  -1.28e-03  [0.00e+00]  [0.00e+00]
                                7.89e-05  [0.00e+00]  [0.00e+00]
 Chi^2 = 6137.24232,  ndof = 9573
 Chi^2/nu = 0.641 

-----------------------------------------------------------------------------
-----------------------------------------------------------------------------

Input image     : JADES-4270_F115W_sci.2as.fits[1:100,1:100] 
Init. par. file : sample_param.galfit 
Restart file    : galfit.35 
Output image    : JADES-4270_F115W_fit.fits 

 sersic    : (   46.73,    41.15)   25.09      3.19  *14.11*   0.89    38.48
             (    0.51,     0.75)    0.40      3.35  *17.11*   0.09    35.17
 sersic    : (   52.04,    55.98)   25.44      4.61    2.51    0.80   -63.70
             (    0.11,     0.10)    0.03      0.34    0.26    0.04    12.71
 sky       : [ 50.50,  50.50]  -1.20e-03  [0.00e+00]  [0.00e+00]
                                7.86e-05  [0.00e+00]  [0.00e+00]
 Chi^2 = 6706.65612,  ndof = 9573
 Chi^2/nu = 0.701 

-----------------------------------------------------------------------------
-----------------------------------------------------------------------------

Input image     : JADES-4270_F115W_sci.2as.fits[1:100,1:100] 
Init. par. file : sample_param.galfit 
Restart file    : galfit.36 
Output image    : JADES-4270_F115W_fit.fits 

 sersic    : (   46.67,    41.02)   25.22      2.48  *13.85*   0.97    64.55
             (    0.55,     0.87)    0.38      2.80  *17.31*   0.11   161.96
 sersic    : (   52.04,    55.98)   25.51      4.30    2.47    0.80   -64.18
             (    0.11,     0.09)    0.04      0.34    0.26    0.04    13.36
 sky       : [ 50.50,  50.50]  -1.20e-03  [0.00e+00]  [0.00e+00]
                                8.01e-05  [0.00e+00]  [0.00e+00]
 Chi^2 = 6590.87908,  ndof = 9573
 Chi^2/nu = 0.688 

-----------------------------------------------------------------------------
-----------------------------------------------------------------------------

Input image     : JADES-4270_F115W_sci.2as.fits[1:100,1:100] 
Init. par. file : sample_param.galfit 
Restart file    : galfit.37 
Output image    : JADES-4270_F115W_fit.fits 

 sersic    : (   46.66,    40.96)   25.27      2.73  *14.89*   0.87    30.99
             (    0.57,     0.84)    0.47      3.37  *21.67*   0.10    34.06
 sersic    : (   52.05,    55.98)   25.58      4.35    2.39    0.78   -62.92
             (    0.12,     0.10)    0.04      0.36    0.28    0.05    12.54
 sky       : [ 50.50,  50.50]  -1.21e-03  [0.00e+00]  [0.00e+00]
                                7.67e-05  [0.00e+00]  [0.00e+00]
 Chi^2 = 6459.65989,  ndof = 9573
 Chi^2/nu = 0.675 

-----------------------------------------------------------------------------
-----------------------------------------------------------------------------

Input image     : JADES-4270_F115W_sci.2as.fits[1:100,1:100] 
Init. par. file : sample_param.galfit 
Restart file    : galfit.38 
Output image    : JADES-4270_F115W_fit.fits 

 sersic    : (   46.64,    40.76)   25.37      2.98  *17.45*   0.78    65.43
             (    0.64,     1.01)    0.62      4.56  *32.36*   0.12    18.28
 sersic    : (   52.05,    55.98)   25.72      4.43    2.21    0.75   -62.11
             (    0.14,     0.11)    0.04      0.41    0.31    0.05    12.25
 sky       : [ 50.50,  50.50]  -1.23e-03  [0.00e+00]  [0.00e+00]
                                7.19e-05  [0.00e+00]  [0.00e+00]
 Chi^2 = 6282.15317,  ndof = 9573
 Chi^2/nu = 0.656 

-----------------------------------------------------------------------------
-----------------------------------------------------------------------------

Input image     : JADES-4270_F115W_sci.2as.fits[1:100,1:100] 
Init. par. file : sample_param.galfit 
Restart file    : galfit.39 
Output image    : JADES-4270_F115W_fit.fits 

 sersic    : (   46.85,    41.45)   24.70      2.44    9.05    0.89    58.15
             (    0.36,     0.55)    0.16      1.30    5.14    0.07    25.54
 sersic    : (   52.02,    55.99)   24.90      4.27    3.15    0.87   -64.19
             (    0.07,     0.06)    0.03      0.22    0.29    0.03    14.31
 sky       : [ 50.50,  50.50]  -1.14e-03  [0.00e+00]  [0.00e+00]
                                7.06e-05  [0.00e+00]  [0.00e+00]
 Chi^2 = 8571.65569,  ndof = 9573
 Chi^2/nu = 0.895 

-----------------------------------------------------------------------------
-----------------------------------------------------------------------------

Input image     : JADES-4270_F115W_sci.2as.fits[1:100,1:100] 
Init. par. file : sample_param.galfit 
Restart file    : galfit.40 
Output image    : JADES-4270_F115W_fit.fits 

 sersic    : (   46.80,    41.16)   24.72      2.35    9.62    0.88    65.10
             (    0.34,     0.57)    0.17      1.35    5.98    0.08    24.04
 sersic    : (   52.01,    55.99)   24.87      2.49    3.54    0.88   -60.66
             (    0.05,     0.05)    0.03      0.18    0.36    0.04    17.94
 sky       : [ 50.50,  50.50]  -1.24e-03  [0.00e+00]  [0.00e+00]
                                7.59e-05  [0.00e+00]  [0.00e+00]
 Chi^2 = 9465.87439,  ndof = 9573
 Chi^2/nu = 0.989 

-----------------------------------------------------------------------------
-----------------------------------------------------------------------------

Input image     : JADES-4270_F115W_sci.2as.fits[1:100,1:100] 
Init. par. file : sample_param.galfit 
Restart file    : galfit.41 
Output image    : JADES-4270_F115W_fit.fits 

 sersic    : (   46.80,    41.16)   24.72      2.35    9.62    0.88    65.10
             (    0.34,     0.57)    0.17      1.35    5.98    0.08    24.04
 sersic    : (   52.01,    55.99)   24.87      2.49    3.54    0.88   -60.66
             (    0.05,     0.05)    0.03      0.18    0.36    0.04    17.94
 sky       : [ 50.50,  50.50]  -1.24e-03  [0.00e+00]  [0.00e+00]
                                7.59e-05  [0.00e+00]  [0.00e+00]
 Chi^2 = 9465.87439,  ndof = 9573
 Chi^2/nu = 0.989 

-----------------------------------------------------------------------------
-----------------------------------------------------------------------------

Input image     : JADES-4270_F115W_sci.2as.fits[1:100,1:100] 
Init. par. file : sample_param.galfit 
Restart file    : galfit.42 
Output image    : JADES-4270_F115W_fit.fits 

 sersic    : (   46.67,    40.18)   25.04      2.00  *13.98*   0.81    73.06
             (    0.60,     0.90)    0.39      2.52  *17.71*   0.12    23.89
 sersic    : (   52.01,    55.99)   24.24      2.35    3.92    0.95   -85.09
             (    0.03,     0.04)    0.01      0.10    0.34    0.04    33.60
 sky       : [ 50.50,  50.50]  -1.25e-03  [0.00e+00]  [0.00e+00]
                                1.10e-04  [0.00e+00]  [0.00e+00]
 Chi^2 = 15959.39940,  ndof = 9573
 Chi^2/nu = 1.667 

-----------------------------------------------------------------------------
-----------------------------------------------------------------------------

Input image     : JADES-4270_F115W_sci.2as.fits[1:100,1:100] 
Init. par. file : sample_param.galfit 
Restart file    : galfit.43 
Output image    : JADES-4270_F115W_fit.fits 

 sersic    : (   46.75,    41.22)   25.14      1.03  *19.99*   0.74    49.41
             (    0.68,     0.99)    0.58      1.61  *37.61*   0.12    18.45
 sersic    : (   52.04,    55.97)   25.30      3.03    3.21    0.91   -57.54
             (    0.07,     0.07)    0.03      0.25    0.43    0.05    27.97
 sky       : [ 50.50,  50.50]  -1.32e-03  [0.00e+00]  [0.00e+00]
                                7.92e-05  [0.00e+00]  [0.00e+00]
 Chi^2 = 6999.16183,  ndof = 9573
 Chi^2/nu = 0.731 

-----------------------------------------------------------------------------
-----------------------------------------------------------------------------

Input image     : JADES-4270_F115W_sci.2as.fits[1:100,1:100] 
Init. par. file : sample_param.galfit 
Restart file    : galfit.44 
Output image    : JADES-4270_F115W_fit.fits 

 sersic    : (   46.73,    41.25)   25.11      0.84  *20.00*   0.72    46.35
             (    0.68,     0.98)    0.50      1.26  *33.84*   0.13    18.17
 sersic    : (   52.04,    55.97)   25.25      3.09    3.28    0.93   -57.09
             (    0.07,     0.07)    0.03      0.25    0.43    0.05    30.16
 sky       : [ 50.50,  50.50]  -1.33e-03  [0.00e+00]  [0.00e+00]
                                7.30e-05  [0.00e+00]  [0.00e+00]
 Chi^2 = 7088.81062,  ndof = 9573
 Chi^2/nu = 0.741 

-----------------------------------------------------------------------------
-----------------------------------------------------------------------------

Input image     : JADES-4270_F115W_sci.2as.fits[1:100,1:100] 
Init. par. file : sample_param.galfit 
Restart file    : galfit.45 
Output image    : JADES-4270_F115W_fit.fits 

 sersic    : (   46.73,    41.37)   25.05      0.78  *19.70*   0.73    38.50
             (    0.68,     0.99)    0.52      1.22  *35.88*   0.13    19.04
 sersic    : (   52.04,    55.97)   25.19      2.78    3.45    1.00    45.79
             (    0.06,     0.06)    0.02      0.17    0.45    0.07 1162323.62
 sky       : [ 50.50,  50.50]  -1.33e-03  [0.00e+00]  [0.00e+00]
                                8.48e-05  [0.00e+00]  [0.00e+00]
 Chi^2 = 7347.31905,  ndof = 9573
 Chi^2/nu = 0.768 

-----------------------------------------------------------------------------
-----------------------------------------------------------------------------

Input image     : JADES-4270_F115W_sci.2as.fits[1:100,1:100] 
Init. par. file : sample_param.galfit 
Restart file    : galfit.46 
Output image    : JADES-4270_F115W_fit.fits 

 sersic    : (   46.75,    41.22)   25.14      1.03  *19.99*   0.74    49.41
             (    0.68,     0.99)    0.58      1.61  *37.61*   0.12    18.45
 sersic    : (   52.04,    55.97)   25.30      3.03    3.21    0.91   -57.54
             (    0.07,     0.07)    0.03      0.25    0.43    0.05    27.97
 sky       : [ 50.50,  50.50]  -1.32e-03  [0.00e+00]  [0.00e+00]
                                7.92e-05  [0.00e+00]  [0.00e+00]
 Chi^2 = 6999.16183,  ndof = 9573
 Chi^2/nu = 0.731 

-----------------------------------------------------------------------------
-----------------------------------------------------------------------------

Input image     : JADES-4270_F115W_sci.2as.fits[1:100,1:100] 
Init. par. file : sample_param.galfit 
Restart file    : galfit.47 
Output image    : JADES-4270_F115W_fit.fits 

 sersic    : (   46.97,    39.54)   25.65     18.28  *17.55*   0.27     1.64
             (    0.50,     1.03)    1.05     54.17  *39.26*   0.05     3.34
 sersic    : (   52.01,    56.01)   26.00      3.28    2.68    0.78    66.94
             (    0.16,     0.15)    0.04      0.34    0.55    0.10    17.17
 sky       : [ 50.50,  50.50]  -1.05e-03  [0.00e+00]  [0.00e+00]
                                8.02e-05  [0.00e+00]  [0.00e+00]
 Chi^2 = 6233.07998,  ndof = 9573
 Chi^2/nu = 0.651 

-----------------------------------------------------------------------------
-----------------------------------------------------------------------------

Input image     : JADES-4270_F115W_sci.2as.fits[1:100,1:100] 
Init. par. file : sample_param.galfit 
Restart file    : galfit.48 
Output image    : JADES-4270_F115W_fit.fits 

 sersic    : (   46.97,    39.54)   25.65     18.28  *17.55*   0.27     1.64
             (    0.50,     1.03)    1.05     54.17  *39.26*   0.05     3.34
 sersic    : (   52.01,    56.01)   26.00      3.28    2.68    0.78    66.94
             (    0.16,     0.15)    0.04      0.34    0.55    0.10    17.17
 sky       : [ 50.50,  50.50]  -1.05e-03  [0.00e+00]  [0.00e+00]
                                8.02e-05  [0.00e+00]  [0.00e+00]
 Chi^2 = 6233.07998,  ndof = 9573
 Chi^2/nu = 0.651 

-----------------------------------------------------------------------------
-----------------------------------------------------------------------------

Input image     : JADES-4270_F115W_sci.2as.fits[1:100,1:100] 
Init. par. file : sample_param.galfit 
Restart file    : galfit.49 
Output image    : JADES-4270_F115W_fit.fits 

 sersic    : (   46.65,    40.24)   25.17      0.53  *19.46*   0.71    56.48
             (    0.71,     1.16)    0.68      1.39  *48.78*   0.20    27.13
 sersic    : (   52.02,    55.98)   24.30      2.51    4.17    0.96    87.48
             (    0.04,     0.04)    0.02      0.13    0.37    0.04    37.33
 sky       : [ 50.50,  50.50]  -1.32e-03  [0.00e+00]  [0.00e+00]
                                1.01e-04  [0.00e+00]  [0.00e+00]
 Chi^2 = 14101.54486,  ndof = 9573
 Chi^2/nu = 1.473 

-----------------------------------------------------------------------------
-----------------------------------------------------------------------------

Input image     : JADES-4270_F115W_sci.2as.fits[1:100,1:100] 
Init. par. file : sample_param.galfit 
Restart file    : galfit.50 
Output image    : JADES-4270_F115W_fit.fits 

 sersic    : (   46.65,    40.24)   25.17      0.53  *19.46*   0.71    56.48
             (    0.71,     1.16)    0.68      1.39  *48.78*   0.20    27.13
 sersic    : (   52.02,    55.98)   24.30      2.51    4.17    0.96    87.48
             (    0.04,     0.04)    0.02      0.13    0.37    0.04    37.33
 sky       : [ 50.50,  50.50]  -1.32e-03  [0.00e+00]  [0.00e+00]
                                1.01e-04  [0.00e+00]  [0.00e+00]
 Chi^2 = 14101.54486,  ndof = 9573
 Chi^2/nu = 1.473 

-----------------------------------------------------------------------------
-----------------------------------------------------------------------------

Input image     : JADES-4270_F115W_sci.2as.fits[1:100,1:100] 
Init. par. file : sample_param.galfit 
Restart file    : galfit.51 
Output image    : JADES-4270_F115W_fit.fits 

 sersic    : (   46.65,    40.24)   25.17      0.53  *19.46*   0.71    56.48
             (    0.71,     1.16)    0.68      1.39  *48.78*   0.20    27.13
 sersic    : (   52.02,    55.98)   24.30      2.51    4.17    0.96    87.48
             (    0.04,     0.04)    0.02      0.13    0.37    0.04    37.33
 sky       : [ 50.50,  50.50]  -1.32e-03  [0.00e+00]  [0.00e+00]
                                1.01e-04  [0.00e+00]  [0.00e+00]
 Chi^2 = 14101.54486,  ndof = 9573
 Chi^2/nu = 1.473 

-----------------------------------------------------------------------------
-----------------------------------------------------------------------------

Input image     : JADES-4270_F115W_sci.2as.fits[1:100,1:100] 
Init. par. file : sample_param.galfit 
Restart file    : galfit.52 
Output image    : JADES-4270_F115W_fit.fits 

 sersic    : (   11.83,    37.52)   18.97   6589.36    1.55    0.10    46.17
             (   80.26,    75.21)   35.68 116655.25    3.28    0.28     7.22
 sersic    : (   51.79,    55.45)   26.71      9.97    0.75    0.36   -39.25
             (    0.92,     1.13)    0.14      1.00    0.25    0.07     5.97
 sky       : [ 50.50,  50.50]  -2.55e-03  [0.00e+00]  [0.00e+00]
                                9.42e-03  [0.00e+00]  [0.00e+00]
 Chi^2 = 5861.97311,  ndof = 9573
 Chi^2/nu = 0.612 

-----------------------------------------------------------------------------
-----------------------------------------------------------------------------

Input image     : JADES-4270_F115W_sci.2as.fits[1:100,1:100] 
Init. par. file : sample_param.galfit 
Restart file    : galfit.53 
Output image    : JADES-4270_F115W_fit.fits 

 sersic    : (   46.74,    35.70)   27.25      5.54  *20.00*   0.59    32.43
             (    0.90,     1.08)    2.24     39.28 *105.09*   0.45    49.35
 sersic    : (   52.02,    55.97)   24.39      2.79    4.24    0.98   -56.27
             (    0.04,     0.04)    0.02      0.16    0.37    0.04    97.66
 sky       : [ 50.50,  50.50]  -1.14e-03  [0.00e+00]  [0.00e+00]
                                8.09e-05  [0.00e+00]  [0.00e+00]
 Chi^2 = 11958.21924,  ndof = 9573
 Chi^2/nu = 1.249 

-----------------------------------------------------------------------------
-----------------------------------------------------------------------------

Input image     : JADES-4270_F115W_sci.2as.fits[1:100,1:100] 
Init. par. file : sample_param.galfit 
Restart file    : galfit.54 
Output image    : JADES-4270_F115W_fit.fits 

 sersic    : (   11.83,    37.52)   18.97   6589.36    1.55    0.10    46.17
             (   80.26,    75.21)   35.68 116655.25    3.28    0.28     7.22
 sersic    : (   51.79,    55.45)   26.71      9.97    0.75    0.36   -39.25
             (    0.92,     1.13)    0.14      1.00    0.25    0.07     5.97
 sky       : [ 50.50,  50.50]  -2.55e-03  [0.00e+00]  [0.00e+00]
                                9.42e-03  [0.00e+00]  [0.00e+00]
 Chi^2 = 5861.97311,  ndof = 9573
 Chi^2/nu = 0.612 

-----------------------------------------------------------------------------
-----------------------------------------------------------------------------

Input image     : JADES-4270_F115W_sci.2as.fits[1:100,1:100] 
Init. par. file : sample_param.galfit 
Restart file    : galfit.55 
Output image    : JADES-4270_F115W_fit.fits 

 sersic    : (   11.83,    37.52)   18.97   6589.36    1.55    0.10    46.17
             (   80.26,    75.21)   35.68 116655.25    3.28    0.28     7.22
 sersic    : (   51.79,    55.45)   26.71      9.97    0.75    0.36   -39.25
             (    0.92,     1.13)    0.14      1.00    0.25    0.07     5.97
 sky       : [ 50.50,  50.50]  -2.55e-03  [0.00e+00]  [0.00e+00]
                                9.42e-03  [0.00e+00]  [0.00e+00]
 Chi^2 = 5861.97311,  ndof = 9573
 Chi^2/nu = 0.612 

-----------------------------------------------------------------------------
-----------------------------------------------------------------------------

Input image     : JADES-4270_F115W_sci.2as.fits[1:100,1:100] 
Init. par. file : sample_param.galfit 
Restart file    : galfit.56 
Output image    : JADES-4270_F115W_fit.fits 

 sersic    : (   45.57,    26.14)   23.20     *0.01* *20.00*   0.52   -68.23
             (    1.73,     2.47)   21.77     *0.72* *473.54*   4.38   309.82
 sersic    : (   52.00,    55.98)   19.01      2.30    4.51    1.00   -40.71
             (    0.03,     0.03)    0.01      0.12    0.33    0.04  7304.93
 sky       : [ 50.50,  50.50]  -3.88e-03  [0.00e+00]  [0.00e+00]
                                7.25e-03  [0.00e+00]  [0.00e+00]
 Chi^2 = 154839827.45234,  ndof = 9573
 Chi^2/nu = 16174.640 

-----------------------------------------------------------------------------
-----------------------------------------------------------------------------

Input image     : JADES-4270_F115W_sci.2as.fits[1:100,1:100] 
Init. par. file : sample_param.galfit 
Restart file    : galfit.57 
Output image    : JADES-4270_F115W_fit.fits 

 sersic    : (   11.83,    37.52)   18.97   6589.36    1.55    0.10    46.17
             (   80.26,    75.21)   35.68 116655.25    3.28    0.28     7.22
 sersic    : (   51.79,    55.45)   26.71      9.97    0.75    0.36   -39.25
             (    0.92,     1.13)    0.14      1.00    0.25    0.07     5.97
 sky       : [ 50.50,  50.50]  -2.55e-03  [0.00e+00]  [0.00e+00]
                                9.42e-03  [0.00e+00]  [0.00e+00]
 Chi^2 = 5861.97311,  ndof = 9573
 Chi^2/nu = 0.612 

-----------------------------------------------------------------------------
-----------------------------------------------------------------------------

Input image     : JADES-4270_F115W_sci.2as.fits[1:100,1:100] 
Init. par. file : sample_param.galfit 
Restart file    : galfit.58 
Output image    : JADES-4270_F115W_fit.fits 

 sersic    : (   45.46,     7.24)   22.47   4095.40    3.21    0.11    49.09
             (   18.36,    16.38)   19.69  66084.35    9.76    0.09     4.90
 sersic    : (   51.99,    55.62)   25.43    309.80  *14.17*   0.40   -78.74
             (    0.82,     0.61)    3.94   3078.34  *32.26*   0.07     5.95
 sky       : [ 50.50,  50.50]  -1.57e-03  [0.00e+00]  [0.00e+00]
                                6.44e-04  [0.00e+00]  [0.00e+00]
 Chi^2 = 5876.61739,  ndof = 9573
 Chi^2/nu = 0.614 

-----------------------------------------------------------------------------
-----------------------------------------------------------------------------

Input image     : JADES-4270_F115W_sci.2as.fits[1:100,1:100] 
Init. par. file : sample_param.galfit 
Restart file    : galfit.59 
Output image    : JADES-4270_F115W_fit.fits 

 sersic    : (   47.49,    22.42)   29.02     31.71    1.92   *0.01*  -18.32
             (    3.41,    11.20)    0.51     33.82    4.49   *0.01*    0.39
 sersic    : (   50.91,    55.11)   26.79     10.93    1.57    0.40   -71.38
             (    1.15,     0.59)    0.15      1.70    0.57    0.08     6.07
 sky       : [ 50.50,  50.50]  -1.05e-03  [0.00e+00]  [0.00e+00]
                                4.60e-05  [0.00e+00]  [0.00e+00]
 Chi^2 = 5882.53870,  ndof = 9573
 Chi^2/nu = 0.614 

-----------------------------------------------------------------------------
-----------------------------------------------------------------------------

Input image     : JADES-4270_F115W_sci.2as.fits[1:100,1:100] 
Init. par. file : sample_param.galfit 
Restart file    : galfit.60 
Output image    : JADES-4270_F115W_fit.fits 

 sersic    : (  [47.00],  [42.00]) [19.70]    [4.00]  [4.00]  [1.00]  [90.00]
             (   [0.00],   [0.00])  [0.00]    [0.00]  [0.00]  [0.00]   [0.00]
 sersic    : (  [52.00],  [56.00]) [15.80]    [2.00]  [4.00]  [1.00]  [90.00]
             (   [0.00],   [0.00])  [0.00]    [0.00]  [0.00]  [0.00]   [0.00]
 sky       : [ 50.50,  50.50]    -1.97  [0.00e+00]  [0.00e+00]
                                  0.15  [0.00e+00]  [0.00e+00]
 Chi^2 = 61971921689.61641,  ndof = 9587
 Chi^2/nu = 6464162.062 

-----------------------------------------------------------------------------
-----------------------------------------------------------------------------

Input image     : JADES-4270_F115W_sci.2as.fits[1:100,1:100] 
Init. par. file : sample_param.galfit 
Restart file    : galfit.61 
Output image    : JADES-4270_F115W_fit.fits 

 sersic    : (  [47.00],  [42.00])  25.55      1.82  *10.19*   0.89    25.27
             (   [0.00],   [0.00])   0.62      4.17  *24.33*   0.22    91.16
 sersic    : (   52.01,    56.00)   23.93      2.21    3.95    0.98    73.46
             (    0.03,     0.03)    0.01      0.09    0.25    0.04    70.79
 sky       : [ 50.50,  50.50]  -1.14e-03  [0.00e+00]  [0.00e+00]
                                1.25e-04  [0.00e+00]  [0.00e+00]
 Chi^2 = 23838.38754,  ndof = 9575
 Chi^2/nu = 2.490 

-----------------------------------------------------------------------------
-----------------------------------------------------------------------------

Input image     : JADES-4270_F115W_sci.2as.fits[1:100,1:100] 
Init. par. file : sample_param.galfit 
Restart file    : galfit.62 
Output image    : JADES-4270_F115W_fit.fits 

 sersic    : (  [47.00],  [42.00])  25.48      1.93    0.89    0.47    30.07
             (   [0.00],   [0.00])   0.65      7.64    7.95    1.83   135.29
 sersic    : (   52.00,    56.00)   22.94      2.21    4.19    0.96   -64.08
             (    0.03,     0.03)    0.01      0.11    0.30    0.03    39.70
 sky       : [ 50.50,  50.50]  -9.87e-04  [0.00e+00]  [0.00e+00]
                                2.06e-04  [0.00e+00]  [0.00e+00]
 Chi^2 = 118180.51536,  ndof = 9575
 Chi^2/nu = 12.343 

-----------------------------------------------------------------------------
-----------------------------------------------------------------------------

Input image     : JADES-4270_F115W_sci.2as.fits[1:100,1:100] 
Init. par. file : sample_param.galfit 
Restart file    : galfit.63 
Output image    : JADES-4270_F115W_fit.fits 

 sersic    : (  [47.00],  [42.00])  25.42      2.55  *12.27*   0.89    54.42
             (   [0.00],   [0.00])   0.48      3.72  *18.87*   0.15    46.65
 sersic    : (   52.01,    56.00)   24.90      2.41    3.45    0.86   -60.64
             (    0.04,     0.04)    0.02      0.17    0.41    0.04    14.70
 sky       : [ 50.50,  50.50]  -1.21e-03  [0.00e+00]  [0.00e+00]
                                8.95e-05  [0.00e+00]  [0.00e+00]
 Chi^2 = 8756.58362,  ndof = 9575
 Chi^2/nu = 0.915 

-----------------------------------------------------------------------------
-----------------------------------------------------------------------------

Input image     : JADES-4270_F115W_sci.2as.fits[1:100,1:100] 
Init. par. file : sample_param.galfit 
Restart file    : galfit.64 
Output image    : JADES-4270_F115W_fit.fits 

 sersic    : (  [47.00],  [42.00])  25.35      2.86  *13.35*   0.92    48.21
             (   [0.00],   [0.00])   0.45      3.70  *18.57*   0.12    47.38
 sersic    : (   52.04,    56.00)   25.81      2.57    2.43    0.83     5.85
             (    0.11,     0.12)    0.04      0.25    0.47    0.09    21.16
 sky       : [ 50.50,  50.50]  -1.25e-03  [0.00e+00]  [0.00e+00]
                                8.44e-05  [0.00e+00]  [0.00e+00]
 Chi^2 = 6427.88184,  ndof = 9575
 Chi^2/nu = 0.671 

-----------------------------------------------------------------------------
-----------------------------------------------------------------------------

Input image     : JADES-4270_F115W_sci.2as.fits[1:100,1:100] 
Init. par. file : sample_param.galfit 
Restart file    : galfit.65 
Output image    : JADES-4270_F115W_fit.fits 

 sersic    : (  [47.00],  [42.00])  25.36      2.76  *13.13*   0.96    83.38
             (   [0.00],   [0.00])   0.44      3.44  *17.47*   0.13    92.99
 sersic    : (   52.04,    56.00)   25.81      2.72    2.51    0.73   -55.17
             (    0.09,     0.09)    0.04      0.31    0.54    0.06    13.41
 sky       : [ 50.50,  50.50]  -1.24e-03  [0.00e+00]  [0.00e+00]
                                7.97e-05  [0.00e+00]  [0.00e+00]
 Chi^2 = 6400.13552,  ndof = 9575
 Chi^2/nu = 0.668 

-----------------------------------------------------------------------------
-----------------------------------------------------------------------------

Input image     : JADES-4270_F115W_sci.2as.fits[1:100,1:100] 
Init. par. file : sample_param.galfit 
Restart file    : galfit.66 
Output image    : JADES-4270_F115W_fit.fits 

 sersic    : (  [47.00],  [42.00])  24.95      2.41    9.07    0.93    53.11
             (   [0.00],   [0.00])   0.23      1.76    7.02    0.10    47.26
 sersic    : (   52.01,    56.00)   24.82      2.22    3.48    0.97    25.28
             (    0.04,     0.04)    0.02      0.12    0.39    0.06    69.18
 sky       : [ 50.50,  50.50]  -1.19e-03  [0.00e+00]  [0.00e+00]
                                8.56e-05  [0.00e+00]  [0.00e+00]
 Chi^2 = 9718.70057,  ndof = 9575
 Chi^2/nu = 1.015 

-----------------------------------------------------------------------------
-----------------------------------------------------------------------------

Input image     : JADES-4270_F115W_sci.2as.fits[1:100,1:100] 
Init. par. file : sample_param.galfit 
Restart file    : galfit.67 
Output image    : JADES-4270_F115W_fit.fits 

 sersic    : (  [47.00],  [42.00])  25.36      2.76  *13.13*   0.96    83.38
             (   [0.00],   [0.00])   0.44      3.44  *17.47*   0.13    92.99
 sersic    : (   52.04,    56.00)   25.81      2.72    2.51    0.73   -55.17
             (    0.09,     0.09)    0.04      0.31    0.54    0.06    13.41
 sky       : [ 50.50,  50.50]  -1.24e-03  [0.00e+00]  [0.00e+00]
                                7.97e-05  [0.00e+00]  [0.00e+00]
 Chi^2 = 6400.13552,  ndof = 9575
 Chi^2/nu = 0.668 

-----------------------------------------------------------------------------
-----------------------------------------------------------------------------

Input image     : JADES-4270_F115W_sci.2as.fits[1:100,1:100] 
Init. par. file : sample_param.galfit 
Restart file    : galfit.68 
Output image    : JADES-4270_F115W_fit.fits 

 sersic    : (  [47.00],  [42.00])  25.48      1.98  *10.47*   0.89    50.69
             (   [0.00],   [0.00])   0.30      2.23  *11.59*   0.14    42.71
 sersic    : (   52.04,    56.01)   25.80      2.80    2.60    0.70   -59.89
             (    0.10,     0.08)    0.04      0.31    0.56    0.05    11.04
 sky       : [ 50.50,  50.50]  -1.18e-03  [0.00e+00]  [0.00e+00]
                                6.88e-05  [0.00e+00]  [0.00e+00]
 Chi^2 = 6372.10962,  ndof = 9575
 Chi^2/nu = 0.665 

-----------------------------------------------------------------------------
-----------------------------------------------------------------------------

Input image     : JADES-4270_F115W_sci.2as.fits[1:100,1:100] 
Init. par. file : sample_param.galfit 
Restart file    : galfit.69 
Output image    : JADES-4270_F115W_fit.fits 

 sersic    : (  [47.00],  [42.00]) [10.70]    [3.00]  [4.00]  [1.00]  [90.00]
             (   [0.00],   [0.00])  [0.00]    [0.00]  [0.00]  [0.00]   [0.00]
 sersic    : (  [52.00],  [56.00]) [10.80]    [2.00]  [4.00]  [1.00] [-45.00]
             (   [0.00],   [0.00])  [0.00]    [0.00]  [0.00]  [0.00]   [0.00]
 sky       : [ 50.50,  50.50]  -467.19  [0.00e+00]  [0.00e+00]
                                 17.13  [0.00e+00]  [0.00e+00]
 Chi^2 = 815398765108291.25000,  ndof = 9587
 Chi^2/nu = 85052546689.088 

-----------------------------------------------------------------------------
-----------------------------------------------------------------------------

Input image     : JADES-4270_F115W_sci.2as.fits[1:100,1:100] 
Init. par. file : sample_param.galfit 
Restart file    : galfit.70 
Output image    : JADES-4270_F115W_fit.fits 

 sersic    : (  [47.00],  [42.00])  [0.18]    [3.00]  [4.00]  [1.00]  [90.00]
             (   [0.00],   [0.00])  [0.00]    [0.00]  [0.00]  [0.00]   [0.00]
 sersic    : (  [52.00],  [56.00])  [0.04]    [2.00]  [4.00]  [1.00] [-45.00]
             (   [0.00],   [0.00])  [0.00]    [0.00]  [0.00]  [0.00]   [0.00]
 sky       : [ 50.50,  50.50]  -8294943.50  [0.00e+00]  [0.00e+00]
                                332684.25  [0.00e+00]  [0.00e+00]
 Chi^2 = 307497810911095118888960.00000,  ndof = 9587
 Chi^2/nu = 32074456129247432704.000 

-----------------------------------------------------------------------------
-----------------------------------------------------------------------------

Input image     : JADES-4270_F115W_sci.2as.fits[1:100,1:100] 
Init. par. file : sample_param.galfit 
Restart file    : galfit.71 
Output image    : JADES-4270_F115W_fit.fits 

 sersic    : (  [47.00],  [42.00])  25.36      2.76  *13.13*   0.96    83.38
             (   [0.00],   [0.00])   0.44      3.44  *17.47*   0.13    92.99
 sersic    : (   52.04,    56.00)   25.81      2.72    2.51    0.73   -55.17
             (    0.09,     0.09)    0.04      0.31    0.54    0.06    13.41
 sky       : [ 50.50,  50.50]  -1.24e-03  [0.00e+00]  [0.00e+00]
                                7.97e-05  [0.00e+00]  [0.00e+00]
 Chi^2 = 6400.13552,  ndof = 9575
 Chi^2/nu = 0.668 

-----------------------------------------------------------------------------
-----------------------------------------------------------------------------

Input image     : JADES-4270_F115W_sci.2as.fits[1:100,1:100] 
Init. par. file : sample_param.galfit 
Restart file    : galfit.72 
Output image    : JADES-4270_F115W_fit.fits 

 sersic    : (   46.55,    40.44)   25.37      2.73  *18.81*   0.77    69.73
             (    0.58,     0.94)    0.68      4.28  *36.98*   0.12    17.70
 sersic    : (   52.04,    55.98)   25.74      2.96    2.75    0.75   -58.83
             (    0.09,     0.09)    0.04      0.32    0.47    0.06    13.67
 sky       : [ 50.50,  50.50]  -1.30e-03  [0.00e+00]  [0.00e+00]
                                7.45e-05  [0.00e+00]  [0.00e+00]
 Chi^2 = 6390.86038,  ndof = 9573
 Chi^2/nu = 0.668 

-----------------------------------------------------------------------------
-----------------------------------------------------------------------------

Input image     : JADES-4270_F115W_sci.2as.fits[1:100,1:100] 
Init. par. file : sample_param.galfit 
Restart file    : galfit.73 
Output image    : JADES-4270_F115W_fit.fits 

 sersic    : (   45.93,    40.53)   25.89      0.55    0.09   *0.05*   33.84
             ( 8344.71, 22413.40) 4264.86   2698.50 3349.22 *151869.67* 411867.16
 sersic    : (   52.90,    56.09)   27.39      3.91    0.51    0.81   -70.47
             (    0.59,     0.53)    0.13      0.94    0.47    0.20    53.13
 sky       : [ 50.50,  50.50]  -1.00e-03  [0.00e+00]  [0.00e+00]
                                4.61e-05  [0.00e+00]  [0.00e+00]
 Chi^2 = 5891.91994,  ndof = 9573
 Chi^2/nu = 0.615 

-----------------------------------------------------------------------------
-----------------------------------------------------------------------------

Input image     : JADES-4270_F115W_sci.2as.fits[1:100,1:100] 
Init. par. file : sample_param.galfit 
Restart file    : galfit.74 
Output image    : JADES-4270_F115W_fit.fits 

 sersic    : (   45.24,    41.47)   26.16     *0.01*   2.54    0.77    39.04
             (51925.45, 25616.66) 17138.73    *83.13* 269201.53 23880.35 7595715.50
 sersic    : (   52.77,    56.10)   27.29      4.22    0.55    0.87    81.67
             (    0.53,     0.53)    0.13      0.80    0.41    0.20    68.77
 sky       : [ 50.50,  50.50]  -9.66e-04  [0.00e+00]  [0.00e+00]
                                4.61e-05  [0.00e+00]  [0.00e+00]
 Chi^2 = 5893.24969,  ndof = 9573
 Chi^2/nu = 0.616 

-----------------------------------------------------------------------------
-----------------------------------------------------------------------------

Input image     : JADES-4270_F115W_sci.2as.fits[1:100,1:100] 
Init. par. file : galfit.74 
Restart file    : galfit.75 
Output image    : JADES-4270_F115W_fit.fits 

 sersic    : (   45.24,    41.47)   26.16     *0.01*   2.54    0.77    39.04
             (54276.04, 17104.64)  904.70    *70.89* 29429.14 16790.42 13865063.00
 sersic    : (   52.77,    56.10)   27.29      4.22    0.55    0.87    81.67
             (    0.53,     0.53)    0.13      0.80    0.41    0.20    68.76
 sky       : [ 50.50,  50.50]  -9.66e-04  [0.00e+00]  [0.00e+00]
                                4.61e-05  [0.00e+00]  [0.00e+00]
 Chi^2 = 5893.25211,  ndof = 9573
 Chi^2/nu = 0.616 

-----------------------------------------------------------------------------
-----------------------------------------------------------------------------

Input image     : JADES-4270_F115W_sci.2as.fits[1:100,1:100] 
Init. par. file : galfit.74 
Restart file    : galfit.76 
Output image    : JADES-4270_F115W_fit.fits 

 sersic    : (   45.74,    40.46)   26.52     *0.27* *19.70*   0.22    51.66
             (    1.97,     2.11)    0.70     *1.52* *71.82*   0.25    13.63
 sersic    : (   53.31,    56.73)   27.20      4.55    0.35    0.80   -39.20
             (    0.47,     0.52)    0.14      0.86    0.31    0.16    35.25
 sky       : [ 50.50,  50.50]  -1.03e-03  [0.00e+00]  [0.00e+00]
                                4.61e-05  [0.00e+00]  [0.00e+00]
 Chi^2 = 5885.43325,  ndof = 9573
 Chi^2/nu = 0.615 

-----------------------------------------------------------------------------
-----------------------------------------------------------------------------

Input image     : JADES-4270_F115W_sci.2as.fits[1:100,1:100] 
Init. par. file : galfit.74 
Restart file    : galfit.77 
Output image    : JADES-4270_F115W_fit.fits 

 sersic    : (   46.50,    40.36)   25.44     *0.38* *10.91*  *0.00*   64.12
             (    5.37,     2.63)    1.03     *2.05* *23.90*  *0.00*    0.05
 sersic    : (   52.86,    56.48)   26.99      7.83    0.63    0.41   -32.11
             (    0.90,     1.36)    0.15      1.74    0.35    0.09     8.76
 sky       : [ 50.50,  50.50]  -1.05e-03  [0.00e+00]  [0.00e+00]
                                4.60e-05  [0.00e+00]  [0.00e+00]
 Chi^2 = 5878.12889,  ndof = 9573
 Chi^2/nu = 0.614 

-----------------------------------------------------------------------------
-----------------------------------------------------------------------------

Input image     : JADES-4270_F115W_sci.2as.fits[1:100,1:100] 
Init. par. file : galfit.74 
Restart file    : galfit.78 
Output image    : JADES-4270_F115W_fit.fits 

 sersic    : (   54.34,    57.99)   27.29      6.27    0.64    0.46   -23.92
             (    1.09,     2.47)    0.41      1.61    0.35    0.14    13.38
 sersic    : (   46.46,    53.23)   28.45      5.98   *0.04*   0.49   -86.47
             (    5.33,     2.81)    1.06    125.33   *2.02*   0.35    64.94
 sersic    : (   46.31,    40.59)   25.93     *0.15* *19.57*  *0.00*   54.16
             (    3.77,     2.72)    2.80     *1.41* *49.83*  *0.00*    0.17
 sky       : [ 50.50,  50.50]  -1.05e-03  [0.00e+00]  [0.00e+00]
                                4.61e-05  [0.00e+00]  [0.00e+00]
 Chi^2 = 5880.38653,  ndof = 9566
 Chi^2/nu = 0.615 

-----------------------------------------------------------------------------
-----------------------------------------------------------------------------

Input image     : JADES-4270_F115W_sci.2as.fits[1:100,1:100] 
Init. par. file : galfit.74 
Restart file    : galfit.79 
Output image    : JADES-4270_F115W_fit.fits 

 sersic    : (   52.98,    56.23)   27.20      8.09    0.54    0.32   -24.62
             (    0.81,     1.67)    0.19      2.03    0.44    0.09     8.05
 sersic    : (   46.10,    58.39)   27.94     27.28    0.20    0.15   -84.15
             (    2.55,     0.79)    0.23      4.46    0.17    0.04     1.73
 psf       : (   47.74,    39.74)   26.51
             (    0.62,     0.74)    0.27
 sky       : [ 50.50,  50.50]  -1.08e-03  [0.00e+00]  [0.00e+00]
                                4.60e-05  [0.00e+00]  [0.00e+00]
 Chi^2 = 5872.61405,  ndof = 9570
 Chi^2/nu = 0.614 

-----------------------------------------------------------------------------
-----------------------------------------------------------------------------

Input image     : JADES-4270_F115W_sci.2as.fits[1:100,1:100] 
Init. par. file : galfit.74 
Restart file    : galfit.80 
Output image    : JADES-4270_F115W_fit.fits 

 sersic    : (   52.92,    56.20)   27.19      8.05    0.53    0.32   -24.92
             (    0.95,     1.90)    0.16      2.09    0.44    0.09     8.16
 sersic    : (   46.94,    58.66)   27.98     28.87    0.15    0.15   -84.01
             (    2.46,     0.79)    0.22      4.03    0.13    0.04     1.58
 psf       : (   47.74,    39.76)   26.50
             (    0.62,     0.75)    0.27
 sky       : [ 50.50,  50.50]  -1.08e-03  [0.00e+00]  [0.00e+00]
                                4.60e-05  [0.00e+00]  [0.00e+00]
 Chi^2 = 5872.35699,  ndof = 9570
 Chi^2/nu = 0.614 

-----------------------------------------------------------------------------
-----------------------------------------------------------------------------

Input image     : JADES-4270_F115W_sci.2as.fits[1:100,1:100] 
Init. par. file : galfit.74 
Restart file    : galfit.81 
Output image    : JADES-4270_F115W_fit.fits 

 sersic    : (   53.39,    57.18)   27.26      4.49    0.34    0.97   -55.56
             (    1.06,     0.94)    0.26      1.15    0.29    0.25   321.87
 sersic    : (   45.64,    49.15)   28.08      5.42    0.05    0.81     8.66
             (    3.24,     7.75)    1.06     34.36    1.81    1.06   218.98
 sersic    : (   47.14,    39.61)   26.49      1.15    0.54   *0.05*   39.73
             (    2.24,    25.42)   12.99     11.07   56.87  *19.48*  835.78
 sky       : [ 50.50,  50.50]  -1.02e-03  [0.00e+00]  [0.00e+00]
                                4.61e-05  [0.00e+00]  [0.00e+00]
 Chi^2 = 5887.85602,  ndof = 9566
 Chi^2/nu = 0.615 

-----------------------------------------------------------------------------
-----------------------------------------------------------------------------

Input image     : JADES-4270_F115W_sci.2as.fits[1:100,1:100] 
Init. par. file : galfit.74 
Restart file    : galfit.82 
Output image    : JADES-4270_F115W_fit.fits 

 sersic    : (   52.78,    57.47)   27.38      4.73    0.36    0.85    65.61
             (    0.00,     0.00)    0.00      0.00    0.00    0.00     0.00
 sersic    : (   45.97,    47.93)   27.17      5.31    0.51    0.90     0.87
             (    0.00,     0.00)    0.00      0.00    0.00    0.00     0.00
 sersic    : (   47.36,    40.20)   26.41     *0.01*   2.85    0.29    20.25
             (    0.00,     0.00)    0.00     *0.00*   0.00    0.00     0.00
 sky       : [ 50.50,  50.50]  -8.78e-04  [0.00e+00]  [0.00e+00]
                                4.55e-05  [0.00e+00]  [0.00e+00]
 Chi^2 = 5903.43162,  ndof = 9978
 Chi^2/nu = 0.592 

-----------------------------------------------------------------------------
-----------------------------------------------------------------------------

Input image     : JADES-4270_F115W_sci.2as.fits[1:100,1:100] 
Init. par. file : galfit.74 
Restart file    : galfit.83 
Output image    : JADES-4270_F115W_fit.fits 

 sersic    : (   52.78,    57.47)   27.38      4.73    0.36    0.85    65.61
             (    0.00,     0.00)    0.00      0.00    0.00    0.00     0.00
 sersic    : (   45.97,    47.93)   27.17      5.31    0.51    0.90     0.87
             (    0.00,     0.00)    0.00      0.00    0.00    0.00     0.00
 sersic    : (   47.36,    40.20)   26.41     *0.01*   2.85    0.29    20.25
             (    0.00,     0.00)    0.00     *0.00*   0.00    0.00     0.00
 sky       : [ 50.50,  50.50]  -8.78e-04  [0.00e+00]  [0.00e+00]
                                4.55e-05  [0.00e+00]  [0.00e+00]
 Chi^2 = 5903.43162,  ndof = 9978
 Chi^2/nu = 0.592 

-----------------------------------------------------------------------------
-----------------------------------------------------------------------------

Input image     : JADES-4270_F115W_sci.2as.fits[1:100,1:100] 
Init. par. file : sample_param.galfit 
Restart file    : galfit.84 
Output image    : JADES-4270_F115W_fit.fits 

 sersic    : (   48.43,    41.17)   26.42      1.40    1.83    0.53    19.16
             (    0.18,     0.20)    0.08      0.34    1.45    0.19    19.70
 sersic    : (   48.59,    53.92)   26.67      9.97    0.40    0.49   -51.29
             (    0.65,     0.82)    0.12      0.98    0.15    0.07     7.10
 sky       : [ 50.50,  50.50]  -8.90e-04  [0.00e+00]  [0.00e+00]
                                4.54e-05  [0.00e+00]  [0.00e+00]
 Chi^2 = 5866.47861,  ndof = 9985
 Chi^2/nu = 0.588 

-----------------------------------------------------------------------------
