-----------------------------------------------------------------------------

Input image     : ./stamps/JADES-4270_F115W_sci.2as.fits[1:98,1:98] 
Init. par. file : JADES-4270.F115W_single.run.galfit 
Restart file    : galfit.01 
Output image    : ./JADES-4270.F115W_single.fit.fits 

 sersic    : (   53.11,    56.34)   25.67     10.54    1.00    0.43   -36.49
             (    0.12,     0.16)    0.03      0.48    0.07    0.01     1.74
 Chi^2 = 3241.93336,  ndof = 9185
 Chi^2/nu = 0.353 

-----------------------------------------------------------------------------
-----------------------------------------------------------------------------

Input image     : ./stamps/JADES-4270_F115W_sci.2as.fits[1:98,1:98] 
Init. par. file : JADES-4270.F115W_single.run.galfit 
Restart file    : galfit.02 
Output image    : ./JADES-4270.F115W_single.fit.fits 

 sersic    : (   48.49,    41.20)   25.00      3.48    6.98    0.49    18.11
             (    0.01,     0.02)    0.04      0.29    0.61    0.02     1.35
 Chi^2 = 5608.78351,  ndof = 9597
 Chi^2/nu = 0.584 

-----------------------------------------------------------------------------
-----------------------------------------------------------------------------

Input image     : ./stamps/JADES-4270_F115W_sci.2as.fits[1:98,1:98] 
Init. par. file : JADES-4270.F115W_single.run.galfit 
Restart file    : galfit.03 
Output image    : ./JADES-4270.F115W_single.fit.fits 

 sersic    : (   48.53,    41.09)   25.59      1.24    1.07    0.63    19.76
             (    0.01,     0.01)    0.01      0.02    0.08    0.01     1.85
 sersic    : (   49.43,    53.20)   25.63      9.99    0.18    0.49   -41.44
             (    0.11,     0.15)    0.01      0.15    0.02    0.01     1.25
 sky       : [ 49.50,  49.50]  2.61e-04  [0.00e+00]  [0.00e+00]
                                5.25e-05  [0.00e+00]  [0.00e+00]
 Chi^2 = 4253.85847,  ndof = 9589
 Chi^2/nu = 0.444 

-----------------------------------------------------------------------------
