-----------------------------------------------------------------------------

Input image     : ./stamps/JADES-19431_F115W_sci.2as.fits[1:98,1:98] 
Init. par. file : JADES-19431.F115W_single.run.galfit 
Restart file    : galfit.01 
Output image    : ./JADES-19431.F115W_single.fit.fits 

 sersic    : (   50.71,    46.31)   25.23     68.80    8.00    0.34    -6.96
             (    0.07,     0.09)    0.27     39.59    1.57    0.02     1.69
 Chi^2 = 4039.07815,  ndof = 9150
 Chi^2/nu = 0.441 

-----------------------------------------------------------------------------
-----------------------------------------------------------------------------

Input image     : ./stamps/JADES-19431_F115W_sci.2as.fits[1:98,1:98] 
Init. par. file : JADES-19431.F115W_single.run.galfit 
Restart file    : galfit.02 
Output image    : ./JADES-19431.F115W_single.fit.fits 

 sersic    : (   50.73,    45.63)   26.16     18.16    8.00    0.56   -46.59
             (    0.05,     0.07)    0.24     10.52    2.14    0.05     5.67
 sersic    : (   50.73,    54.04)   27.67      3.67    0.23    0.44     3.12
             (    0.08,     0.12)    0.04      0.17    0.11    0.03     2.97
 Chi^2 = 3765.31778,  ndof = 9143
 Chi^2/nu = 0.412 

-----------------------------------------------------------------------------
