-----------------------------------------------------------------------------

Input image     : ./stamps/JADES-6384_F115W_sci.2as.fits[1:98,1:98] 
Init. par. file : JADES-6384.F115W_single.run.galfit 
Restart file    : galfit.01 
Output image    : ./JADES-6384.F115W_single.fit.fits 

 sersic    : (   54.88,    49.80)  *32.78*    *0.02*   2.48    0.95   -42.84
             (     nan,      nan)    *nan*     *nan*    nan     nan      nan
 Chi^2 = 5703.24887,  ndof = 9557
 Chi^2/nu = 0.597 

-----------------------------------------------------------------------------
-----------------------------------------------------------------------------

Input image     : ./stamps/JADES-6384_F115W_sci.2as.fits[1:98,1:98] 
Init. par. file : JADES-6384.F115W_single.run.galfit 
Restart file    : galfit.02 
Output image    : ./JADES-6384.F115W_single.fit.fits 

 sersic    : (   53.42,    48.93)   28.90      2.77    0.20    0.35    68.03
             (    8.10,     2.81)  103.32      7.64    6.35    1.71   113.77
 sersic    : (   53.26,    48.98)   28.94      2.98   *0.05*   0.40    67.01
             (    7.69,     2.33)  106.45    198.70  *10.94*   2.27   108.85
 Chi^2 = 5484.18298,  ndof = 9550
 Chi^2/nu = 0.574 

-----------------------------------------------------------------------------
-----------------------------------------------------------------------------

Input image     : ./stamps/JADES-6384_F115W_sci.2as.fits[1:98,1:98] 
Init. par. file : JADES-6384.F115W_single.run.galfit 
Restart file    : galfit.03 
Output image    : ./JADES-6384.F115W_single.fit.fits 

 sersic    : (   54.23,    48.58)   29.25      1.77    0.20    0.65    72.61
             (    0.56,     0.62)   31.53      0.60    1.77    1.50    84.57
 sersic    : (   54.20,    48.61)   29.25      1.77    0.05    0.72    68.29
             (    0.26,     0.21)   31.64     12.16    3.19    0.66    26.66
 sersic    : (   50.66,    50.19)   29.56      1.53   *0.03*  *0.04*   50.19
             (42308.66,   893.75)   44.72   5057.98 *408.99* *1500.76* 92973.84
 Chi^2 = 5481.62528,  ndof = 9543
 Chi^2/nu = 0.574 

-----------------------------------------------------------------------------
-----------------------------------------------------------------------------

Input image     : ./stamps/JADES-6384_F115W_sci.2as.fits[1:98,1:98] 
Init. par. file : JADES-6384.F115W_single.run.galfit 
Restart file    : galfit.04 
Output image    : ./JADES-6384.F115W_single.fit.fits 

 sersic    : (   53.42,    48.93)   28.90      2.77    0.20    0.35    68.03
             (    8.10,     2.81)  103.32      7.64    6.35    1.71   113.77
 sersic    : (   53.26,    48.98)   28.94      2.98   *0.05*   0.40    67.01
             (    7.69,     2.33)  106.45    198.70  *10.94*   2.27   108.85
 Chi^2 = 5484.18298,  ndof = 9550
 Chi^2/nu = 0.574 

-----------------------------------------------------------------------------
