-----------------------------------------------------------------------------

Input image     : ./stamps/JADES-19606_F115W_sci.2as.fits[1:98,1:98] 
Init. par. file : JADES-19606.F115W_single.run.galfit 
Restart file    : galfit.01 
Output image    : ./JADES-19606.F115W_single.fit.fits 

 sersic    : (   50.88,    47.32)   27.66      3.15    0.20    0.48   -56.66
             (    0.07,     0.05)    0.02      0.09    0.08    0.02     2.17
 Chi^2 = 4038.48957,  ndof = 9433
 Chi^2/nu = 0.428 

-----------------------------------------------------------------------------
-----------------------------------------------------------------------------

Input image     : ./stamps/JADES-19606_F115W_sci.2as.fits[1:98,1:98] 
Init. par. file : JADES-19606.F115W_single.run.galfit 
Restart file    : galfit.02 
Output image    : ./JADES-19606.F115W_single.fit.fits 

 sersic    : (   50.64,    47.08)   27.79      2.78    0.20    0.52   -61.90
             (     nan,      nan)     nan       nan     nan     nan      nan
 sersic    : (   54.71,    52.53)   28.03     *0.02*   1.53    0.32    51.75
             (     nan,      nan)     nan      *nan*    nan     nan      nan
 Chi^2 = 4031.96784,  ndof = 9426
 Chi^2/nu = 0.428 

-----------------------------------------------------------------------------
-----------------------------------------------------------------------------

Input image     : ./stamps/JADES-19606_F115W_sci.2as.fits[1:98,1:98] 
Init. par. file : JADES-19606.F115W_single.run.galfit 
Restart file    : galfit.03 
Output image    : ./JADES-19606.F115W_single.fit.fits 

 sersic    : (   50.25,    46.96)   27.88      2.39    0.31    0.62   -55.88
             (    0.15,     0.05)    0.07      0.10    0.11    0.04     8.37
 sersic    : (   54.75,    52.05)   28.35      4.16    0.28   *0.04*  -16.41
             (    0.53,     1.01)    0.40      1.58    0.75   *0.09*   24.15
 Chi^2 = 4027.67119,  ndof = 9426
 Chi^2/nu = 0.427 

-----------------------------------------------------------------------------
-----------------------------------------------------------------------------

Input image     : ./stamps/JADES-19606_F115W_sci.2as.fits[1:98,1:98] 
Init. par. file : JADES-19606.F115W_single.run.galfit 
Restart file    : galfit.04 
Output image    : ./JADES-19606.F115W_single.fit.fits 

 sersic    : (   50.08,    47.33)   27.95      2.77    3.42    0.93     5.25
             (     nan,      nan)     nan       nan     nan     nan      nan
 sersic    : (   54.48,    52.46)   28.77     *0.01*   0.59    0.52   -62.00
             (     nan,      nan)     nan      *nan*    nan     nan      nan
 Chi^2 = 4293.64987,  ndof = 9426
 Chi^2/nu = 0.456 

-----------------------------------------------------------------------------
-----------------------------------------------------------------------------

Input image     : ./stamps/JADES-19606_F115W_sci.2as.fits[1:98,1:98] 
Init. par. file : JADES-19606.F115W_single.run.galfit 
Restart file    : galfit.05 
Output image    : ./JADES-19606.F115W_single.fit.fits 

 sersic    : (   50.25,    46.96)   27.88      2.39    0.31    0.62   -55.88
             (    0.15,     0.05)    0.07      0.10    0.11    0.04     8.37
 sersic    : (   54.75,    52.05)   28.35      4.16    0.28   *0.04*  -16.41
             (    0.53,     1.01)    0.40      1.58    0.75   *0.09*   24.15
 Chi^2 = 4027.67119,  ndof = 9426
 Chi^2/nu = 0.427 

-----------------------------------------------------------------------------
-----------------------------------------------------------------------------

Input image     : ./stamps/JADES-19606_F115W_sci.2as.fits[1:98,1:98] 
Init. par. file : JADES-19606.F115W_single.run.galfit 
Restart file    : galfit.06 
Output image    : ./JADES-19606.F115W_single.fit.fits 

 sersic    : (   49.92,    46.85)   28.05      2.08    0.27    0.71   -48.47
             (    0.22,     0.07)    0.11      0.11    0.18    0.04    14.46
 sersic    : (   54.81,    52.35)   28.00      5.49   *0.05*   0.12   -21.64
             (    0.24,     0.34)    0.15      8.37   *0.16*   0.05     2.40
 Chi^2 = 4022.84594,  ndof = 9426
 Chi^2/nu = 0.427 

-----------------------------------------------------------------------------
-----------------------------------------------------------------------------

Input image     : ./stamps/JADES-19606_F115W_sci.2as.fits[1:98,1:98] 
Init. par. file : JADES-19606.F115W_single.run.galfit 
Restart file    : galfit.07 
Output image    : ./JADES-19606.F115W_single.fit.fits 

 sersic    : (   50.33,    46.93)   27.84      2.09    1.16    0.91   -84.00
             (     nan,      nan)     nan       nan     nan     nan      nan
 sersic    : (   55.00,    53.26)   27.64     *0.01*   3.21    0.30    77.00
             (     nan,      nan)     nan      *nan*    nan     nan      nan
 Chi^2 = 4139.47441,  ndof = 9426
 Chi^2/nu = 0.439 

-----------------------------------------------------------------------------
-----------------------------------------------------------------------------

Input image     : ./stamps/JADES-19606_F115W_sci.2as.fits[1:98,1:98] 
Init. par. file : JADES-19606.F115W_single.run.galfit 
Restart file    : galfit.08 
Output image    : ./JADES-19606.F115W_single.fit.fits 

 sersic    : (   50.22,    46.92)   27.94      2.33    0.20    0.66   -58.90
             (    0.12,     0.05)    0.05      0.09    0.10    0.04     7.59
 sersic    : (   55.00,    53.43)   27.98      4.26    0.50   *0.05*  -14.84
             (    0.14,     0.56)    0.14      1.15    0.58   *0.10*    3.51
 Chi^2 = 4027.74000,  ndof = 9426
 Chi^2/nu = 0.427 

-----------------------------------------------------------------------------
-----------------------------------------------------------------------------

Input image     : ./stamps/JADES-19606_F115W_sci.2as.fits[1:98,1:98] 
Init. par. file : JADES-19606.F115W_single.run.galfit 
Restart file    : galfit.09 
Output image    : ./JADES-19606.F115W_single.fit.fits 

 sersic    : (   50.38,    46.96)   27.89      2.45    0.20    0.61   -63.17
             (    0.10,     0.06)    0.04      0.11    0.14    0.04     4.14
 sersic    : (   55.02,    52.46)   27.88      1.87    1.74   *0.04*  -23.17
             (    0.36,     1.03)    0.47      0.85    1.97   *0.13*   11.19
 Chi^2 = 4027.52775,  ndof = 9426
 Chi^2/nu = 0.427 

-----------------------------------------------------------------------------
-----------------------------------------------------------------------------

Input image     : ./stamps/JADES-19606_F115W_sci.2as.fits[1:98,1:98] 
Init. par. file : JADES-19606.F115W_single.run.galfit 
Restart file    : galfit.10 
Output image    : ./JADES-19606.F115W_single.fit.fits 

 sersic    : (   50.59,    47.05)   27.80      2.67    0.20    0.55   -62.40
             (    0.07,     0.06)    0.05      0.07    0.11    0.03     3.54
 sersic    : (   54.84,    52.02)   28.43      0.69    2.27    0.98   [45.00]
             (    0.59,     0.93)    0.38      0.68    6.95    0.96    [0.00]
 Chi^2 = 4030.52624,  ndof = 9427
 Chi^2/nu = 0.428 

-----------------------------------------------------------------------------
-----------------------------------------------------------------------------

Input image     : ./stamps/JADES-19606_F115W_sci.2as.fits[1:98,1:98] 
Init. par. file : JADES-19606.F115W_single.run.galfit 
Restart file    : galfit.11 
Output image    : ./JADES-19606.F115W_single.fit.fits 

 sersic    : (   50.47,    47.02)   27.82      2.02    0.34    0.90   -52.89
             (    0.05,     0.05)    0.03      0.07    0.11    0.05    18.98
 sersic    : (   54.57,    52.98)   27.32     15.44  *19.90*   1.00   [45.00]
             (    0.49,     0.61)    2.36    102.66  *85.57*   0.38    [0.00]
 Chi^2 = 4091.97484,  ndof = 9427
 Chi^2/nu = 0.434 

-----------------------------------------------------------------------------
-----------------------------------------------------------------------------

Input image     : ./stamps/JADES-19606_F115W_sci.2as.fits[1:98,1:98] 
Init. par. file : JADES-19606.F115W_single.run.galfit 
Restart file    : galfit.12 
Output image    : ./JADES-19606.F115W_single.fit.fits 

 sersic    : (   49.90,    46.56)   28.27      1.61    0.20    0.90    80.47
             (    0.16,     0.11)    0.18      0.08    0.25    0.08    47.97
 sersic    : (   53.12,    49.26)   28.32      2.16    1.18    0.97   [45.00]
             (    0.26,     0.25)    0.20      0.16    0.39    0.36    [0.00]
 Chi^2 = 4045.28087,  ndof = 9427
 Chi^2/nu = 0.429 

-----------------------------------------------------------------------------
-----------------------------------------------------------------------------

Input image     : ./stamps/JADES-19606_F115W_sci.2as.fits[1:98,1:98] 
Init. par. file : JADES-19606.F115W_single.run.galfit 
Restart file    : galfit.13 
Output image    : ./JADES-19606.F115W_single.fit.fits 

 sersic    : (   50.49,    47.02)   28.56     *0.02*   7.74    0.31   -44.87
             (    0.88,     0.92)   19.85     *1.87* 327.42    5.73   191.28
 sersic    : (   54.69,    52.68)   26.45     *0.01* *10.12*   1.00   [45.00]
             (    1.41,     2.22)   15.21     *0.56* *181.35*   4.53    [0.00]
 Chi^2 = 4329.94798,  ndof = 9427
 Chi^2/nu = 0.459 

-----------------------------------------------------------------------------
-----------------------------------------------------------------------------

Input image     : ./stamps/JADES-19606_F115W_sci.2as.fits[1:98,1:98] 
Init. par. file : JADES-19606.F115W_single.run.galfit 
Restart file    : galfit.14 
Output image    : ./JADES-19606.F115W_single.fit.fits 

 sersic    : (   50.60,    47.05)   27.79      2.73    0.20    0.54   -62.27
             (    0.11,     0.09)    0.05      0.12    0.11    0.03     3.79
 sersic    : (   54.68,    51.87)   28.79      1.50    0.38    0.85   [45.00]
             (    0.79,     0.60)    0.42      1.19    1.96    0.72    [0.00]
 Chi^2 = 4029.97892,  ndof = 9427
 Chi^2/nu = 0.427 

-----------------------------------------------------------------------------
-----------------------------------------------------------------------------

Input image     : ./stamps/JADES-19606_F115W_sci.2as.fits[1:98,1:98] 
Init. par. file : JADES-19606.F115W_single.run.galfit 
Restart file    : galfit.15 
Output image    : ./JADES-19606.F115W_single.fit.fits 

 sersic    : (   48.04,    46.45)   28.40     *0.01*   8.00    0.24    18.40
             (    6.60,     1.52)   59.71     *1.53* 365.05   14.24   670.61
 sersic    : (   54.99,    54.24)   26.76      5.60    3.80    1.00   [45.00]
             (    0.06,     0.06)    0.08      0.87    0.50    0.06    [0.00]
 Chi^2 = 5152.51515,  ndof = 9591
 Chi^2/nu = 0.537 

-----------------------------------------------------------------------------
-----------------------------------------------------------------------------

Input image     : ./stamps/JADES-19606_F115W_sci.2as.fits[1:98,1:98] 
Init. par. file : JADES-19606.F115W_single.run.galfit 
Restart file    : galfit.16 
Output image    : ./JADES-19606.F115W_single.fit.fits 

 sersic    : (   50.88,    47.20)   27.90      2.59    0.20    0.55   -58.57
             (    0.05,     0.05)    0.03      0.06    0.10    0.03     3.41
 sersic    : (   55.04,    54.59)   27.67      2.43    0.40    0.48     0.14
             (    0.04,     0.05)    0.02      0.06    0.09    0.02     2.36
 sersic    : (   43.69,    44.45)   28.49      2.55    1.77    0.55   -59.05
             (    0.13,     0.10)    0.11      0.43    0.79    0.10    10.45
 Chi^2 = 4177.85371,  ndof = 9583
 Chi^2/nu = 0.436 

-----------------------------------------------------------------------------
