-----------------------------------------------------------------------------

Input image     : ./stamps/JADES-4404_F115W_sci.2as.fits[1:98,1:98] 
Init. par. file : JADES-4404.F115W_single.run.galfit 
Restart file    : galfit.01 
Output image    : ./JADES-4404.F115W_single.fit.fits 

 sersic    : (   49.83,    50.26)   26.57      2.48    0.39    0.74    69.11
             (    0.04,     0.03)    0.01      0.05    0.06    0.02     3.36
 Chi^2 = 3910.34383,  ndof = 9391
 Chi^2/nu = 0.416 

-----------------------------------------------------------------------------
-----------------------------------------------------------------------------

Input image     : ./stamps/JADES-4404_F115W_sci.2as.fits[1:98,1:98] 
Init. par. file : JADES-4404.F115W_single.run.galfit 
Restart file    : galfit.02 
Output image    : ./JADES-4404.F115W_single.fit.fits 

 sersic    : (   49.83,    50.26)   26.57      2.48    0.39    0.74    69.11
             (    0.04,     0.03)    0.01      0.05    0.06    0.02     3.36
 Chi^2 = 3910.34383,  ndof = 9391
 Chi^2/nu = 0.416 

-----------------------------------------------------------------------------
