-----------------------------------------------------------------------------

Input image     : ./stamps/JADES-10004819_F115W_sci.2as.fits[1:98,1:98] 
Init. par. file : JADES-10004819.F115W_single.run.galfit 
Restart file    : galfit.01 
Output image    : ./JADES-10004819.F115W_single.fit.fits 

 sersic    : (   49.49,    50.86)   28.16      1.13    1.07    0.20   -54.61
             (    0.04,     0.04)    0.02      0.09    0.58    0.17     4.25
 Chi^2 = 3723.40751,  ndof = 9000
 Chi^2/nu = 0.414 

-----------------------------------------------------------------------------
-----------------------------------------------------------------------------

Input image     : ./stamps/JADES-10004819_F115W_sci.2as.fits[1:98,1:98] 
Init. par. file : JADES-10004819.F115W_single.run.galfit 
Restart file    : galfit.02 
Output image    : ./JADES-10004819.F115W_single.fit.fits 

 sersic    : (   49.48,    50.84)   28.24      0.62    2.97   *0.04*  -41.59
             (    0.10,     0.99)    0.34      0.25    4.08   *0.17*   20.88
 sersic    : (    8.11,    60.00)   25.40      9.30    5.07    0.23    87.86
             (    0.03,     0.02)    0.05      0.88    0.35    0.01     0.60
 sersic    : (   44.56,    40.01)   28.18      4.06    0.51    0.48    62.43
             (    0.27,     0.16)    0.06      0.35    0.22    0.06     6.07
 Chi^2 = 9005.58999,  ndof = 9583
 Chi^2/nu = 0.940 

-----------------------------------------------------------------------------
-----------------------------------------------------------------------------

Input image     : ./stamps/JADES-10004819_F115W_sci.2as.fits[1:98,1:98] 
Init. par. file : JADES-10004819.F115W_single.run.galfit 
Restart file    : galfit.03 
Output image    : ./JADES-10004819.F115W_single.fit.fits 

 sersic    : (   48.68,    50.60)   27.97      1.06    1.81    0.17   -54.34
             (    0.04,     0.05)    0.03      0.07    0.82    0.14     4.07
 sersic    : (    9.19,    60.75)   26.20      8.49    1.32    0.16    80.51
             (    0.09,     0.03)    0.06      0.30    0.07    0.01     0.50
 sersic    : (    7.66,    59.42)   26.20      6.49  *17.06*  *0.07*  -82.78
             (    0.04,     0.05)    0.19      3.50   *6.06*  *0.02*    0.91
 sersic    : (   44.23,    40.33)   28.09      3.19    1.10    0.95    72.66
             (    0.12,     0.12)    0.07      0.36    0.25    0.08    83.14
 sersic    : (   16.79,    87.69)   27.17      1.77    0.70    0.76   -39.06
             (    0.02,     0.03)    0.01      0.05    0.12    0.03     5.18
 Chi^2 = 4911.64097,  ndof = 9569
 Chi^2/nu = 0.513 

-----------------------------------------------------------------------------
