-----------------------------------------------------------------------------

Input image     : JADES-2923_F115W_sci.2as.fits[1:100,1:100] 
Init. par. file : sample_param.galfit 
Restart file    : galfit.01 
Output image    : JADES-2923_F115W_fit.fits 

 sersic    : (   49.57,    50.17)   28.03      5.49    0.21    0.39   -81.84
             (    0.79,     0.53)    0.19      1.05    0.23    0.12     8.94
 sky       : [ 50.50,  50.50]  -1.71e-03  [0.00e+00]  [0.00e+00]
                                3.76e-05  [0.00e+00]  [0.00e+00]
 Chi^2 = 5621.81716,  ndof = 9706
 Chi^2/nu = 0.579 

-----------------------------------------------------------------------------
-----------------------------------------------------------------------------

Input image     : JADES-2923_F115W_sci.2as.fits[1:100,1:100] 
Init. par. file : sample_param.galfit 
Restart file    : galfit.02 
Output image    : JADES-2923_F115W_fit.fits 

 sersic    : (   49.57,    50.17)   28.03      5.49    0.21    0.39   -81.84
             (    0.79,     0.53)    0.19      1.05    0.23    0.12     8.94
 sky       : [ 50.50,  50.50]  -1.71e-03  [0.00e+00]  [0.00e+00]
                                3.76e-05  [0.00e+00]  [0.00e+00]
 Chi^2 = 5621.81716,  ndof = 9706
 Chi^2/nu = 0.579 

-----------------------------------------------------------------------------
-----------------------------------------------------------------------------

Input image     : JADES-2923_F115W_sci.2as.fits[1:100,1:100] 
Init. par. file : sample_param.galfit 
Restart file    : galfit.03 
Output image    : JADES-2923_F115W_fit.fits 

 sersic    : (   49.57,    50.17)   28.03      5.49    0.21    0.39   -81.84
             (    0.79,     0.53)    0.19      1.05    0.23    0.12     8.94
 sky       : [ 50.50,  50.50]  -1.71e-03  [0.00e+00]  [0.00e+00]
                                3.76e-05  [0.00e+00]  [0.00e+00]
 Chi^2 = 5621.81716,  ndof = 9706
 Chi^2/nu = 0.579 

-----------------------------------------------------------------------------
