-----------------------------------------------------------------------------

Input image     : JADES-4404_F115W_sci.2as.fits[1:100,1:100] 
Init. par. file : sample_param.galfit 
Restart file    : galfit.01 
Output image    : JADES-4404_F115W_fit.fits 

 sersic    : (  [50.00],  [50.00])  [0.18]    [3.00]  [4.00]  [1.00]   [0.00]
             (   [0.00],   [0.00])  [0.00]    [0.00]  [0.00]  [0.00]   [0.00]
 sky       : [ 50.50,  50.50]  -10251916.00  [0.00e+00]  [0.00e+00]
                                243930.08  [0.00e+00]  [0.00e+00]
 Chi^2 = 269272724576093027172352.00000,  ndof = 9793
 Chi^2/nu = 27496448950892781568.000 

-----------------------------------------------------------------------------
-----------------------------------------------------------------------------

Input image     : JADES-4404_F115W_sci.2as.fits[1:100,1:100] 
Init. par. file : sample_param.galfit 
Restart file    : galfit.02 
Output image    : JADES-4404_F115W_fit.fits 

 sersic    : (  [50.00],  [50.00])  [0.18]    [3.00]  [4.00]  [1.00]   [0.00]
             (   [0.00],   [0.00])  [0.00]    [0.00]  [0.00]  [0.00]   [0.00]
 sky       : [ 50.50,  50.50]  -10251916.00  [0.00e+00]  [0.00e+00]
                                243930.08  [0.00e+00]  [0.00e+00]
 Chi^2 = 269272724576093027172352.00000,  ndof = 9793
 Chi^2/nu = 27496448950892781568.000 

-----------------------------------------------------------------------------
-----------------------------------------------------------------------------

Input image     : JADES-4404_F115W_sci.2as.fits[1:100,1:100] 
Init. par. file : sample_param.galfit 
Restart file    : galfit.03 
Output image    : JADES-4404_F115W_fit.fits 

 sersic    : (  [50.00],  [50.00])  [0.18]    [3.00]  [4.00]  [1.00]   [0.00]
             (   [0.00],   [0.00])  [0.00]    [0.00]  [0.00]  [0.00]   [0.00]
 sky       : [ 50.50,  50.50]  -10251916.00  [0.00e+00]  [0.00e+00]
                                243930.08  [0.00e+00]  [0.00e+00]
 Chi^2 = 269272724576093027172352.00000,  ndof = 9793
 Chi^2/nu = 27496448950892781568.000 

-----------------------------------------------------------------------------
-----------------------------------------------------------------------------

Input image     : JADES-4404_F115W_sci.2as.fits[1:100,1:100] 
Init. par. file : sample_param.galfit 
Restart file    : galfit.04 
Output image    : JADES-4404_F115W_fit.fits 

 sersic    : (   49.77,    50.18)   27.57      2.55    0.31    0.67    69.38
             (    0.38,     0.40)    0.15      0.63    0.56    0.20    30.69
 sky       : [ 50.50,  50.50]  -1.40e-03  [0.00e+00]  [0.00e+00]
                                3.61e-05  [0.00e+00]  [0.00e+00]
 Chi^2 = 5889.73164,  ndof = 9786
 Chi^2/nu = 0.602 

-----------------------------------------------------------------------------
