-----------------------------------------------------------------------------

Input image     : ./stamps/JADES-20313_F115W_sci.2as.fits[1:98,1:98] 
Init. par. file : JADES-20313.F115W_single.run.galfit 
Restart file    : galfit.01 
Output image    : ./JADES-20313.F115W_single.fit.fits 

 sersic    : (   52.06,    47.66)   27.32      4.32    0.38    0.26    34.26
             (    0.08,     0.11)    0.03      0.16    0.10    0.02     1.43
 Chi^2 = 3893.65450,  ndof = 9200
 Chi^2/nu = 0.423 

-----------------------------------------------------------------------------
-----------------------------------------------------------------------------

Input image     : ./stamps/JADES-20313_F115W_sci.2as.fits[1:98,1:98] 
Init. par. file : JADES-20313.F115W_single.run.galfit 
Restart file    : galfit.02 
Output image    : ./JADES-20313.F115W_single.fit.fits 

 sersic    : (   52.06,    47.66)   27.32      4.32    0.38    0.26    34.26
             (    0.08,     0.11)    0.03      0.16    0.10    0.02     1.43
 Chi^2 = 3893.65450,  ndof = 9200
 Chi^2/nu = 0.423 

-----------------------------------------------------------------------------
-----------------------------------------------------------------------------

Input image     : ./stamps/JADES-20313_F115W_sci.2as.fits[1:98,1:98] 
Init. par. file : JADES-20313.F115W_single.run.galfit 
Restart file    : galfit.03 
Output image    : ./JADES-20313.F115W_single.fit.fits 

 sersic    : (   52.07,    47.66)   27.34      4.24    0.32    0.26    33.80
             (    0.07,     0.11)    0.03      0.15    0.10    0.02     1.43
 sky       : [ 49.50,  49.50]  7.00e-05  [0.00e+00]  [0.00e+00]
                                3.85e-05  [0.00e+00]  [0.00e+00]
 Chi^2 = 3892.36668,  ndof = 9199
 Chi^2/nu = 0.423 

-----------------------------------------------------------------------------
-----------------------------------------------------------------------------

Input image     : ./stamps/JADES-20313_F115W_sci.2as.fits[1:98,1:98] 
Init. par. file : JADES-20313.F115W_single.run.galfit 
Restart file    : galfit.04 
Output image    : ./JADES-20313.F115W_single.fit.fits 

 sersic    : (   48.73,    50.42)   27.98      6.75    0.20    0.17    41.48
             (    0.66,     0.74)    0.13      0.77    0.15    0.02     2.87
 sersic    : (   52.75,    47.31)   27.89      3.97   *0.04*   0.18    21.13
             (    0.10,     0.25)    0.11     12.11   *0.29*   0.05     2.33
 sky       : [ 49.50,  49.50]  4.38e-05  [0.00e+00]  [0.00e+00]
                                3.82e-05  [0.00e+00]  [0.00e+00]
 Chi^2 = 3832.90715,  ndof = 9192
 Chi^2/nu = 0.417 

-----------------------------------------------------------------------------
-----------------------------------------------------------------------------

Input image     : ./stamps/JADES-20313_F115W_sci.2as.fits[1:98,1:98] 
Init. par. file : JADES-20313.F115W_single.run.galfit 
Restart file    : galfit.05 
Output image    : ./JADES-20313.F115W_single.fit.fits 

 sersic    : (   48.73,    50.42)   27.98      6.75    0.20    0.17    41.48
             (    0.66,     0.74)    0.13      0.77    0.15    0.02     2.87
 sersic    : (   52.75,    47.31)   27.89      3.97   *0.04*   0.18    21.13
             (    0.10,     0.25)    0.11     12.11   *0.29*   0.05     2.33
 sky       : [ 49.50,  49.50]  4.38e-05  [0.00e+00]  [0.00e+00]
                                3.82e-05  [0.00e+00]  [0.00e+00]
 Chi^2 = 3832.90715,  ndof = 9192
 Chi^2/nu = 0.417 

-----------------------------------------------------------------------------
