-----------------------------------------------------------------------------

Input image     : ./stamps/JADES-10016186_F115W_sci.2as.fits[1:98,1:98] 
Init. par. file : JADES-10016186.F115W_single.run.galfit 
Restart file    : galfit.01 
Output image    : ./JADES-10016186.F115W_single.fit.fits 

 sersic    : (   47.29,    50.02)   25.00     13.60    3.75    0.26   -73.78
             (    0.06,     0.03)    0.05      1.36    0.28    0.01     0.77
 Chi^2 = 13553.08210,  ndof = 9511
 Chi^2/nu = 1.425 

-----------------------------------------------------------------------------
-----------------------------------------------------------------------------

Input image     : ./stamps/JADES-10016186_F115W_sci.2as.fits[1:98,1:98] 
Init. par. file : JADES-10016186.F115W_single.run.galfit 
Restart file    : galfit.02 
Output image    : ./JADES-10016186.F115W_single.fit.fits 

 sersic    : (   46.52,    49.91)   26.22      1.95    5.53    0.31   -72.52
             (    0.02,     0.02)    0.07      0.24    0.81    0.02     1.69
 sersic    : (   53.35,    51.45)   25.99      8.20    2.88    0.31   -53.85
             (    0.05,     0.04)    0.05      0.56    0.19    0.01     0.95
 sersic    : (*-100.13*, *158.03*)  22.09    154.05    1.28   *0.05*   58.68
             (  *57.42*,  *34.93*)   0.74      9.13    0.39   *0.01*    0.16
 Chi^2 = 4645.69844,  ndof = 9497
 Chi^2/nu = 0.489 

-----------------------------------------------------------------------------
