-----------------------------------------------------------------------------

Input image     : ./stamps/JADES-19519_F115W_sci.2as.fits[1:98,1:98] 
Init. par. file : JADES-19519.F115W_single.run.galfit 
Restart file    : galfit.01 
Output image    : ./JADES-19519.F115W_single.fit.fits 

 sersic    : (   50.58,    50.37)   26.59     *0.01*   8.00   *0.09*   62.08
             (    6.84,     1.79)   84.55     *1.96* 468.35  *12.62*  239.02
 Chi^2 = 5094.41572,  ndof = 9551
 Chi^2/nu = 0.533 

-----------------------------------------------------------------------------
-----------------------------------------------------------------------------

Input image     : ./stamps/JADES-19519_F115W_sci.2as.fits[1:98,1:98] 
Init. par. file : JADES-19519.F115W_single.run.galfit 
Restart file    : galfit.02 
Output image    : ./JADES-19519.F115W_single.fit.fits 

 sersic    : (   50.58,    50.37)   26.59     *0.01*   8.00   *0.09*   62.08
             (    6.84,     1.79)   84.55     *1.96* 468.35  *12.62*  239.02
 Chi^2 = 5094.41572,  ndof = 9551
 Chi^2/nu = 0.533 

-----------------------------------------------------------------------------
-----------------------------------------------------------------------------

Input image     : ./stamps/JADES-19519_F115W_sci.2as.fits[1:98,1:98] 
Init. par. file : JADES-19519.F115W_single.run.galfit 
Restart file    : galfit.03 
Output image    : ./JADES-19519.F115W_single.fit.fits 

 sersic    : (   49.92,    49.74)   25.51     18.80    8.00    0.56    80.76
             (    0.04,     0.04)    0.13      5.81    1.11    0.03     2.72
 Chi^2 = 3952.84880,  ndof = 9551
 Chi^2/nu = 0.414 

-----------------------------------------------------------------------------
-----------------------------------------------------------------------------

Input image     : ./stamps/JADES-19519_F115W_sci.2as.fits[1:98,1:98] 
Init. par. file : JADES-19519.F115W_single.run.galfit 
Restart file    : galfit.04 
Output image    : ./JADES-19519.F115W_single.fit.fits 

 sersic    : (   49.93,    49.74)   25.63     15.13    8.00    0.54    79.49
             (    0.04,     0.04)    0.12      4.47    1.14    0.03     2.57
 Chi^2 = 3950.11318,  ndof = 9551
 Chi^2/nu = 0.414 

-----------------------------------------------------------------------------
-----------------------------------------------------------------------------

Input image     : ./stamps/JADES-19519_F115W_sci.2as.fits[1:98,1:98] 
Init. par. file : JADES-19519.F115W_single.run.galfit 
Restart file    : galfit.05 
Output image    : ./JADES-19519.F115W_single.fit.fits 

 sersic    : (   49.92,    49.74)   25.36     23.55    8.00    0.60    81.84
             (    0.05,     0.04)    0.14      7.57    1.07    0.03     2.93
 Chi^2 = 3961.85732,  ndof = 9551
 Chi^2/nu = 0.415 

-----------------------------------------------------------------------------
-----------------------------------------------------------------------------

Input image     : ./stamps/JADES-19519_F115W_sci.2as.fits[1:98,1:98] 
Init. par. file : JADES-19519.F115W_single.run.galfit 
Restart file    : galfit.06 
Output image    : ./JADES-19519.F115W_single.fit.fits 

 sersic    : (   50.09,    49.61)   26.76     *0.01*   8.00    0.20   -69.60
             (    0.47,     2.06)   17.99     *0.47* 105.71    5.43   191.08
 Chi^2 = 4687.83050,  ndof = 9551
 Chi^2/nu = 0.491 

-----------------------------------------------------------------------------
-----------------------------------------------------------------------------

Input image     : ./stamps/JADES-19519_F115W_sci.2as.fits[1:98,1:98] 
Init. par. file : JADES-19519.F115W_single.run.galfit 
Restart file    : galfit.07 
Output image    : ./JADES-19519.F115W_single.fit.fits 

 sersic    : (   49.93,    49.74)   25.63     15.13    8.00    0.54    79.49
             (    0.04,     0.04)    0.12      4.47    1.14    0.03     2.57
 Chi^2 = 3950.11318,  ndof = 9551
 Chi^2/nu = 0.414 

-----------------------------------------------------------------------------
