-----------------------------------------------------------------------------

Input image     : ./stamps/JADES-10000626_F115W_sci.2as.fits[1:98,1:98] 
Init. par. file : JADES-10000626.F115W_single.run.galfit 
Restart file    : galfit.01 
Output image    : ./JADES-10000626.F115W_single.fit.fits 

 sersic    : (   49.21,    50.91)   25.00     68.23    3.29    0.87    14.30
             (    0.19,     0.21)    0.21     19.58    0.42    0.05    12.99
 Chi^2 = 4380.79475,  ndof = 8876
 Chi^2/nu = 0.494 

-----------------------------------------------------------------------------
-----------------------------------------------------------------------------

Input image     : ./stamps/JADES-10000626_F115W_sci.2as.fits[1:98,1:98] 
Init. par. file : JADES-10000626.F115W_single.run.galfit 
Restart file    : galfit.02 
Output image    : ./JADES-10000626.F115W_single.fit.fits 

 sersic    : (   49.21,    50.91)   23.00    680.84    5.92    0.83    17.74
             (    0.16,     0.18)    0.60    557.00    1.08    0.04     8.48
 Chi^2 = 4098.66590,  ndof = 8876
 Chi^2/nu = 0.462 

-----------------------------------------------------------------------------
-----------------------------------------------------------------------------

Input image     : ./stamps/JADES-10000626_F115W_sci.2as.fits[1:98,1:98] 
Init. par. file : JADES-10000626.F115W_single.run.galfit 
Restart file    : galfit.03 
Output image    : ./JADES-10000626.F115W_single.fit.fits 

 sersic    : (   49.21,    50.91)   23.00    671.96    5.87    0.83    17.77
             (    0.16,     0.18)    0.60    545.85    1.07    0.04     8.47
 Chi^2 = 4097.63361,  ndof = 8876
 Chi^2/nu = 0.462 

-----------------------------------------------------------------------------
-----------------------------------------------------------------------------

Input image     : ./stamps/JADES-10000626_F115W_sci.2as.fits[1:98,1:98] 
Init. par. file : JADES-10000626.F115W_single.run.galfit 
Restart file    : galfit.04 
Output image    : ./JADES-10000626.F115W_single.fit.fits 

 sersic    : (   49.22,    50.91)   22.50   1223.84    6.55    0.83    17.91
             (    0.16,     0.18)    0.74   1224.07    1.29    0.04     8.42
 Chi^2 = 4064.49393,  ndof = 8876
 Chi^2/nu = 0.458 

-----------------------------------------------------------------------------
-----------------------------------------------------------------------------

Input image     : ./stamps/JADES-10000626_F115W_sci.2as.fits[1:98,1:98] 
Init. par. file : JADES-10000626.F115W_single.run.galfit 
Restart file    : galfit.05 
Output image    : ./JADES-10000626.F115W_single.fit.fits 

 sersic    : (   49.22,    50.91)   22.00   2179.71    7.18    0.85    17.18
             (    0.15,     0.17)    0.89   2615.67    1.52    0.05     9.78
 Chi^2 = 4037.05078,  ndof = 8876
 Chi^2/nu = 0.455 

-----------------------------------------------------------------------------
-----------------------------------------------------------------------------

Input image     : ./stamps/JADES-10000626_F115W_sci.2as.fits[1:98,1:98] 
Init. par. file : JADES-10000626.F115W_single.run.galfit 
Restart file    : galfit.06 
Output image    : ./JADES-10000626.F115W_single.fit.fits 

 sersic    : (   49.22,    50.98)   26.00     37.38    6.23    0.91    -2.70
             (    0.10,     0.10)    0.25     17.96    1.16    0.07    25.68
 Chi^2 = 4664.23537,  ndof = 8876
 Chi^2/nu = 0.525 

-----------------------------------------------------------------------------
-----------------------------------------------------------------------------

Input image     : ./stamps/JADES-10000626_F115W_sci.2as.fits[1:98,1:98] 
Init. par. file : JADES-10000626.F115W_single.run.galfit 
Restart file    : galfit.07 
Output image    : ./JADES-10000626.F115W_single.fit.fits 

 sersic    : (   49.24,    50.99)   27.00     12.47    5.38    0.84    -4.60
             (    0.10,     0.11)    0.21      5.24    1.26    0.08    18.69
 Chi^2 = 4924.57812,  ndof = 8876
 Chi^2/nu = 0.555 

-----------------------------------------------------------------------------
-----------------------------------------------------------------------------

Input image     : ./stamps/JADES-10000626_F115W_sci.2as.fits[1:98,1:98] 
Init. par. file : JADES-10000626.F115W_single.run.galfit 
Restart file    : galfit.08 
Output image    : ./JADES-10000626.F115W_single.fit.fits 

 sersic    : (   47.25,    59.48)   27.55     *0.01*   2.78   *0.03*  -27.17
             ( 1239.25,  4364.19) 6173.05     *9.31* 1870.02  *34.60* 9805.50
 sky       : [ 49.50,  49.50]  1.44e-03  [0.00e+00]  [0.00e+00]
                                2.17e-05  [0.00e+00]  [0.00e+00]
 Chi^2 = 4137.16867,  ndof = 8875
 Chi^2/nu = 0.466 

-----------------------------------------------------------------------------
-----------------------------------------------------------------------------

Input image     : ./stamps/JADES-10000626_F115W_sci.2as.fits[1:98,1:98] 
Init. par. file : JADES-10000626.F115W_single.run.galfit 
Restart file    : galfit.09 
Output image    : ./JADES-10000626.F115W_single.fit.fits 

 sersic    : (   47.25,    59.48)   27.55     *0.01*   2.78   *0.03*  -27.17
             ( 1239.25,  4364.19) 6173.05     *9.31* 1870.02  *34.60* 9805.50
 sky       : [ 49.50,  49.50]  1.44e-03  [0.00e+00]  [0.00e+00]
                                2.17e-05  [0.00e+00]  [0.00e+00]
 Chi^2 = 4137.16867,  ndof = 8875
 Chi^2/nu = 0.466 

-----------------------------------------------------------------------------
-----------------------------------------------------------------------------

Input image     : ./stamps/JADES-10000626_F115W_sci.2as.fits[1:98,1:98] 
Init. par. file : JADES-10000626.F115W_single.run.galfit 
Restart file    : galfit.10 
Output image    : ./JADES-10000626.F115W_single.fit.fits 

 sersic    : (   49.24,    50.99)   27.00     12.47    5.38    0.84    -4.60
             (    0.10,     0.11)    0.21      5.24    1.26    0.08    18.69
 Chi^2 = 4924.57812,  ndof = 8876
 Chi^2/nu = 0.555 

-----------------------------------------------------------------------------
